#-----------------------------------------------------------
# Vivado v2020.1 (64-bit)
# SW Build 2902540 on Wed May 27 19:54:49 MDT 2020
# IP Build 2902112 on Wed May 27 22:43:36 MDT 2020
# Start of session at: Thu Mar  5 20:01:11 2026
# Process ID: 25848
# Current directory: C:/Users/HP/Desktop/4th Sem/CA/lab_final_6/lab_final_6
# Command line: vivado.exe -gui_launcher_event rodinguilauncherevent27512 C:\Users\HP\Desktop\4th Sem\CA\lab_final_6\lab_final_6\lab_final_6.xpr
# Log file: C:/Users/HP/Desktop/4th Sem/CA/lab_final_6/lab_final_6/vivado.log
# Journal file: C:/Users/HP/Desktop/4th Sem/CA/lab_final_6/lab_final_6\vivado.jou
#-----------------------------------------------------------
start_gui
open_project {C:/Users/HP/Desktop/4th Sem/CA/lab_final_6/lab_final_6/lab_final_6.xpr}
INFO: [Project 1-313] Project file moved from 'C:/Users/ma10020/Desktop/lab_final_6' since last save.
Scanning sources...
Finished scanning sources
INFO: [IP_Flow 19-234] Refreshing IP repositories
INFO: [IP_Flow 19-1704] No user IP repositories specified
INFO: [IP_Flow 19-2313] Loaded Vivado IP repository 'C:/Xilinx/Vivado/2020.1/data/ip'.
open_project: Time (s): cpu = 00:00:14 ; elapsed = 00:00:07 . Memory (MB): peak = 1015.715 ; gain = 0.000
update_compile_order -fileset sources_1
launch_simulation
Command: launch_simulation 
INFO: [Vivado 12-5682] Launching behavioral simulation in 'C:/Users/HP/Desktop/4th Sem/CA/lab_final_6/lab_final_6/lab_final_6.sim/sim_1/behav/xsim'
INFO: [SIM-utils-51] Simulation object is 'sim_1'
INFO: [SIM-utils-54] Inspecting design source files for 'top_ALU' in fileset 'sim_1'...
INFO: [USF-XSim-97] Finding global include files...
INFO: [USF-XSim-98] Fetching design files from 'sim_1'...
INFO: [USF-XSim-2] XSim::Compile design
INFO: [USF-XSim-61] Executing 'COMPILE and ANALYZE' step in 'C:/Users/HP/Desktop/4th Sem/CA/lab_final_6/lab_final_6/lab_final_6.sim/sim_1/behav/xsim'
"xvlog --incr --relax -prj top_ALU_vlog.prj"
INFO: [VRFC 10-2263] Analyzing Verilog file "C:/Users/HP/Desktop/4th Sem/CA/lab_final_6/lab_final_6/lab_final_6.srcs/sources_1/new/alu.v" into library xil_defaultlib
INFO: [VRFC 10-311] analyzing module ALU
INFO: [VRFC 10-2263] Analyzing Verilog file "C:/Users/HP/Desktop/4th Sem/CA/lab_final_6/lab_final_6/lab_final_6.srcs/sources_1/new/toplvl.v" into library xil_defaultlib
INFO: [VRFC 10-311] analyzing module top_ALU
INFO: [VRFC 10-2263] Analyzing Verilog file "C:/Users/HP/Desktop/4th Sem/CA/lab_final_6/lab_final_6/lab_final_6.sim/sim_1/behav/xsim/glbl.v" into library xil_defaultlib
INFO: [VRFC 10-311] analyzing module glbl
INFO: [USF-XSim-69] 'compile' step finished in '4' seconds
INFO: [USF-XSim-3] XSim::Elaborate design
INFO: [USF-XSim-61] Executing 'ELABORATE' step in 'C:/Users/HP/Desktop/4th Sem/CA/lab_final_6/lab_final_6/lab_final_6.sim/sim_1/behav/xsim'
"xelab -wto f701a1750fa44391a423c009f34130ba --incr --debug typical --relax --mt 2 -L xil_defaultlib -L unisims_ver -L unimacro_ver -L secureip --snapshot top_ALU_behav xil_defaultlib.top_ALU xil_defaultlib.glbl -log elaborate.log"
Vivado Simulator 2020.1
Copyright 1986-1999, 2001-2020 Xilinx, Inc. All Rights Reserved.
Running: C:/Xilinx/Vivado/2020.1/bin/unwrapped/win64.o/xelab.exe -wto f701a1750fa44391a423c009f34130ba --incr --debug typical --relax --mt 2 -L xil_defaultlib -L unisims_ver -L unimacro_ver -L secureip --snapshot top_ALU_behav xil_defaultlib.top_ALU xil_defaultlib.glbl -log elaborate.log 
Using 2 slave threads.
Starting static elaboration
Pass Through NonSizing Optimizer
Completed static elaboration
Starting simulation data flow analysis
Completed simulation data flow analysis
Time Resolution for simulation is 1ps
Compiling module xil_defaultlib.ALU
Compiling module xil_defaultlib.top_ALU
Compiling module xil_defaultlib.glbl
Built simulation snapshot top_ALU_behav

****** Webtalk v2020.1 (64-bit)
  **** SW Build 2902540 on Wed May 27 19:54:49 MDT 2020
  **** IP Build 2902112 on Wed May 27 22:43:36 MDT 2020
    ** Copyright 1986-2020 Xilinx, Inc. All Rights Reserved.

source C:/Users/HP/Desktop/4th -notrace
couldn't read file "C:/Users/HP/Desktop/4th": no such file or directory
INFO: [Common 17-206] Exiting Webtalk at Thu Mar  5 20:16:36 2026...
run_program: Time (s): cpu = 00:00:00 ; elapsed = 00:00:05 . Memory (MB): peak = 1015.715 ; gain = 0.000
INFO: [USF-XSim-69] 'elaborate' step finished in '5' seconds
INFO: [USF-XSim-4] XSim::Simulate design
INFO: [USF-XSim-61] Executing 'SIMULATE' step in 'C:/Users/HP/Desktop/4th Sem/CA/lab_final_6/lab_final_6/lab_final_6.sim/sim_1/behav/xsim'
INFO: [USF-XSim-98] *** Running xsim
   with args "top_ALU_behav -key {Behavioral:sim_1:Functional:top_ALU} -tclbatch {top_ALU.tcl} -log {simulate.log}"
INFO: [USF-XSim-8] Loading simulator feature
Vivado Simulator 2020.1
Time resolution is 1 ps
source top_ALU.tcl
# set curr_wave [current_wave_config]
# if { [string length $curr_wave] == 0 } {
#   if { [llength [get_objects]] > 0} {
#     add_wave /
#     set_property needs_save false [current_wave_config]
#   } else {
#      send_msg_id Add_Wave-1 WARNING "No top level signals found. Simulator will start without a wave window. If you want to open a wave window go to 'File->New Waveform Configuration' or type 'create_wave_config' in the TCL console."
#   }
# }
# run 1000ns
INFO: [USF-XSim-96] XSim completed. Design snapshot 'top_ALU_behav' loaded.
INFO: [USF-XSim-97] XSim simulation ran for 1000ns
launch_simulation: Time (s): cpu = 00:00:07 ; elapsed = 00:00:13 . Memory (MB): peak = 1015.715 ; gain = 0.000
set_property top ALU_tb [get_filesets sim_1]
set_property top_lib xil_defaultlib [get_filesets sim_1]
update_compile_order -fileset sim_1
launch_simulation
Command: launch_simulation 
boost::filesystem::remove: The process cannot access the file because it is being used by another process: "C:/Users/HP/Desktop/4th Sem/CA/lab_final_6/lab_final_6/lab_final_6.sim/sim_1/behav/xsim/simulate.log"
close_sim
INFO: [Simtcl 6-16] Simulation closed
launch_simulation
Command: launch_simulation 
INFO: [Vivado 12-5682] Launching behavioral simulation in 'C:/Users/HP/Desktop/4th Sem/CA/lab_final_6/lab_final_6/lab_final_6.sim/sim_1/behav/xsim'
INFO: [SIM-utils-51] Simulation object is 'sim_1'
INFO: [SIM-utils-54] Inspecting design source files for 'ALU_tb' in fileset 'sim_1'...
INFO: [USF-XSim-97] Finding global include files...
INFO: [USF-XSim-98] Fetching design files from 'sim_1'...
INFO: [USF-XSim-2] XSim::Compile design
INFO: [USF-XSim-61] Executing 'COMPILE and ANALYZE' step in 'C:/Users/HP/Desktop/4th Sem/CA/lab_final_6/lab_final_6/lab_final_6.sim/sim_1/behav/xsim'
"xvlog --incr --relax -prj ALU_tb_vlog.prj"
INFO: [VRFC 10-2263] Analyzing Verilog file "C:/Users/HP/Desktop/4th Sem/CA/lab_final_6/lab_final_6/lab_final_6.srcs/sources_1/new/alu.v" into library xil_defaultlib
INFO: [VRFC 10-311] analyzing module ALU
INFO: [VRFC 10-2263] Analyzing Verilog file "C:/Users/HP/Desktop/4th Sem/CA/lab_final_6/lab_final_6/lab_final_6.srcs/sim_1/new/alu_tb.v" into library xil_defaultlib
INFO: [VRFC 10-311] analyzing module ALU_tb
INFO: [USF-XSim-69] 'compile' step finished in '1' seconds
INFO: [USF-XSim-3] XSim::Elaborate design
INFO: [USF-XSim-61] Executing 'ELABORATE' step in 'C:/Users/HP/Desktop/4th Sem/CA/lab_final_6/lab_final_6/lab_final_6.sim/sim_1/behav/xsim'
"xelab -wto f701a1750fa44391a423c009f34130ba --incr --debug typical --relax --mt 2 -L xil_defaultlib -L unisims_ver -L unimacro_ver -L secureip --snapshot ALU_tb_behav xil_defaultlib.ALU_tb xil_defaultlib.glbl -log elaborate.log"
Vivado Simulator 2020.1
Copyright 1986-1999, 2001-2020 Xilinx, Inc. All Rights Reserved.
Running: C:/Xilinx/Vivado/2020.1/bin/unwrapped/win64.o/xelab.exe -wto f701a1750fa44391a423c009f34130ba --incr --debug typical --relax --mt 2 -L xil_defaultlib -L unisims_ver -L unimacro_ver -L secureip --snapshot ALU_tb_behav xil_defaultlib.ALU_tb xil_defaultlib.glbl -log elaborate.log 
Using 2 slave threads.
Starting static elaboration
Pass Through NonSizing Optimizer
Completed static elaboration
Starting simulation data flow analysis
Completed simulation data flow analysis
Time Resolution for simulation is 1ps
Compiling module xil_defaultlib.ALU
Compiling module xil_defaultlib.ALU_tb
Compiling module xil_defaultlib.glbl
Built simulation snapshot ALU_tb_behav

****** Webtalk v2020.1 (64-bit)
  **** SW Build 2902540 on Wed May 27 19:54:49 MDT 2020
  **** IP Build 2902112 on Wed May 27 22:43:36 MDT 2020
    ** Copyright 1986-2020 Xilinx, Inc. All Rights Reserved.

source C:/Users/HP/Desktop/4th -notrace
couldn't read file "C:/Users/HP/Desktop/4th": no such file or directory
INFO: [Common 17-206] Exiting Webtalk at Thu Mar  5 20:17:24 2026...
INFO: [USF-XSim-69] 'elaborate' step finished in '2' seconds
INFO: [USF-XSim-4] XSim::Simulate design
INFO: [USF-XSim-61] Executing 'SIMULATE' step in 'C:/Users/HP/Desktop/4th Sem/CA/lab_final_6/lab_final_6/lab_final_6.sim/sim_1/behav/xsim'
INFO: [USF-XSim-98] *** Running xsim
   with args "ALU_tb_behav -key {Behavioral:sim_1:Functional:ALU_tb} -tclbatch {ALU_tb.tcl} -log {simulate.log}"
INFO: [USF-XSim-8] Loading simulator feature
Vivado Simulator 2020.1
Time resolution is 1 ps
source ALU_tb.tcl
# set curr_wave [current_wave_config]
# if { [string length $curr_wave] == 0 } {
#   if { [llength [get_objects]] > 0} {
#     add_wave /
#     set_property needs_save false [current_wave_config]
#   } else {
#      send_msg_id Add_Wave-1 WARNING "No top level signals found. Simulator will start without a wave window. If you want to open a wave window go to 'File->New Waveform Configuration' or type 'create_wave_config' in the TCL console."
#   }
# }
# run 1000ns
$finish called at time : 80 ns : File "C:/Users/HP/Desktop/4th Sem/CA/lab_final_6/lab_final_6/lab_final_6.srcs/sim_1/new/alu_tb.v" Line 33
INFO: [USF-XSim-96] XSim completed. Design snapshot 'ALU_tb_behav' loaded.
INFO: [USF-XSim-97] XSim simulation ran for 1000ns
launch_simulation: Time (s): cpu = 00:00:04 ; elapsed = 00:00:06 . Memory (MB): peak = 1015.715 ; gain = 0.000
close_sim
INFO: [Simtcl 6-16] Simulation closed
launch_simulation
Command: launch_simulation 
INFO: [Vivado 12-5682] Launching behavioral simulation in 'C:/Users/HP/Desktop/4th Sem/CA/lab_final_6/lab_final_6/lab_final_6.sim/sim_1/behav/xsim'
INFO: [SIM-utils-51] Simulation object is 'sim_1'
INFO: [SIM-utils-54] Inspecting design source files for 'ALU_tb' in fileset 'sim_1'...
INFO: [USF-XSim-97] Finding global include files...
INFO: [USF-XSim-98] Fetching design files from 'sim_1'...
INFO: [USF-XSim-2] XSim::Compile design
INFO: [USF-XSim-61] Executing 'COMPILE and ANALYZE' step in 'C:/Users/HP/Desktop/4th Sem/CA/lab_final_6/lab_final_6/lab_final_6.sim/sim_1/behav/xsim'
"xvlog --incr --relax -prj ALU_tb_vlog.prj"
INFO: [VRFC 10-2263] Analyzing Verilog file "C:/Users/HP/Desktop/4th Sem/CA/lab_final_6/lab_final_6/lab_final_6.srcs/sim_1/new/alu_tb.v" into library xil_defaultlib
INFO: [VRFC 10-311] analyzing module ALU_tb
INFO: [USF-XSim-69] 'compile' step finished in '1' seconds
INFO: [USF-XSim-3] XSim::Elaborate design
INFO: [USF-XSim-61] Executing 'ELABORATE' step in 'C:/Users/HP/Desktop/4th Sem/CA/lab_final_6/lab_final_6/lab_final_6.sim/sim_1/behav/xsim'
"xelab -wto f701a1750fa44391a423c009f34130ba --incr --debug typical --relax --mt 2 -L xil_defaultlib -L unisims_ver -L unimacro_ver -L secureip --snapshot ALU_tb_behav xil_defaultlib.ALU_tb xil_defaultlib.glbl -log elaborate.log"
Vivado Simulator 2020.1
Copyright 1986-1999, 2001-2020 Xilinx, Inc. All Rights Reserved.
Running: C:/Xilinx/Vivado/2020.1/bin/unwrapped/win64.o/xelab.exe -wto f701a1750fa44391a423c009f34130ba --incr --debug typical --relax --mt 2 -L xil_defaultlib -L unisims_ver -L unimacro_ver -L secureip --snapshot ALU_tb_behav xil_defaultlib.ALU_tb xil_defaultlib.glbl -log elaborate.log 
Using 2 slave threads.
Starting static elaboration
Pass Through NonSizing Optimizer
ERROR: [VRFC 10-3180] cannot find port 'ALUResult' on this module [C:/Users/HP/Desktop/4th Sem/CA/lab_final_6/lab_final_6/lab_final_6.srcs/sim_1/new/alu_tb.v:8]
ERROR: [XSIM 43-3322] Static elaboration of top level Verilog design unit(s) in library work failed.
INFO: [USF-XSim-69] 'elaborate' step finished in '1' seconds
INFO: [USF-XSim-99] Step results log file:'C:/Users/HP/Desktop/4th Sem/CA/lab_final_6/lab_final_6/lab_final_6.sim/sim_1/behav/xsim/elaborate.log'
ERROR: [USF-XSim-62] 'elaborate' step failed with error(s). Please check the Tcl console output or 'C:/Users/HP/Desktop/4th Sem/CA/lab_final_6/lab_final_6/lab_final_6.sim/sim_1/behav/xsim/elaborate.log' file for more information.
ERROR: [Vivado 12-4473] Detected error while running simulation. Please correct the issue and retry this operation.
ERROR: [Common 17-39] 'launch_simulation' failed due to earlier errors.
launch_simulation
Command: launch_simulation 
INFO: [Vivado 12-5682] Launching behavioral simulation in 'C:/Users/HP/Desktop/4th Sem/CA/lab_final_6/lab_final_6/lab_final_6.sim/sim_1/behav/xsim'
INFO: [SIM-utils-51] Simulation object is 'sim_1'
INFO: [SIM-utils-54] Inspecting design source files for 'ALU_tb' in fileset 'sim_1'...
INFO: [USF-XSim-97] Finding global include files...
INFO: [USF-XSim-98] Fetching design files from 'sim_1'...
INFO: [USF-XSim-2] XSim::Compile design
INFO: [USF-XSim-61] Executing 'COMPILE and ANALYZE' step in 'C:/Users/HP/Desktop/4th Sem/CA/lab_final_6/lab_final_6/lab_final_6.sim/sim_1/behav/xsim'
"xvlog --incr --relax -prj ALU_tb_vlog.prj"
INFO: [USF-XSim-69] 'compile' step finished in '1' seconds
INFO: [USF-XSim-3] XSim::Elaborate design
INFO: [USF-XSim-61] Executing 'ELABORATE' step in 'C:/Users/HP/Desktop/4th Sem/CA/lab_final_6/lab_final_6/lab_final_6.sim/sim_1/behav/xsim'
"xelab -wto f701a1750fa44391a423c009f34130ba --incr --debug typical --relax --mt 2 -L xil_defaultlib -L unisims_ver -L unimacro_ver -L secureip --snapshot ALU_tb_behav xil_defaultlib.ALU_tb xil_defaultlib.glbl -log elaborate.log"
Vivado Simulator 2020.1
Copyright 1986-1999, 2001-2020 Xilinx, Inc. All Rights Reserved.
Running: C:/Xilinx/Vivado/2020.1/bin/unwrapped/win64.o/xelab.exe -wto f701a1750fa44391a423c009f34130ba --incr --debug typical --relax --mt 2 -L xil_defaultlib -L unisims_ver -L unimacro_ver -L secureip --snapshot ALU_tb_behav xil_defaultlib.ALU_tb xil_defaultlib.glbl -log elaborate.log 
Using 2 slave threads.
Starting static elaboration
Pass Through NonSizing Optimizer
ERROR: [VRFC 10-3180] cannot find port 'ALUResult' on this module [C:/Users/HP/Desktop/4th Sem/CA/lab_final_6/lab_final_6/lab_final_6.srcs/sim_1/new/alu_tb.v:8]
ERROR: [XSIM 43-3322] Static elaboration of top level Verilog design unit(s) in library work failed.
INFO: [USF-XSim-69] 'elaborate' step finished in '1' seconds
INFO: [USF-XSim-99] Step results log file:'C:/Users/HP/Desktop/4th Sem/CA/lab_final_6/lab_final_6/lab_final_6.sim/sim_1/behav/xsim/elaborate.log'
ERROR: [USF-XSim-62] 'elaborate' step failed with error(s). Please check the Tcl console output or 'C:/Users/HP/Desktop/4th Sem/CA/lab_final_6/lab_final_6/lab_final_6.sim/sim_1/behav/xsim/elaborate.log' file for more information.
ERROR: [Vivado 12-4473] Detected error while running simulation. Please correct the issue and retry this operation.
ERROR: [Common 17-39] 'launch_simulation' failed due to earlier errors.
launch_simulation
Command: launch_simulation 
INFO: [Vivado 12-5682] Launching behavioral simulation in 'C:/Users/HP/Desktop/4th Sem/CA/lab_final_6/lab_final_6/lab_final_6.sim/sim_1/behav/xsim'
INFO: [SIM-utils-51] Simulation object is 'sim_1'
INFO: [SIM-utils-54] Inspecting design source files for 'ALU_tb' in fileset 'sim_1'...
INFO: [USF-XSim-97] Finding global include files...
INFO: [USF-XSim-98] Fetching design files from 'sim_1'...
INFO: [USF-XSim-2] XSim::Compile design
INFO: [USF-XSim-61] Executing 'COMPILE and ANALYZE' step in 'C:/Users/HP/Desktop/4th Sem/CA/lab_final_6/lab_final_6/lab_final_6.sim/sim_1/behav/xsim'
"xvlog --incr --relax -prj ALU_tb_vlog.prj"
INFO: [VRFC 10-2263] Analyzing Verilog file "C:/Users/HP/Desktop/4th Sem/CA/lab_final_6/lab_final_6/lab_final_6.srcs/sources_1/new/alu.v" into library xil_defaultlib
INFO: [VRFC 10-311] analyzing module ALU
INFO: [VRFC 10-2263] Analyzing Verilog file "C:/Users/HP/Desktop/4th Sem/CA/lab_final_6/lab_final_6/lab_final_6.srcs/sim_1/new/alu_tb.v" into library xil_defaultlib
INFO: [VRFC 10-311] analyzing module ALU_tb
INFO: [USF-XSim-69] 'compile' step finished in '1' seconds
INFO: [USF-XSim-3] XSim::Elaborate design
INFO: [USF-XSim-61] Executing 'ELABORATE' step in 'C:/Users/HP/Desktop/4th Sem/CA/lab_final_6/lab_final_6/lab_final_6.sim/sim_1/behav/xsim'
"xelab -wto f701a1750fa44391a423c009f34130ba --incr --debug typical --relax --mt 2 -L xil_defaultlib -L unisims_ver -L unimacro_ver -L secureip --snapshot ALU_tb_behav xil_defaultlib.ALU_tb xil_defaultlib.glbl -log elaborate.log"
Vivado Simulator 2020.1
Copyright 1986-1999, 2001-2020 Xilinx, Inc. All Rights Reserved.
Running: C:/Xilinx/Vivado/2020.1/bin/unwrapped/win64.o/xelab.exe -wto f701a1750fa44391a423c009f34130ba --incr --debug typical --relax --mt 2 -L xil_defaultlib -L unisims_ver -L unimacro_ver -L secureip --snapshot ALU_tb_behav xil_defaultlib.ALU_tb xil_defaultlib.glbl -log elaborate.log 
Using 2 slave threads.
Starting static elaboration
Pass Through NonSizing Optimizer
Completed static elaboration
Starting simulation data flow analysis
Completed simulation data flow analysis
Time Resolution for simulation is 1ps
Compiling module xil_defaultlib.ALU
Compiling module xil_defaultlib.ALU_tb
Compiling module xil_defaultlib.glbl
Built simulation snapshot ALU_tb_behav
INFO: [USF-XSim-69] 'elaborate' step finished in '1' seconds
INFO: [USF-XSim-4] XSim::Simulate design
INFO: [USF-XSim-61] Executing 'SIMULATE' step in 'C:/Users/HP/Desktop/4th Sem/CA/lab_final_6/lab_final_6/lab_final_6.sim/sim_1/behav/xsim'
INFO: [USF-XSim-98] *** Running xsim
   with args "ALU_tb_behav -key {Behavioral:sim_1:Functional:ALU_tb} -tclbatch {ALU_tb.tcl} -log {simulate.log}"
INFO: [USF-XSim-8] Loading simulator feature
Vivado Simulator 2020.1
Time resolution is 1 ps
source ALU_tb.tcl
# set curr_wave [current_wave_config]
# if { [string length $curr_wave] == 0 } {
#   if { [llength [get_objects]] > 0} {
#     add_wave /
#     set_property needs_save false [current_wave_config]
#   } else {
#      send_msg_id Add_Wave-1 WARNING "No top level signals found. Simulator will start without a wave window. If you want to open a wave window go to 'File->New Waveform Configuration' or type 'create_wave_config' in the TCL console."
#   }
# }
# run 1000ns
$finish called at time : 80 ns : File "C:/Users/HP/Desktop/4th Sem/CA/lab_final_6/lab_final_6/lab_final_6.srcs/sim_1/new/alu_tb.v" Line 33
INFO: [USF-XSim-96] XSim completed. Design snapshot 'ALU_tb_behav' loaded.
INFO: [USF-XSim-97] XSim simulation ran for 1000ns
close_sim
ERROR: [Vivado 12-106] *** Exception: java.lang.NullPointerException (See C:/Users/HP/Desktop/4th Sem/CA/lab_final_6/lab_final_6/vivado_pid25848.debug)
INFO: [Simtcl 6-16] Simulation closed
ERROR: [Common 17-39] 'close_sim' failed due to earlier errors.
launch_simulation
Command: launch_simulation 
INFO: [Vivado 12-5682] Launching behavioral simulation in 'C:/Users/HP/Desktop/4th Sem/CA/lab_final_6/lab_final_6/lab_final_6.sim/sim_1/behav/xsim'
INFO: [SIM-utils-51] Simulation object is 'sim_1'
INFO: [SIM-utils-54] Inspecting design source files for 'ALU_tb' in fileset 'sim_1'...
INFO: [USF-XSim-97] Finding global include files...
INFO: [USF-XSim-98] Fetching design files from 'sim_1'...
INFO: [USF-XSim-2] XSim::Compile design
INFO: [USF-XSim-61] Executing 'COMPILE and ANALYZE' step in 'C:/Users/HP/Desktop/4th Sem/CA/lab_final_6/lab_final_6/lab_final_6.sim/sim_1/behav/xsim'
"xvlog --incr --relax -prj ALU_tb_vlog.prj"
INFO: [VRFC 10-2263] Analyzing Verilog file "C:/Users/HP/Desktop/4th Sem/CA/lab_final_6/lab_final_6/lab_final_6.srcs/sources_1/new/alu.v" into library xil_defaultlib
INFO: [VRFC 10-311] analyzing module ALU
INFO: [VRFC 10-2263] Analyzing Verilog file "C:/Users/HP/Desktop/4th Sem/CA/lab_final_6/lab_final_6/lab_final_6.srcs/sim_1/new/alu_tb.v" into library xil_defaultlib
INFO: [VRFC 10-311] analyzing module ALU_tb
INFO: [USF-XSim-69] 'compile' step finished in '1' seconds
INFO: [USF-XSim-3] XSim::Elaborate design
INFO: [USF-XSim-61] Executing 'ELABORATE' step in 'C:/Users/HP/Desktop/4th Sem/CA/lab_final_6/lab_final_6/lab_final_6.sim/sim_1/behav/xsim'
"xelab -wto f701a1750fa44391a423c009f34130ba --incr --debug typical --relax --mt 2 -L xil_defaultlib -L unisims_ver -L unimacro_ver -L secureip --snapshot ALU_tb_behav xil_defaultlib.ALU_tb xil_defaultlib.glbl -log elaborate.log"
Vivado Simulator 2020.1
Copyright 1986-1999, 2001-2020 Xilinx, Inc. All Rights Reserved.
Running: C:/Xilinx/Vivado/2020.1/bin/unwrapped/win64.o/xelab.exe -wto f701a1750fa44391a423c009f34130ba --incr --debug typical --relax --mt 2 -L xil_defaultlib -L unisims_ver -L unimacro_ver -L secureip --snapshot ALU_tb_behav xil_defaultlib.ALU_tb xil_defaultlib.glbl -log elaborate.log 
Using 2 slave threads.
Starting static elaboration
Pass Through NonSizing Optimizer
Completed static elaboration
Starting simulation data flow analysis
Completed simulation data flow analysis
Time Resolution for simulation is 1ps
Compiling module xil_defaultlib.ALU
Compiling module xil_defaultlib.ALU_tb
Compiling module xil_defaultlib.glbl
Built simulation snapshot ALU_tb_behav
INFO: [USF-XSim-69] 'elaborate' step finished in '1' seconds
INFO: [USF-XSim-4] XSim::Simulate design
INFO: [USF-XSim-61] Executing 'SIMULATE' step in 'C:/Users/HP/Desktop/4th Sem/CA/lab_final_6/lab_final_6/lab_final_6.sim/sim_1/behav/xsim'
INFO: [USF-XSim-98] *** Running xsim
   with args "ALU_tb_behav -key {Behavioral:sim_1:Functional:ALU_tb} -tclbatch {ALU_tb.tcl} -log {simulate.log}"
INFO: [USF-XSim-8] Loading simulator feature
Vivado Simulator 2020.1
Time resolution is 1 ps
source ALU_tb.tcl
# set curr_wave [current_wave_config]
# if { [string length $curr_wave] == 0 } {
#   if { [llength [get_objects]] > 0} {
#     add_wave /
#     set_property needs_save false [current_wave_config]
#   } else {
#      send_msg_id Add_Wave-1 WARNING "No top level signals found. Simulator will start without a wave window. If you want to open a wave window go to 'File->New Waveform Configuration' or type 'create_wave_config' in the TCL console."
#   }
# }
# run 1000ns
$finish called at time : 80 ns : File "C:/Users/HP/Desktop/4th Sem/CA/lab_final_6/lab_final_6/lab_final_6.srcs/sim_1/new/alu_tb.v" Line 33
INFO: [USF-XSim-96] XSim completed. Design snapshot 'ALU_tb_behav' loaded.
INFO: [USF-XSim-97] XSim simulation ran for 1000ns
close_sim
INFO: [Simtcl 6-16] Simulation closed
launch_simulation
Command: launch_simulation 
INFO: [Vivado 12-5682] Launching behavioral simulation in 'C:/Users/HP/Desktop/4th Sem/CA/lab_final_6/lab_final_6/lab_final_6.sim/sim_1/behav/xsim'
INFO: [SIM-utils-51] Simulation object is 'sim_1'
INFO: [SIM-utils-54] Inspecting design source files for 'ALU_tb' in fileset 'sim_1'...
INFO: [USF-XSim-97] Finding global include files...
INFO: [USF-XSim-98] Fetching design files from 'sim_1'...
INFO: [USF-XSim-2] XSim::Compile design
INFO: [USF-XSim-61] Executing 'COMPILE and ANALYZE' step in 'C:/Users/HP/Desktop/4th Sem/CA/lab_final_6/lab_final_6/lab_final_6.sim/sim_1/behav/xsim'
"xvlog --incr --relax -prj ALU_tb_vlog.prj"
INFO: [VRFC 10-2263] Analyzing Verilog file "C:/Users/HP/Desktop/4th Sem/CA/lab_final_6/lab_final_6/lab_final_6.srcs/sources_1/new/alu.v" into library xil_defaultlib
INFO: [VRFC 10-311] analyzing module ALU
INFO: [VRFC 10-2263] Analyzing Verilog file "C:/Users/HP/Desktop/4th Sem/CA/lab_final_6/lab_final_6/lab_final_6.srcs/sim_1/new/alu_tb.v" into library xil_defaultlib
INFO: [VRFC 10-311] analyzing module ALU_tb
INFO: [USF-XSim-69] 'compile' step finished in '1' seconds
INFO: [USF-XSim-3] XSim::Elaborate design
INFO: [USF-XSim-61] Executing 'ELABORATE' step in 'C:/Users/HP/Desktop/4th Sem/CA/lab_final_6/lab_final_6/lab_final_6.sim/sim_1/behav/xsim'
"xelab -wto f701a1750fa44391a423c009f34130ba --incr --debug typical --relax --mt 2 -L xil_defaultlib -L unisims_ver -L unimacro_ver -L secureip --snapshot ALU_tb_behav xil_defaultlib.ALU_tb xil_defaultlib.glbl -log elaborate.log"
Vivado Simulator 2020.1
Copyright 1986-1999, 2001-2020 Xilinx, Inc. All Rights Reserved.
Running: C:/Xilinx/Vivado/2020.1/bin/unwrapped/win64.o/xelab.exe -wto f701a1750fa44391a423c009f34130ba --incr --debug typical --relax --mt 2 -L xil_defaultlib -L unisims_ver -L unimacro_ver -L secureip --snapshot ALU_tb_behav xil_defaultlib.ALU_tb xil_defaultlib.glbl -log elaborate.log 
Using 2 slave threads.
Starting static elaboration
Pass Through NonSizing Optimizer
Completed static elaboration
Starting simulation data flow analysis
Completed simulation data flow analysis
Time Resolution for simulation is 1ps
Compiling module xil_defaultlib.ALU
Compiling module xil_defaultlib.ALU_tb
Compiling module xil_defaultlib.glbl
Built simulation snapshot ALU_tb_behav
INFO: [USF-XSim-69] 'elaborate' step finished in '1' seconds
INFO: [USF-XSim-4] XSim::Simulate design
INFO: [USF-XSim-61] Executing 'SIMULATE' step in 'C:/Users/HP/Desktop/4th Sem/CA/lab_final_6/lab_final_6/lab_final_6.sim/sim_1/behav/xsim'
INFO: [USF-XSim-98] *** Running xsim
   with args "ALU_tb_behav -key {Behavioral:sim_1:Functional:ALU_tb} -tclbatch {ALU_tb.tcl} -log {simulate.log}"
INFO: [USF-XSim-8] Loading simulator feature
Vivado Simulator 2020.1
Time resolution is 1 ps
source ALU_tb.tcl
# set curr_wave [current_wave_config]
# if { [string length $curr_wave] == 0 } {
#   if { [llength [get_objects]] > 0} {
#     add_wave /
#     set_property needs_save false [current_wave_config]
#   } else {
#      send_msg_id Add_Wave-1 WARNING "No top level signals found. Simulator will start without a wave window. If you want to open a wave window go to 'File->New Waveform Configuration' or type 'create_wave_config' in the TCL console."
#   }
# }
# run 1000ns
$finish called at time : 80 ns : File "C:/Users/HP/Desktop/4th Sem/CA/lab_final_6/lab_final_6/lab_final_6.srcs/sim_1/new/alu_tb.v" Line 33
INFO: [USF-XSim-96] XSim completed. Design snapshot 'ALU_tb_behav' loaded.
INFO: [USF-XSim-97] XSim simulation ran for 1000ns
synth_design -rtl -name rtl_1
Command: synth_design -rtl -name rtl_1
Starting synth_design
Using part: xc7a35tcpg236-1
Top: top_ALU
INFO: [Device 21-403] Loading part xc7a35tcpg236-1
---------------------------------------------------------------------------------
Starting RTL Elaboration : Time (s): cpu = 00:00:03 ; elapsed = 00:00:04 . Memory (MB): peak = 1455.445 ; gain = 238.402
---------------------------------------------------------------------------------
INFO: [Synth 8-6157] synthesizing module 'top_ALU' [C:/Users/HP/Desktop/4th Sem/CA/lab_final_6/lab_final_6/lab_final_6.srcs/sources_1/new/toplvl.v:1]
INFO: [Synth 8-6157] synthesizing module 'ALU' [C:/Users/HP/Desktop/4th Sem/CA/lab_final_6/lab_final_6/lab_final_6.srcs/sources_1/new/alu.v:2]
INFO: [Synth 8-6155] done synthesizing module 'ALU' (1#1) [C:/Users/HP/Desktop/4th Sem/CA/lab_final_6/lab_final_6/lab_final_6.srcs/sources_1/new/alu.v:2]
ERROR: [Synth 8-448] named port connection 'ALUControl' does not exist for instance 'alu_inst' of module 'ALU' [C:/Users/HP/Desktop/4th Sem/CA/lab_final_6/lab_final_6/lab_final_6.srcs/sources_1/new/toplvl.v:17]
ERROR: [Synth 8-448] named port connection 'ALUResult' does not exist for instance 'alu_inst' of module 'ALU' [C:/Users/HP/Desktop/4th Sem/CA/lab_final_6/lab_final_6/lab_final_6.srcs/sources_1/new/toplvl.v:18]
ERROR: [Synth 8-6156] failed synthesizing module 'top_ALU' [C:/Users/HP/Desktop/4th Sem/CA/lab_final_6/lab_final_6/lab_final_6.srcs/sources_1/new/toplvl.v:1]
---------------------------------------------------------------------------------
Finished RTL Elaboration : Time (s): cpu = 00:00:04 ; elapsed = 00:00:04 . Memory (MB): peak = 1504.973 ; gain = 287.930
---------------------------------------------------------------------------------
RTL Elaboration failed
4 Infos, 0 Warnings, 0 Critical Warnings and 4 Errors encountered.
synth_design failed
ERROR: [Vivado_Tcl 4-5] Elaboration failed - please see the console for details
synth_design -rtl -name rtl_1
Command: synth_design -rtl -name rtl_1
Starting synth_design
Using part: xc7a35tcpg236-1
Top: top_ALU
ERROR: [Synth 8-1031] ALUResult is not declared [C:/Users/HP/Desktop/4th Sem/CA/lab_final_6/lab_final_6/lab_final_6.srcs/sources_1/new/alu.v:11]
ERROR: [Synth 8-1031] ALUResult is not declared [C:/Users/HP/Desktop/4th Sem/CA/lab_final_6/lab_final_6/lab_final_6.srcs/sources_1/new/alu.v:12]
ERROR: [Synth 8-1031] ALUResult is not declared [C:/Users/HP/Desktop/4th Sem/CA/lab_final_6/lab_final_6/lab_final_6.srcs/sources_1/new/alu.v:13]
ERROR: [Synth 8-1031] ALUResult is not declared [C:/Users/HP/Desktop/4th Sem/CA/lab_final_6/lab_final_6/lab_final_6.srcs/sources_1/new/alu.v:14]
ERROR: [Synth 8-1031] ALUResult is not declared [C:/Users/HP/Desktop/4th Sem/CA/lab_final_6/lab_final_6/lab_final_6.srcs/sources_1/new/alu.v:15]
ERROR: [Synth 8-1031] ALUResult is not declared [C:/Users/HP/Desktop/4th Sem/CA/lab_final_6/lab_final_6/lab_final_6.srcs/sources_1/new/alu.v:16]
ERROR: [Synth 8-1031] ALUResult is not declared [C:/Users/HP/Desktop/4th Sem/CA/lab_final_6/lab_final_6/lab_final_6.srcs/sources_1/new/alu.v:17]
ERROR: [Synth 8-1031] ALUResult is not declared [C:/Users/HP/Desktop/4th Sem/CA/lab_final_6/lab_final_6/lab_final_6.srcs/sources_1/new/alu.v:18]
ERROR: [Synth 8-1031] ALUResult is not declared [C:/Users/HP/Desktop/4th Sem/CA/lab_final_6/lab_final_6/lab_final_6.srcs/sources_1/new/alu.v:22]
INFO: [Synth 8-2350] module ALU ignored due to previous errors [C:/Users/HP/Desktop/4th Sem/CA/lab_final_6/lab_final_6/lab_final_6.srcs/sources_1/new/alu.v:2]
Failed to read verilog 'C:/Users/HP/Desktop/4th Sem/CA/lab_final_6/lab_final_6/lab_final_6.srcs/sources_1/new/alu.v'
1 Infos, 0 Warnings, 0 Critical Warnings and 10 Errors encountered.
synth_design failed
ERROR: [Vivado_Tcl 4-5] Elaboration failed - please see the console for details
close_sim
INFO: [Simtcl 6-16] Simulation closed
synth_design -rtl -name rtl_1
Command: synth_design -rtl -name rtl_1
Starting synth_design
Using part: xc7a35tcpg236-1
Top: top_ALU
ERROR: [Synth 8-1031] ALUResult is not declared [C:/Users/HP/Desktop/4th Sem/CA/lab_final_6/lab_final_6/lab_final_6.srcs/sources_1/new/alu.v:11]
ERROR: [Synth 8-1031] ALUResult is not declared [C:/Users/HP/Desktop/4th Sem/CA/lab_final_6/lab_final_6/lab_final_6.srcs/sources_1/new/alu.v:12]
ERROR: [Synth 8-1031] ALUResult is not declared [C:/Users/HP/Desktop/4th Sem/CA/lab_final_6/lab_final_6/lab_final_6.srcs/sources_1/new/alu.v:13]
ERROR: [Synth 8-1031] ALUResult is not declared [C:/Users/HP/Desktop/4th Sem/CA/lab_final_6/lab_final_6/lab_final_6.srcs/sources_1/new/alu.v:14]
ERROR: [Synth 8-1031] ALUResult is not declared [C:/Users/HP/Desktop/4th Sem/CA/lab_final_6/lab_final_6/lab_final_6.srcs/sources_1/new/alu.v:15]
ERROR: [Synth 8-1031] ALUResult is not declared [C:/Users/HP/Desktop/4th Sem/CA/lab_final_6/lab_final_6/lab_final_6.srcs/sources_1/new/alu.v:16]
ERROR: [Synth 8-1031] ALUResult is not declared [C:/Users/HP/Desktop/4th Sem/CA/lab_final_6/lab_final_6/lab_final_6.srcs/sources_1/new/alu.v:17]
ERROR: [Synth 8-1031] ALUResult is not declared [C:/Users/HP/Desktop/4th Sem/CA/lab_final_6/lab_final_6/lab_final_6.srcs/sources_1/new/alu.v:18]
ERROR: [Synth 8-1031] ALUResult is not declared [C:/Users/HP/Desktop/4th Sem/CA/lab_final_6/lab_final_6/lab_final_6.srcs/sources_1/new/alu.v:22]
INFO: [Synth 8-2350] module ALU ignored due to previous errors [C:/Users/HP/Desktop/4th Sem/CA/lab_final_6/lab_final_6/lab_final_6.srcs/sources_1/new/alu.v:2]
Failed to read verilog 'C:/Users/HP/Desktop/4th Sem/CA/lab_final_6/lab_final_6/lab_final_6.srcs/sources_1/new/alu.v'
1 Infos, 0 Warnings, 0 Critical Warnings and 10 Errors encountered.
synth_design failed
ERROR: [Vivado_Tcl 4-5] Elaboration failed - please see the console for details
reset_run synth_1
launch_runs synth_1 -jobs 6
[Thu Mar  5 20:32:04 2026] Launched synth_1...
Run output will be captured here: C:/Users/HP/Desktop/4th Sem/CA/lab_final_6/lab_final_6/lab_final_6.runs/synth_1/runme.log
set_property top top_ALU [get_filesets sim_1]
set_property top_lib xil_defaultlib [get_filesets sim_1]
synth_design -rtl -name rtl_1
Command: synth_design -rtl -name rtl_1
Starting synth_design
Using part: xc7a35tcpg236-1
Top: top_ALU
ERROR: [Synth 8-1031] ALUResult is not declared [C:/Users/HP/Desktop/4th Sem/CA/lab_final_6/lab_final_6/lab_final_6.srcs/sources_1/new/alu.v:11]
ERROR: [Synth 8-1031] ALUResult is not declared [C:/Users/HP/Desktop/4th Sem/CA/lab_final_6/lab_final_6/lab_final_6.srcs/sources_1/new/alu.v:12]
ERROR: [Synth 8-1031] ALUResult is not declared [C:/Users/HP/Desktop/4th Sem/CA/lab_final_6/lab_final_6/lab_final_6.srcs/sources_1/new/alu.v:13]
ERROR: [Synth 8-1031] ALUResult is not declared [C:/Users/HP/Desktop/4th Sem/CA/lab_final_6/lab_final_6/lab_final_6.srcs/sources_1/new/alu.v:14]
ERROR: [Synth 8-1031] ALUResult is not declared [C:/Users/HP/Desktop/4th Sem/CA/lab_final_6/lab_final_6/lab_final_6.srcs/sources_1/new/alu.v:15]
ERROR: [Synth 8-1031] ALUResult is not declared [C:/Users/HP/Desktop/4th Sem/CA/lab_final_6/lab_final_6/lab_final_6.srcs/sources_1/new/alu.v:16]
ERROR: [Synth 8-1031] ALUResult is not declared [C:/Users/HP/Desktop/4th Sem/CA/lab_final_6/lab_final_6/lab_final_6.srcs/sources_1/new/alu.v:17]
ERROR: [Synth 8-1031] ALUResult is not declared [C:/Users/HP/Desktop/4th Sem/CA/lab_final_6/lab_final_6/lab_final_6.srcs/sources_1/new/alu.v:18]
ERROR: [Synth 8-1031] ALUResult is not declared [C:/Users/HP/Desktop/4th Sem/CA/lab_final_6/lab_final_6/lab_final_6.srcs/sources_1/new/alu.v:22]
INFO: [Synth 8-2350] module ALU ignored due to previous errors [C:/Users/HP/Desktop/4th Sem/CA/lab_final_6/lab_final_6/lab_final_6.srcs/sources_1/new/alu.v:2]
Failed to read verilog 'C:/Users/HP/Desktop/4th Sem/CA/lab_final_6/lab_final_6/lab_final_6.srcs/sources_1/new/alu.v'
1 Infos, 0 Warnings, 0 Critical Warnings and 10 Errors encountered.
synth_design failed
ERROR: [Vivado_Tcl 4-5] Elaboration failed - please see the console for details
update_compile_order -fileset sim_1
synth_design -rtl -name rtl_1
Command: synth_design -rtl -name rtl_1
Starting synth_design
Using part: xc7a35tcpg236-1
Top: top_ALU
ERROR: [Synth 8-1031] ALUResult is not declared [C:/Users/HP/Desktop/4th Sem/CA/lab_final_6/lab_final_6/lab_final_6.srcs/sources_1/new/alu.v:11]
ERROR: [Synth 8-1031] ALUResult is not declared [C:/Users/HP/Desktop/4th Sem/CA/lab_final_6/lab_final_6/lab_final_6.srcs/sources_1/new/alu.v:12]
ERROR: [Synth 8-1031] ALUResult is not declared [C:/Users/HP/Desktop/4th Sem/CA/lab_final_6/lab_final_6/lab_final_6.srcs/sources_1/new/alu.v:13]
ERROR: [Synth 8-1031] ALUResult is not declared [C:/Users/HP/Desktop/4th Sem/CA/lab_final_6/lab_final_6/lab_final_6.srcs/sources_1/new/alu.v:14]
ERROR: [Synth 8-1031] ALUResult is not declared [C:/Users/HP/Desktop/4th Sem/CA/lab_final_6/lab_final_6/lab_final_6.srcs/sources_1/new/alu.v:15]
ERROR: [Synth 8-1031] ALUResult is not declared [C:/Users/HP/Desktop/4th Sem/CA/lab_final_6/lab_final_6/lab_final_6.srcs/sources_1/new/alu.v:16]
ERROR: [Synth 8-1031] ALUResult is not declared [C:/Users/HP/Desktop/4th Sem/CA/lab_final_6/lab_final_6/lab_final_6.srcs/sources_1/new/alu.v:17]
ERROR: [Synth 8-1031] ALUResult is not declared [C:/Users/HP/Desktop/4th Sem/CA/lab_final_6/lab_final_6/lab_final_6.srcs/sources_1/new/alu.v:18]
ERROR: [Synth 8-1031] ALUResult is not declared [C:/Users/HP/Desktop/4th Sem/CA/lab_final_6/lab_final_6/lab_final_6.srcs/sources_1/new/alu.v:22]
INFO: [Synth 8-2350] module ALU ignored due to previous errors [C:/Users/HP/Desktop/4th Sem/CA/lab_final_6/lab_final_6/lab_final_6.srcs/sources_1/new/alu.v:2]
Failed to read verilog 'C:/Users/HP/Desktop/4th Sem/CA/lab_final_6/lab_final_6/lab_final_6.srcs/sources_1/new/alu.v'
1 Infos, 0 Warnings, 0 Critical Warnings and 10 Errors encountered.
synth_design failed
ERROR: [Vivado_Tcl 4-5] Elaboration failed - please see the console for details
synth_design -rtl -name rtl_1
Command: synth_design -rtl -name rtl_1
Starting synth_design
Using part: xc7a35tcpg236-1
Top: top_ALU
ERROR: [Synth 8-1031] ALUResult is not declared [C:/Users/HP/Desktop/4th Sem/CA/lab_final_6/lab_final_6/lab_final_6.srcs/sources_1/new/alu.v:11]
ERROR: [Synth 8-1031] ALUResult is not declared [C:/Users/HP/Desktop/4th Sem/CA/lab_final_6/lab_final_6/lab_final_6.srcs/sources_1/new/alu.v:12]
ERROR: [Synth 8-1031] ALUResult is not declared [C:/Users/HP/Desktop/4th Sem/CA/lab_final_6/lab_final_6/lab_final_6.srcs/sources_1/new/alu.v:13]
ERROR: [Synth 8-1031] ALUResult is not declared [C:/Users/HP/Desktop/4th Sem/CA/lab_final_6/lab_final_6/lab_final_6.srcs/sources_1/new/alu.v:14]
ERROR: [Synth 8-1031] ALUResult is not declared [C:/Users/HP/Desktop/4th Sem/CA/lab_final_6/lab_final_6/lab_final_6.srcs/sources_1/new/alu.v:15]
ERROR: [Synth 8-1031] ALUResult is not declared [C:/Users/HP/Desktop/4th Sem/CA/lab_final_6/lab_final_6/lab_final_6.srcs/sources_1/new/alu.v:16]
ERROR: [Synth 8-1031] ALUResult is not declared [C:/Users/HP/Desktop/4th Sem/CA/lab_final_6/lab_final_6/lab_final_6.srcs/sources_1/new/alu.v:17]
ERROR: [Synth 8-1031] ALUResult is not declared [C:/Users/HP/Desktop/4th Sem/CA/lab_final_6/lab_final_6/lab_final_6.srcs/sources_1/new/alu.v:18]
ERROR: [Synth 8-1031] ALUResult is not declared [C:/Users/HP/Desktop/4th Sem/CA/lab_final_6/lab_final_6/lab_final_6.srcs/sources_1/new/alu.v:22]
INFO: [Synth 8-2350] module ALU ignored due to previous errors [C:/Users/HP/Desktop/4th Sem/CA/lab_final_6/lab_final_6/lab_final_6.srcs/sources_1/new/alu.v:2]
Failed to read verilog 'C:/Users/HP/Desktop/4th Sem/CA/lab_final_6/lab_final_6/lab_final_6.srcs/sources_1/new/alu.v'
1 Infos, 0 Warnings, 0 Critical Warnings and 10 Errors encountered.
synth_design failed
ERROR: [Vivado_Tcl 4-5] Elaboration failed - please see the console for details
synth_design -rtl -name rtl_1
Command: synth_design -rtl -name rtl_1
Starting synth_design
Using part: xc7a35tcpg236-1
Top: top_ALU
---------------------------------------------------------------------------------
Starting RTL Elaboration : Time (s): cpu = 00:00:04 ; elapsed = 00:00:03 . Memory (MB): peak = 1522.691 ; gain = 0.000
---------------------------------------------------------------------------------
INFO: [Synth 8-6157] synthesizing module 'top_ALU' [C:/Users/HP/Desktop/4th Sem/CA/lab_final_6/lab_final_6/lab_final_6.srcs/sources_1/new/toplvl.v:1]
INFO: [Synth 8-6157] synthesizing module 'ALU' [C:/Users/HP/Desktop/4th Sem/CA/lab_final_6/lab_final_6/lab_final_6.srcs/sources_1/new/alu.v:2]
INFO: [Synth 8-6155] done synthesizing module 'ALU' (1#1) [C:/Users/HP/Desktop/4th Sem/CA/lab_final_6/lab_final_6/lab_final_6.srcs/sources_1/new/alu.v:2]
INFO: [Synth 8-6155] done synthesizing module 'top_ALU' (2#1) [C:/Users/HP/Desktop/4th Sem/CA/lab_final_6/lab_final_6/lab_final_6.srcs/sources_1/new/toplvl.v:1]
---------------------------------------------------------------------------------
Finished RTL Elaboration : Time (s): cpu = 00:00:05 ; elapsed = 00:00:04 . Memory (MB): peak = 1531.891 ; gain = 9.199
---------------------------------------------------------------------------------
---------------------------------------------------------------------------------
Start Handling Custom Attributes
---------------------------------------------------------------------------------
---------------------------------------------------------------------------------
Finished Handling Custom Attributes : Time (s): cpu = 00:00:05 ; elapsed = 00:00:05 . Memory (MB): peak = 1555.773 ; gain = 33.082
---------------------------------------------------------------------------------
---------------------------------------------------------------------------------
Finished RTL Optimization Phase 1 : Time (s): cpu = 00:00:05 ; elapsed = 00:00:05 . Memory (MB): peak = 1555.773 ; gain = 33.082
---------------------------------------------------------------------------------
Netlist sorting complete. Time (s): cpu = 00:00:00 ; elapsed = 00:00:00.003 . Memory (MB): peak = 1555.773 ; gain = 0.000
INFO: [Project 1-570] Preparing netlist for logic optimization

Processing XDC Constraints
Initializing timing engine
Parsing XDC File [C:/Users/HP/Desktop/4th Sem/CA/lab_final_6/lab_final_6/lab_final_6.srcs/constrs_1/new/alu_const.xdc]
Finished Parsing XDC File [C:/Users/HP/Desktop/4th Sem/CA/lab_final_6/lab_final_6/lab_final_6.srcs/constrs_1/new/alu_const.xdc]
Completed Processing XDC Constraints

INFO: [Opt 31-138] Pushed 0 inverter(s) to 0 load pin(s).
Netlist sorting complete. Time (s): cpu = 00:00:00 ; elapsed = 00:00:00 . Memory (MB): peak = 1642.582 ; gain = 0.000
INFO: [Project 1-111] Unisim Transformation Summary:
No Unisim elements were transformed.

RTL Elaboration Complete:  : Time (s): cpu = 00:00:16 ; elapsed = 00:00:09 . Memory (MB): peak = 1708.531 ; gain = 185.840
7 Infos, 0 Warnings, 0 Critical Warnings and 0 Errors encountered.
synth_design completed successfully
synth_design: Time (s): cpu = 00:00:16 ; elapsed = 00:00:09 . Memory (MB): peak = 1708.531 ; gain = 185.840
refresh_design
ERROR: [Synth 8-1031] result is not declared [C:/Users/HP/Desktop/4th Sem/CA/lab_final_6/lab_final_6/lab_final_6.srcs/sources_1/new/alu.v:11]
ERROR: [Synth 8-1031] result is not declared [C:/Users/HP/Desktop/4th Sem/CA/lab_final_6/lab_final_6/lab_final_6.srcs/sources_1/new/alu.v:12]
ERROR: [Synth 8-1031] result is not declared [C:/Users/HP/Desktop/4th Sem/CA/lab_final_6/lab_final_6/lab_final_6.srcs/sources_1/new/alu.v:13]
ERROR: [Synth 8-1031] result is not declared [C:/Users/HP/Desktop/4th Sem/CA/lab_final_6/lab_final_6/lab_final_6.srcs/sources_1/new/alu.v:14]
ERROR: [Synth 8-1031] result is not declared [C:/Users/HP/Desktop/4th Sem/CA/lab_final_6/lab_final_6/lab_final_6.srcs/sources_1/new/alu.v:15]
ERROR: [Synth 8-1031] result is not declared [C:/Users/HP/Desktop/4th Sem/CA/lab_final_6/lab_final_6/lab_final_6.srcs/sources_1/new/alu.v:16]
ERROR: [Synth 8-1031] result is not declared [C:/Users/HP/Desktop/4th Sem/CA/lab_final_6/lab_final_6/lab_final_6.srcs/sources_1/new/alu.v:17]
ERROR: [Synth 8-1031] result is not declared [C:/Users/HP/Desktop/4th Sem/CA/lab_final_6/lab_final_6/lab_final_6.srcs/sources_1/new/alu.v:18]
ERROR: [Synth 8-1031] result is not declared [C:/Users/HP/Desktop/4th Sem/CA/lab_final_6/lab_final_6/lab_final_6.srcs/sources_1/new/alu.v:22]
INFO: [Synth 8-2350] module ALU ignored due to previous errors [C:/Users/HP/Desktop/4th Sem/CA/lab_final_6/lab_final_6/lab_final_6.srcs/sources_1/new/alu.v:2]
Failed to read verilog 'C:/Users/HP/Desktop/4th Sem/CA/lab_final_6/lab_final_6/lab_final_6.srcs/sources_1/new/alu.v'
ERROR: [Common 17-39] 'refresh_design' failed due to earlier errors.
refresh_design
---------------------------------------------------------------------------------
Starting RTL Elaboration : Time (s): cpu = 00:00:04 ; elapsed = 00:00:03 . Memory (MB): peak = 1736.395 ; gain = 8.273
---------------------------------------------------------------------------------
INFO: [Synth 8-6157] synthesizing module 'top_ALU' [C:/Users/HP/Desktop/4th Sem/CA/lab_final_6/lab_final_6/lab_final_6.srcs/sources_1/new/toplvl.v:1]
INFO: [Synth 8-6157] synthesizing module 'ALU' [C:/Users/HP/Desktop/4th Sem/CA/lab_final_6/lab_final_6/lab_final_6.srcs/sources_1/new/alu.v:2]
INFO: [Synth 8-6155] done synthesizing module 'ALU' (1#1) [C:/Users/HP/Desktop/4th Sem/CA/lab_final_6/lab_final_6/lab_final_6.srcs/sources_1/new/alu.v:2]
ERROR: [Synth 8-448] named port connection 'ALUControl' does not exist for instance 'alu_inst' of module 'ALU' [C:/Users/HP/Desktop/4th Sem/CA/lab_final_6/lab_final_6/lab_final_6.srcs/sources_1/new/toplvl.v:17]
ERROR: [Synth 8-448] named port connection 'ALUResult' does not exist for instance 'alu_inst' of module 'ALU' [C:/Users/HP/Desktop/4th Sem/CA/lab_final_6/lab_final_6/lab_final_6.srcs/sources_1/new/toplvl.v:18]
ERROR: [Synth 8-6156] failed synthesizing module 'top_ALU' [C:/Users/HP/Desktop/4th Sem/CA/lab_final_6/lab_final_6/lab_final_6.srcs/sources_1/new/toplvl.v:1]
---------------------------------------------------------------------------------
Finished RTL Elaboration : Time (s): cpu = 00:00:04 ; elapsed = 00:00:04 . Memory (MB): peak = 1761.734 ; gain = 33.613
---------------------------------------------------------------------------------
RTL Elaboration failed
ERROR: [Common 17-39] 'refresh_design' failed due to earlier errors.
refresh_design
---------------------------------------------------------------------------------
Starting RTL Elaboration : Time (s): cpu = 00:00:03 ; elapsed = 00:00:03 . Memory (MB): peak = 1781.426 ; gain = 19.617
---------------------------------------------------------------------------------
INFO: [Synth 8-6157] synthesizing module 'top_ALU' [C:/Users/HP/Desktop/4th Sem/CA/lab_final_6/lab_final_6/lab_final_6.srcs/sources_1/new/toplvl.v:1]
INFO: [Synth 8-6157] synthesizing module 'ALU' [C:/Users/HP/Desktop/4th Sem/CA/lab_final_6/lab_final_6/lab_final_6.srcs/sources_1/new/alu.v:2]
INFO: [Synth 8-6155] done synthesizing module 'ALU' (1#1) [C:/Users/HP/Desktop/4th Sem/CA/lab_final_6/lab_final_6/lab_final_6.srcs/sources_1/new/alu.v:2]
INFO: [Synth 8-6155] done synthesizing module 'top_ALU' (2#1) [C:/Users/HP/Desktop/4th Sem/CA/lab_final_6/lab_final_6/lab_final_6.srcs/sources_1/new/toplvl.v:1]
---------------------------------------------------------------------------------
Finished RTL Elaboration : Time (s): cpu = 00:00:04 ; elapsed = 00:00:04 . Memory (MB): peak = 1781.426 ; gain = 19.617
---------------------------------------------------------------------------------
---------------------------------------------------------------------------------
Start Handling Custom Attributes
---------------------------------------------------------------------------------
---------------------------------------------------------------------------------
Finished Handling Custom Attributes : Time (s): cpu = 00:00:04 ; elapsed = 00:00:04 . Memory (MB): peak = 1786.469 ; gain = 24.660
---------------------------------------------------------------------------------
---------------------------------------------------------------------------------
Finished RTL Optimization Phase 1 : Time (s): cpu = 00:00:04 ; elapsed = 00:00:04 . Memory (MB): peak = 1786.469 ; gain = 24.660
---------------------------------------------------------------------------------
Netlist sorting complete. Time (s): cpu = 00:00:00 ; elapsed = 00:00:00.003 . Memory (MB): peak = 1788.688 ; gain = 0.000
INFO: [Project 1-570] Preparing netlist for logic optimization

Processing XDC Constraints
Initializing timing engine
Parsing XDC File [C:/Users/HP/Desktop/4th Sem/CA/lab_final_6/lab_final_6/lab_final_6.srcs/constrs_1/new/alu_const.xdc]
Finished Parsing XDC File [C:/Users/HP/Desktop/4th Sem/CA/lab_final_6/lab_final_6/lab_final_6.srcs/constrs_1/new/alu_const.xdc]
Completed Processing XDC Constraints

INFO: [Opt 31-138] Pushed 0 inverter(s) to 0 load pin(s).
refresh_design: Time (s): cpu = 00:00:10 ; elapsed = 00:00:09 . Memory (MB): peak = 1834.012 ; gain = 72.203
exit
INFO: [Common 17-206] Exiting Vivado at Thu Mar  5 21:03:22 2026...
