#-----------------------------------------------------------
# Vivado v2020.1 (64-bit)
# SW Build 2902540 on Wed May 27 19:54:49 MDT 2020
# IP Build 2902112 on Wed May 27 22:43:36 MDT 2020
# Start of session at: Sat Apr 18 17:49:53 2026
# Process ID: 23332
# Current directory: C:/Users/HP/Desktop/4th Sem/CA/lab_11_abdullah
# Command line: vivado.exe -gui_launcher_event rodinguilauncherevent17976 C:\Users\HP\Desktop\4th Sem\CA\lab_11_abdullah\lab_11_abdullah.xpr
# Log file: C:/Users/HP/Desktop/4th Sem/CA/lab_11_abdullah/vivado.log
# Journal file: C:/Users/HP/Desktop/4th Sem/CA/lab_11_abdullah\vivado.jou
#-----------------------------------------------------------
start_gui
open_project {C:/Users/HP/Desktop/4th Sem/CA/lab_11_abdullah/lab_11_abdullah.xpr}
Scanning sources...
Finished scanning sources
INFO: [IP_Flow 19-234] Refreshing IP repositories
INFO: [IP_Flow 19-1704] No user IP repositories specified
INFO: [IP_Flow 19-2313] Loaded Vivado IP repository 'C:/Xilinx/Vivado/2020.1/data/ip'.
update_compile_order -fileset sources_1
launch_simulation
Command: launch_simulation 
boost::filesystem::remove: The process cannot access the file because it is being used by another process: "C:/Users/HP/Desktop/4th Sem/CA/lab_11_abdullah/lab_11_abdullah.sim/sim_1/behav/xsim/simulate.log"
