#-----------------------------------------------------------
# Vivado v2020.1 (64-bit)
# SW Build 2902540 on Wed May 27 19:54:49 MDT 2020
# IP Build 2902112 on Wed May 27 22:43:36 MDT 2020
# Start of session at: Sat Apr 18 17:54:57 2026
# Process ID: 19608
# Current directory: C:/Users/HP/Desktop/4th Sem/CA/lab_11_abdullah
# Command line: vivado.exe -gui_launcher_event rodinguilauncherevent8432 C:\Users\HP\Desktop\4th Sem\CA\lab_11_abdullah\lab_11_abdullah.xpr
# Log file: C:/Users/HP/Desktop/4th Sem/CA/lab_11_abdullah/vivado.log
# Journal file: C:/Users/HP/Desktop/4th Sem/CA/lab_11_abdullah\vivado.jou
#-----------------------------------------------------------
start_gui
open_project {C:/Users/HP/Desktop/4th Sem/CA/lab_11_abdullah/lab_11_abdullah.xpr}
Scanning sources...
Finished scanning sources
INFO: [IP_Flow 19-234] Refreshing IP repositories
INFO: [IP_Flow 19-1704] No user IP repositories specified
INFO: [IP_Flow 19-2313] Loaded Vivado IP repository 'C:/Xilinx/Vivado/2020.1/data/ip'.
update_compile_order -fileset sources_1
launch_simulation
Command: launch_simulation 
INFO: [Vivado 12-5682] Launching behavioral simulation in 'C:/Users/HP/Desktop/4th Sem/CA/lab_11_abdullah/lab_11_abdullah.sim/sim_1/behav/xsim'
INFO: [SIM-utils-51] Simulation object is 'sim_1'
INFO: [SIM-utils-54] Inspecting design source files for 'tb_Task1' in fileset 'sim_1'...
INFO: [USF-XSim-97] Finding global include files...
INFO: [USF-XSim-98] Fetching design files from 'sim_1'...
INFO: [USF-XSim-2] XSim::Compile design
INFO: [USF-XSim-61] Executing 'COMPILE and ANALYZE' step in 'C:/Users/HP/Desktop/4th Sem/CA/lab_11_abdullah/lab_11_abdullah.sim/sim_1/behav/xsim'
"xvlog --incr --relax -prj tb_Task1_vlog.prj"
INFO: [USF-XSim-69] 'compile' step finished in '1' seconds
INFO: [USF-XSim-3] XSim::Elaborate design
INFO: [USF-XSim-61] Executing 'ELABORATE' step in 'C:/Users/HP/Desktop/4th Sem/CA/lab_11_abdullah/lab_11_abdullah.sim/sim_1/behav/xsim'
"xelab -wto 36dff955cbeb44bfbe92dee4a920bcbb --incr --debug typical --relax --mt 2 -L xil_defaultlib -L unisims_ver -L unimacro_ver -L secureip --snapshot tb_Task1_behav xil_defaultlib.tb_Task1 xil_defaultlib.glbl -log elaborate.log"
Vivado Simulator 2020.1
Copyright 1986-1999, 2001-2020 Xilinx, Inc. All Rights Reserved.
Running: C:/Xilinx/Vivado/2020.1/bin/unwrapped/win64.o/xelab.exe -wto 36dff955cbeb44bfbe92dee4a920bcbb --incr --debug typical --relax --mt 2 -L xil_defaultlib -L unisims_ver -L unimacro_ver -L secureip --snapshot tb_Task1_behav xil_defaultlib.tb_Task1 xil_defaultlib.glbl -log elaborate.log 
Using 2 slave threads.
Starting static elaboration
Pass Through NonSizing Optimizer
Completed static elaboration
INFO: [XSIM 43-4323] No Change in HDL. Linking previously generated obj files to create kernel
INFO: [USF-XSim-69] 'elaborate' step finished in '1' seconds
INFO: [USF-XSim-4] XSim::Simulate design
INFO: [USF-XSim-61] Executing 'SIMULATE' step in 'C:/Users/HP/Desktop/4th Sem/CA/lab_11_abdullah/lab_11_abdullah.sim/sim_1/behav/xsim'
INFO: [USF-XSim-98] *** Running xsim
   with args "tb_Task1_behav -key {Behavioral:sim_1:Functional:tb_Task1} -tclbatch {tb_Task1.tcl} -log {simulate.log}"
INFO: [USF-XSim-8] Loading simulator feature
Vivado Simulator 2020.1
Time resolution is 1 ps
source tb_Task1.tcl
# set curr_wave [current_wave_config]
# if { [string length $curr_wave] == 0 } {
#   if { [llength [get_objects]] > 0} {
#     add_wave /
#     set_property needs_save false [current_wave_config]
#   } else {
#      send_msg_id Add_Wave-1 WARNING "No top level signals found. Simulator will start without a wave window. If you want to open a wave window go to 'File->New Waveform Configuration' or type 'create_wave_config' in the TCL console."
#   }
# }
# run 1000ns
Pass: PC incremented to 4.
Pass: PC incremented to 8.
Pass: I-Type Immediate Generation Produced -5 (fffffffb).
Generated Immediate before shift:  2147483646
Current PC is         16
Fail: Branch PC calculation. Expected 16, got         12
$finish called at time : 70 ns : File "C:/Users/HP/Desktop/4th Sem/CA/lab_11_abdullah/lab_11_abdullah.srcs/sim_1/imports/Lab11/tb_Task1.v" Line 110
INFO: [USF-XSim-96] XSim completed. Design snapshot 'tb_Task1_behav' loaded.
INFO: [USF-XSim-97] XSim simulation ran for 1000ns
launch_simulation: Time (s): cpu = 00:00:07 ; elapsed = 00:00:06 . Memory (MB): peak = 1028.617 ; gain = 0.000
launch_runs synth_1 -jobs 6
[Sat Apr 18 18:39:02 2026] Launched synth_1...
Run output will be captured here: C:/Users/HP/Desktop/4th Sem/CA/lab_11_abdullah/lab_11_abdullah.runs/synth_1/runme.log
reset_run synth_1
launch_runs synth_1 -jobs 6
[Sat Apr 18 18:44:05 2026] Launched synth_1...
Run output will be captured here: C:/Users/HP/Desktop/4th Sem/CA/lab_11_abdullah/lab_11_abdullah.runs/synth_1/runme.log
open_run synth_1 -name synth_1
Design is defaulting to impl run constrset: constrs_1
Design is defaulting to synth run part: xc7a35tcpg236-1
INFO: [Device 21-403] Loading part xc7a35tcpg236-1
Netlist sorting complete. Time (s): cpu = 00:00:00 ; elapsed = 00:00:00 . Memory (MB): peak = 1182.273 ; gain = 0.000
INFO: [Project 1-479] Netlist was created with Vivado 2020.1
INFO: [Project 1-570] Preparing netlist for logic optimization
INFO: [Opt 31-138] Pushed 0 inverter(s) to 0 load pin(s).
Netlist sorting complete. Time (s): cpu = 00:00:00 ; elapsed = 00:00:00 . Memory (MB): peak = 1263.277 ; gain = 0.000
INFO: [Project 1-111] Unisim Transformation Summary:
No Unisim elements were transformed.

open_run: Time (s): cpu = 00:00:12 ; elapsed = 00:00:09 . Memory (MB): peak = 1381.172 ; gain = 352.555
reset_run synth_1
launch_runs synth_1 -jobs 6
[Sat Apr 18 18:49:51 2026] Launched synth_1...
Run output will be captured here: C:/Users/HP/Desktop/4th Sem/CA/lab_11_abdullah/lab_11_abdullah.runs/synth_1/runme.log
launch_runs impl_1 -jobs 6
WARNING: [Project 1-478] Design 'synth_1' is stale and will not be used when launching 'impl_1'
[Sat Apr 18 18:53:09 2026] Launched impl_1...
Run output will be captured here: C:/Users/HP/Desktop/4th Sem/CA/lab_11_abdullah/lab_11_abdullah.runs/impl_1/runme.log
refresh_design
Netlist sorting complete. Time (s): cpu = 00:00:00 ; elapsed = 00:00:00.001 . Memory (MB): peak = 1947.051 ; gain = 0.000
INFO: [Project 1-479] Netlist was created with Vivado 2020.1
INFO: [Project 1-570] Preparing netlist for logic optimization
INFO: [Opt 31-138] Pushed 0 inverter(s) to 0 load pin(s).
refresh_design: Time (s): cpu = 00:00:12 ; elapsed = 00:00:07 . Memory (MB): peak = 2241.621 ; gain = 403.094
close_design
open_run synth_1 -name synth_1
Design is defaulting to impl run constrset: constrs_1
Design is defaulting to synth run part: xc7a35tcpg236-1
Netlist sorting complete. Time (s): cpu = 00:00:00 ; elapsed = 00:00:00 . Memory (MB): peak = 2245.691 ; gain = 0.000
INFO: [Project 1-479] Netlist was created with Vivado 2020.1
INFO: [Project 1-570] Preparing netlist for logic optimization
INFO: [Opt 31-138] Pushed 0 inverter(s) to 0 load pin(s).
Netlist sorting complete. Time (s): cpu = 00:00:00 ; elapsed = 00:00:00 . Memory (MB): peak = 2248.059 ; gain = 0.000
INFO: [Project 1-111] Unisim Transformation Summary:
No Unisim elements were transformed.

close_design
synth_design -rtl -name rtl_1
Command: synth_design -rtl -name rtl_1
Starting synth_design
Using part: xc7a35tcpg236-1
Top: TopLevelProcessor
---------------------------------------------------------------------------------
Starting RTL Elaboration : Time (s): cpu = 00:00:03 ; elapsed = 00:00:03 . Memory (MB): peak = 2248.059 ; gain = 0.000
---------------------------------------------------------------------------------
INFO: [Synth 8-6157] synthesizing module 'TopLevelProcessor' [C:/Users/HP/Desktop/4th Sem/CA/lab_11_abdullah/lab_11_abdullah.srcs/sources_1/imports/Lab11/TopLevelProcessor.v:3]
INFO: [Synth 8-6157] synthesizing module 'ProgramCounter' [C:/Users/HP/Desktop/4th Sem/CA/lab_11_abdullah/lab_11_abdullah.srcs/sources_1/imports/Lab11/ProgramCounter.v:3]
INFO: [Synth 8-6155] done synthesizing module 'ProgramCounter' (1#1) [C:/Users/HP/Desktop/4th Sem/CA/lab_11_abdullah/lab_11_abdullah.srcs/sources_1/imports/Lab11/ProgramCounter.v:3]
INFO: [Synth 8-6157] synthesizing module 'pcAdder' [C:/Users/HP/Desktop/4th Sem/CA/lab_11_abdullah/lab_11_abdullah.srcs/sources_1/imports/Lab11/pcAdder.v:3]
INFO: [Synth 8-6155] done synthesizing module 'pcAdder' (2#1) [C:/Users/HP/Desktop/4th Sem/CA/lab_11_abdullah/lab_11_abdullah.srcs/sources_1/imports/Lab11/pcAdder.v:3]
INFO: [Synth 8-6157] synthesizing module 'branchAdder' [C:/Users/HP/Desktop/4th Sem/CA/lab_11_abdullah/lab_11_abdullah.srcs/sources_1/imports/Lab11/branchAdder.v:3]
INFO: [Synth 8-6155] done synthesizing module 'branchAdder' (3#1) [C:/Users/HP/Desktop/4th Sem/CA/lab_11_abdullah/lab_11_abdullah.srcs/sources_1/imports/Lab11/branchAdder.v:3]
INFO: [Synth 8-6157] synthesizing module 'mux2' [C:/Users/HP/Desktop/4th Sem/CA/lab_11_abdullah/lab_11_abdullah.srcs/sources_1/imports/Lab11/mux2.v:3]
	Parameter WIDTH bound to: 32 - type: integer 
INFO: [Synth 8-6155] done synthesizing module 'mux2' (4#1) [C:/Users/HP/Desktop/4th Sem/CA/lab_11_abdullah/lab_11_abdullah.srcs/sources_1/imports/Lab11/mux2.v:3]
INFO: [Synth 8-6157] synthesizing module 'InstructionMemory' [C:/Users/HP/Desktop/4th Sem/CA/lab_11_abdullah/lab_11_abdullah.srcs/sources_1/imports/Lab11/InstructionMemory.v:3]
INFO: [Synth 8-6155] done synthesizing module 'InstructionMemory' (5#1) [C:/Users/HP/Desktop/4th Sem/CA/lab_11_abdullah/lab_11_abdullah.srcs/sources_1/imports/Lab11/InstructionMemory.v:3]
INFO: [Synth 8-6157] synthesizing module 'main_control' [C:/Users/HP/Desktop/4th Sem/CA/lab_11_abdullah/lab_11_abdullah.srcs/sources_1/imports/Lab11/main_control.v:1]
INFO: [Synth 8-6155] done synthesizing module 'main_control' (6#1) [C:/Users/HP/Desktop/4th Sem/CA/lab_11_abdullah/lab_11_abdullah.srcs/sources_1/imports/Lab11/main_control.v:1]
INFO: [Synth 8-6157] synthesizing module 'alu_control' [C:/Users/HP/Desktop/4th Sem/CA/lab_11_abdullah/lab_11_abdullah.srcs/sources_1/imports/Lab11/alu_control.v:1]
INFO: [Synth 8-6155] done synthesizing module 'alu_control' (7#1) [C:/Users/HP/Desktop/4th Sem/CA/lab_11_abdullah/lab_11_abdullah.srcs/sources_1/imports/Lab11/alu_control.v:1]
INFO: [Synth 8-6157] synthesizing module 'RegisterFile' [C:/Users/HP/Desktop/4th Sem/CA/lab_11_abdullah/lab_11_abdullah.srcs/sources_1/imports/Lab11/RegisterFile.v:1]
INFO: [Synth 8-6155] done synthesizing module 'RegisterFile' (8#1) [C:/Users/HP/Desktop/4th Sem/CA/lab_11_abdullah/lab_11_abdullah.srcs/sources_1/imports/Lab11/RegisterFile.v:1]
INFO: [Synth 8-6157] synthesizing module 'immGen' [C:/Users/HP/Desktop/4th Sem/CA/lab_11_abdullah/lab_11_abdullah.srcs/sources_1/imports/Lab11/immGen.v:3]
INFO: [Synth 8-6155] done synthesizing module 'immGen' (9#1) [C:/Users/HP/Desktop/4th Sem/CA/lab_11_abdullah/lab_11_abdullah.srcs/sources_1/imports/Lab11/immGen.v:3]
INFO: [Synth 8-6157] synthesizing module 'ALU' [C:/Users/HP/Desktop/4th Sem/CA/lab_11_abdullah/lab_11_abdullah.srcs/sources_1/imports/Lab11/ALU.v:3]
INFO: [Synth 8-6155] done synthesizing module 'ALU' (10#1) [C:/Users/HP/Desktop/4th Sem/CA/lab_11_abdullah/lab_11_abdullah.srcs/sources_1/imports/Lab11/ALU.v:3]
INFO: [Synth 8-6157] synthesizing module 'DataMemory' [C:/Users/HP/Desktop/4th Sem/CA/lab_11_abdullah/lab_11_abdullah.srcs/sources_1/imports/Lab11/DataMemory.v:3]
INFO: [Synth 8-6155] done synthesizing module 'DataMemory' (11#1) [C:/Users/HP/Desktop/4th Sem/CA/lab_11_abdullah/lab_11_abdullah.srcs/sources_1/imports/Lab11/DataMemory.v:3]
INFO: [Synth 8-6155] done synthesizing module 'TopLevelProcessor' (12#1) [C:/Users/HP/Desktop/4th Sem/CA/lab_11_abdullah/lab_11_abdullah.srcs/sources_1/imports/Lab11/TopLevelProcessor.v:3]
---------------------------------------------------------------------------------
Finished RTL Elaboration : Time (s): cpu = 00:00:04 ; elapsed = 00:00:04 . Memory (MB): peak = 2248.059 ; gain = 0.000
---------------------------------------------------------------------------------
---------------------------------------------------------------------------------
Start Handling Custom Attributes
---------------------------------------------------------------------------------
---------------------------------------------------------------------------------
Finished Handling Custom Attributes : Time (s): cpu = 00:00:05 ; elapsed = 00:00:05 . Memory (MB): peak = 2248.059 ; gain = 0.000
---------------------------------------------------------------------------------
---------------------------------------------------------------------------------
Finished RTL Optimization Phase 1 : Time (s): cpu = 00:00:05 ; elapsed = 00:00:05 . Memory (MB): peak = 2248.059 ; gain = 0.000
---------------------------------------------------------------------------------
Netlist sorting complete. Time (s): cpu = 00:00:00 ; elapsed = 00:00:00.018 . Memory (MB): peak = 2248.059 ; gain = 0.000
INFO: [Project 1-570] Preparing netlist for logic optimization

Processing XDC Constraints
Initializing timing engine
Completed Processing XDC Constraints

INFO: [Opt 31-138] Pushed 0 inverter(s) to 0 load pin(s).
Netlist sorting complete. Time (s): cpu = 00:00:00 ; elapsed = 00:00:00 . Memory (MB): peak = 2295.812 ; gain = 0.000
INFO: [Project 1-111] Unisim Transformation Summary:
No Unisim elements were transformed.

RTL Elaboration Complete:  : Time (s): cpu = 00:00:11 ; elapsed = 00:00:09 . Memory (MB): peak = 2295.812 ; gain = 47.754
27 Infos, 0 Warnings, 0 Critical Warnings and 0 Errors encountered.
synth_design completed successfully
synth_design: Time (s): cpu = 00:00:11 ; elapsed = 00:00:09 . Memory (MB): peak = 2295.812 ; gain = 47.754
close_design
reset_run synth_1
launch_runs synth_1 -jobs 6
[Sat Apr 18 19:10:16 2026] Launched synth_1...
Run output will be captured here: C:/Users/HP/Desktop/4th Sem/CA/lab_11_abdullah/lab_11_abdullah.runs/synth_1/runme.log
open_run synth_1 -name synth_1
Design is defaulting to impl run constrset: constrs_1
Design is defaulting to synth run part: xc7a35tcpg236-1
Netlist sorting complete. Time (s): cpu = 00:00:00 ; elapsed = 00:00:00 . Memory (MB): peak = 2399.855 ; gain = 0.000
INFO: [Project 1-479] Netlist was created with Vivado 2020.1
INFO: [Project 1-570] Preparing netlist for logic optimization
INFO: [Opt 31-138] Pushed 0 inverter(s) to 0 load pin(s).
Netlist sorting complete. Time (s): cpu = 00:00:00 ; elapsed = 00:00:00 . Memory (MB): peak = 2399.855 ; gain = 0.000
INFO: [Project 1-111] Unisim Transformation Summary:
No Unisim elements were transformed.

synth_design -rtl -name rtl_1
Command: synth_design -rtl -name rtl_1
Starting synth_design
Using part: xc7a35tcpg236-1
Top: TopLevelProcessor
---------------------------------------------------------------------------------
Starting RTL Elaboration : Time (s): cpu = 00:00:04 ; elapsed = 00:00:03 . Memory (MB): peak = 2399.855 ; gain = 0.000
---------------------------------------------------------------------------------
INFO: [Synth 8-6157] synthesizing module 'TopLevelProcessor' [C:/Users/HP/Desktop/4th Sem/CA/lab_11_abdullah/lab_11_abdullah.srcs/sources_1/imports/Lab11/TopLevelProcessor.v:3]
INFO: [Synth 8-6157] synthesizing module 'ProgramCounter' [C:/Users/HP/Desktop/4th Sem/CA/lab_11_abdullah/lab_11_abdullah.srcs/sources_1/imports/Lab11/ProgramCounter.v:3]
INFO: [Synth 8-6155] done synthesizing module 'ProgramCounter' (1#1) [C:/Users/HP/Desktop/4th Sem/CA/lab_11_abdullah/lab_11_abdullah.srcs/sources_1/imports/Lab11/ProgramCounter.v:3]
INFO: [Synth 8-6157] synthesizing module 'pcAdder' [C:/Users/HP/Desktop/4th Sem/CA/lab_11_abdullah/lab_11_abdullah.srcs/sources_1/imports/Lab11/pcAdder.v:3]
INFO: [Synth 8-6155] done synthesizing module 'pcAdder' (2#1) [C:/Users/HP/Desktop/4th Sem/CA/lab_11_abdullah/lab_11_abdullah.srcs/sources_1/imports/Lab11/pcAdder.v:3]
INFO: [Synth 8-6157] synthesizing module 'branchAdder' [C:/Users/HP/Desktop/4th Sem/CA/lab_11_abdullah/lab_11_abdullah.srcs/sources_1/imports/Lab11/branchAdder.v:3]
INFO: [Synth 8-6155] done synthesizing module 'branchAdder' (3#1) [C:/Users/HP/Desktop/4th Sem/CA/lab_11_abdullah/lab_11_abdullah.srcs/sources_1/imports/Lab11/branchAdder.v:3]
INFO: [Synth 8-6157] synthesizing module 'mux2' [C:/Users/HP/Desktop/4th Sem/CA/lab_11_abdullah/lab_11_abdullah.srcs/sources_1/imports/Lab11/mux2.v:3]
	Parameter WIDTH bound to: 32 - type: integer 
INFO: [Synth 8-6155] done synthesizing module 'mux2' (4#1) [C:/Users/HP/Desktop/4th Sem/CA/lab_11_abdullah/lab_11_abdullah.srcs/sources_1/imports/Lab11/mux2.v:3]
INFO: [Synth 8-6157] synthesizing module 'InstructionMemory' [C:/Users/HP/Desktop/4th Sem/CA/lab_11_abdullah/lab_11_abdullah.srcs/sources_1/imports/Lab11/InstructionMemory.v:3]
INFO: [Synth 8-6155] done synthesizing module 'InstructionMemory' (5#1) [C:/Users/HP/Desktop/4th Sem/CA/lab_11_abdullah/lab_11_abdullah.srcs/sources_1/imports/Lab11/InstructionMemory.v:3]
INFO: [Synth 8-6157] synthesizing module 'main_control' [C:/Users/HP/Desktop/4th Sem/CA/lab_11_abdullah/lab_11_abdullah.srcs/sources_1/imports/Lab11/main_control.v:1]
INFO: [Synth 8-6155] done synthesizing module 'main_control' (6#1) [C:/Users/HP/Desktop/4th Sem/CA/lab_11_abdullah/lab_11_abdullah.srcs/sources_1/imports/Lab11/main_control.v:1]
INFO: [Synth 8-6157] synthesizing module 'alu_control' [C:/Users/HP/Desktop/4th Sem/CA/lab_11_abdullah/lab_11_abdullah.srcs/sources_1/imports/Lab11/alu_control.v:1]
INFO: [Synth 8-6155] done synthesizing module 'alu_control' (7#1) [C:/Users/HP/Desktop/4th Sem/CA/lab_11_abdullah/lab_11_abdullah.srcs/sources_1/imports/Lab11/alu_control.v:1]
INFO: [Synth 8-6157] synthesizing module 'RegisterFile' [C:/Users/HP/Desktop/4th Sem/CA/lab_11_abdullah/lab_11_abdullah.srcs/sources_1/imports/Lab11/RegisterFile.v:1]
INFO: [Synth 8-6155] done synthesizing module 'RegisterFile' (8#1) [C:/Users/HP/Desktop/4th Sem/CA/lab_11_abdullah/lab_11_abdullah.srcs/sources_1/imports/Lab11/RegisterFile.v:1]
INFO: [Synth 8-6157] synthesizing module 'immGen' [C:/Users/HP/Desktop/4th Sem/CA/lab_11_abdullah/lab_11_abdullah.srcs/sources_1/imports/Lab11/immGen.v:3]
INFO: [Synth 8-6155] done synthesizing module 'immGen' (9#1) [C:/Users/HP/Desktop/4th Sem/CA/lab_11_abdullah/lab_11_abdullah.srcs/sources_1/imports/Lab11/immGen.v:3]
INFO: [Synth 8-6157] synthesizing module 'ALU' [C:/Users/HP/Desktop/4th Sem/CA/lab_11_abdullah/lab_11_abdullah.srcs/sources_1/imports/Lab11/ALU.v:3]
INFO: [Synth 8-6155] done synthesizing module 'ALU' (10#1) [C:/Users/HP/Desktop/4th Sem/CA/lab_11_abdullah/lab_11_abdullah.srcs/sources_1/imports/Lab11/ALU.v:3]
INFO: [Synth 8-6157] synthesizing module 'DataMemory' [C:/Users/HP/Desktop/4th Sem/CA/lab_11_abdullah/lab_11_abdullah.srcs/sources_1/imports/Lab11/DataMemory.v:3]
INFO: [Synth 8-6155] done synthesizing module 'DataMemory' (11#1) [C:/Users/HP/Desktop/4th Sem/CA/lab_11_abdullah/lab_11_abdullah.srcs/sources_1/imports/Lab11/DataMemory.v:3]
INFO: [Synth 8-6155] done synthesizing module 'TopLevelProcessor' (12#1) [C:/Users/HP/Desktop/4th Sem/CA/lab_11_abdullah/lab_11_abdullah.srcs/sources_1/imports/Lab11/TopLevelProcessor.v:3]
---------------------------------------------------------------------------------
Finished RTL Elaboration : Time (s): cpu = 00:00:05 ; elapsed = 00:00:04 . Memory (MB): peak = 2399.855 ; gain = 0.000
---------------------------------------------------------------------------------
---------------------------------------------------------------------------------
Start Handling Custom Attributes
---------------------------------------------------------------------------------
---------------------------------------------------------------------------------
Finished Handling Custom Attributes : Time (s): cpu = 00:00:05 ; elapsed = 00:00:04 . Memory (MB): peak = 2399.855 ; gain = 0.000
---------------------------------------------------------------------------------
---------------------------------------------------------------------------------
Finished RTL Optimization Phase 1 : Time (s): cpu = 00:00:05 ; elapsed = 00:00:04 . Memory (MB): peak = 2399.855 ; gain = 0.000
---------------------------------------------------------------------------------
Netlist sorting complete. Time (s): cpu = 00:00:00 ; elapsed = 00:00:00.016 . Memory (MB): peak = 2399.855 ; gain = 0.000
INFO: [Project 1-570] Preparing netlist for logic optimization

Processing XDC Constraints
Initializing timing engine
Completed Processing XDC Constraints

INFO: [Opt 31-138] Pushed 0 inverter(s) to 0 load pin(s).
Netlist sorting complete. Time (s): cpu = 00:00:00 ; elapsed = 00:00:00 . Memory (MB): peak = 2429.758 ; gain = 0.000
INFO: [Project 1-111] Unisim Transformation Summary:
No Unisim elements were transformed.

RTL Elaboration Complete:  : Time (s): cpu = 00:00:09 ; elapsed = 00:00:08 . Memory (MB): peak = 2429.758 ; gain = 29.902
27 Infos, 0 Warnings, 0 Critical Warnings and 0 Errors encountered.
synth_design completed successfully
synth_design: Time (s): cpu = 00:00:09 ; elapsed = 00:00:08 . Memory (MB): peak = 2429.758 ; gain = 29.902
write_schematic -format pdf -orientation landscape C:/Users/HP/Desktop/schematic.pdf
C:/Users/HP/Desktop/schematic.pdf
write_schematic -format pdf -orientation portrait -force C:/Users/HP/Desktop/schematic.pdf
C:/Users/HP/Desktop/schematic.pdf
write_schematic -format pdf -orientation portrait C:/Users/HP/Desktop/schematic.pdf
C:/Users/HP/Desktop/schematic.pdf
current_design synth_1
report_utilization -name utilization_1
report_utilization -name utilization_2
close_design
open_run synth_1 -name synth_1
Design is defaulting to impl run constrset: constrs_1
Design is defaulting to synth run part: xc7a35tcpg236-1
Netlist sorting complete. Time (s): cpu = 00:00:00 ; elapsed = 00:00:00 . Memory (MB): peak = 2441.980 ; gain = 0.000
INFO: [Project 1-479] Netlist was created with Vivado 2020.1
INFO: [Project 1-570] Preparing netlist for logic optimization
INFO: [Opt 31-138] Pushed 0 inverter(s) to 0 load pin(s).
Netlist sorting complete. Time (s): cpu = 00:00:00 ; elapsed = 00:00:00 . Memory (MB): peak = 2442.016 ; gain = 0.000
INFO: [Project 1-111] Unisim Transformation Summary:
No Unisim elements were transformed.

report_utilization -name utilization_1
report_utilization -name utilization_2
reset_run synth_1
launch_runs synth_1 -jobs 6
[Sat Apr 18 19:31:51 2026] Launched synth_1...
Run output will be captured here: C:/Users/HP/Desktop/4th Sem/CA/lab_11_abdullah/lab_11_abdullah.runs/synth_1/runme.log
reset_run synth_1
WARNING: [Vivado 12-1017] Problems encountered:
1. Failed to delete one or more files in run directory C:/Users/HP/Desktop/4th Sem/CA/lab_11_abdullah/lab_11_abdullah.runs/synth_1

launch_runs synth_1 -jobs 6
[Sat Apr 18 19:32:03 2026] Launched synth_1...
Run output will be captured here: C:/Users/HP/Desktop/4th Sem/CA/lab_11_abdullah/lab_11_abdullah.runs/synth_1/runme.log
launch_runs impl_1 -jobs 6
WARNING: [Project 1-478] Design 'synth_1' is stale and will not be used when launching 'impl_1'
[Sat Apr 18 19:33:37 2026] Launched impl_1...
Run output will be captured here: C:/Users/HP/Desktop/4th Sem/CA/lab_11_abdullah/lab_11_abdullah.runs/impl_1/runme.log
close_design
close_design
open_run synth_1 -name synth_1
Design is defaulting to impl run constrset: constrs_1
Design is defaulting to synth run part: xc7a35tcpg236-1
Netlist sorting complete. Time (s): cpu = 00:00:00 ; elapsed = 00:00:00 . Memory (MB): peak = 2636.348 ; gain = 0.000
INFO: [Project 1-479] Netlist was created with Vivado 2020.1
INFO: [Project 1-570] Preparing netlist for logic optimization
INFO: [Opt 31-138] Pushed 0 inverter(s) to 0 load pin(s).
Netlist sorting complete. Time (s): cpu = 00:00:00 ; elapsed = 00:00:00 . Memory (MB): peak = 2636.348 ; gain = 0.000
INFO: [Project 1-111] Unisim Transformation Summary:
No Unisim elements were transformed.

report_utilization -name utilization_1
reset_run synth_1
launch_runs synth_1 -jobs 6
[Sat Apr 18 19:37:57 2026] Launched synth_1...
Run output will be captured here: C:/Users/HP/Desktop/4th Sem/CA/lab_11_abdullah/lab_11_abdullah.runs/synth_1/runme.log
close_design
open_run synth_1 -name synth_1
Design is defaulting to impl run constrset: constrs_1
Design is defaulting to synth run part: xc7a35tcpg236-1
Netlist sorting complete. Time (s): cpu = 00:00:00 ; elapsed = 00:00:00.006 . Memory (MB): peak = 2636.348 ; gain = 0.000
INFO: [Netlist 29-17] Analyzing 84 Unisim elements for replacement
INFO: [Netlist 29-28] Unisim Transformation completed in 0 CPU seconds
INFO: [Project 1-479] Netlist was created with Vivado 2020.1
INFO: [Project 1-570] Preparing netlist for logic optimization
INFO: [Opt 31-138] Pushed 0 inverter(s) to 0 load pin(s).
Netlist sorting complete. Time (s): cpu = 00:00:00 ; elapsed = 00:00:00.001 . Memory (MB): peak = 2636.348 ; gain = 0.000
INFO: [Project 1-111] Unisim Transformation Summary:
  A total of 64 instances were transformed.
  RAM256X1S => RAM256X1S (MUXF7(x2), MUXF8, RAMS64E(x4)): 64 instances

write_schematic -format pdf -orientation portrait C:/Users/HP/Desktop/datapath.pdf
C:/Users/HP/Desktop/datapath.pdf
report_utilization -name utilization_1
report_timing_summary -delay_type min_max -report_unconstrained -check_timing_verbose -max_paths 10 -input_pins -routable_nets -name timing_1
INFO: [Timing 38-35] Done setting XDC timing constraints.
INFO: [Timing 38-91] UpdateTimingParams: Speed grade: -1, Delay Type: min_max.
INFO: [Timing 38-191] Multithreading enabled for timing update using a maximum of 2 CPUs
close_sim
INFO: [Simtcl 6-16] Simulation closed
exit
INFO: [Common 17-206] Exiting Vivado at Sat Apr 18 19:49:44 2026...
