#-----------------------------------------------------------
# Vivado v2020.1 (64-bit)
# SW Build 2902540 on Wed May 27 19:54:49 MDT 2020
# IP Build 2902112 on Wed May 27 22:43:36 MDT 2020
# Start of session at: Mon Mar  2 16:30:34 2026
# Process ID: 17768
# Current directory: C:/Users/HP/Desktop/abdullah_final_lab5/abdullah_final_lab5
# Command line: vivado.exe -gui_launcher_event rodinguilauncherevent11636 C:\Users\HP\Desktop\abdullah_final_lab5\abdullah_final_lab5\abdullah_final_lab5.xpr
# Log file: C:/Users/HP/Desktop/abdullah_final_lab5/abdullah_final_lab5/vivado.log
# Journal file: C:/Users/HP/Desktop/abdullah_final_lab5/abdullah_final_lab5\vivado.jou
#-----------------------------------------------------------
start_gui
open_project C:/Users/HP/Desktop/abdullah_final_lab5/abdullah_final_lab5/abdullah_final_lab5.xpr
INFO: [Project 1-313] Project file moved from 'C:/Users/ma10020/Desktop/abdullah_final_lab5' since last save.
Scanning sources...
Finished scanning sources
INFO: [IP_Flow 19-234] Refreshing IP repositories
INFO: [IP_Flow 19-1704] No user IP repositories specified
INFO: [IP_Flow 19-2313] Loaded Vivado IP repository 'C:/Xilinx/Vivado/2020.1/data/ip'.
open_project: Time (s): cpu = 00:00:37 ; elapsed = 00:00:18 . Memory (MB): peak = 1015.594 ; gain = 0.000
update_compile_order -fileset sources_1
update_compile_order -fileset sources_1
launch_simulation
Command: launch_simulation 
INFO: [Vivado 12-5682] Launching behavioral simulation in 'C:/Users/HP/Desktop/abdullah_final_lab5/abdullah_final_lab5/abdullah_final_lab5.sim/sim_1/behav/xsim'
INFO: [SIM-utils-51] Simulation object is 'sim_1'
INFO: [SIM-utils-54] Inspecting design source files for 'FSM_tb' in fileset 'sim_1'...
INFO: [USF-XSim-97] Finding global include files...
INFO: [USF-XSim-98] Fetching design files from 'sim_1'...
INFO: [USF-XSim-2] XSim::Compile design
INFO: [USF-XSim-61] Executing 'COMPILE and ANALYZE' step in 'C:/Users/HP/Desktop/abdullah_final_lab5/abdullah_final_lab5/abdullah_final_lab5.sim/sim_1/behav/xsim'
"xvlog --incr --relax -prj FSM_tb_vlog.prj"
INFO: [VRFC 10-2263] Analyzing Verilog file "C:/Users/HP/Desktop/abdullah_final_lab5/abdullah_final_lab5/abdullah_final_lab5.srcs/sources_1/new/downCounter.v" into library xil_defaultlib
INFO: [VRFC 10-311] analyzing module startcounter
INFO: [VRFC 10-2263] Analyzing Verilog file "C:/Users/HP/Desktop/abdullah_final_lab5/abdullah_final_lab5/abdullah_final_lab5.srcs/sources_1/new/fsm.v" into library xil_defaultlib
INFO: [VRFC 10-311] analyzing module FSM
INFO: [VRFC 10-2263] Analyzing Verilog file "C:/Users/HP/Desktop/abdullah_final_lab5/abdullah_final_lab5/abdullah_final_lab5.srcs/sim_1/new/FSM_tb.v" into library xil_defaultlib
INFO: [VRFC 10-311] analyzing module FSM_tb
INFO: [VRFC 10-2263] Analyzing Verilog file "C:/Users/HP/Desktop/abdullah_final_lab5/abdullah_final_lab5/abdullah_final_lab5.sim/sim_1/behav/xsim/glbl.v" into library xil_defaultlib
INFO: [VRFC 10-311] analyzing module glbl
run_program: Time (s): cpu = 00:00:01 ; elapsed = 00:00:08 . Memory (MB): peak = 1015.594 ; gain = 0.000
INFO: [USF-XSim-69] 'compile' step finished in '8' seconds
INFO: [USF-XSim-3] XSim::Elaborate design
INFO: [USF-XSim-61] Executing 'ELABORATE' step in 'C:/Users/HP/Desktop/abdullah_final_lab5/abdullah_final_lab5/abdullah_final_lab5.sim/sim_1/behav/xsim'
"xelab -wto a641c1d469fe4ffcb308d4a11bc3e13b --incr --debug typical --relax --mt 2 -L xil_defaultlib -L unisims_ver -L unimacro_ver -L secureip --snapshot FSM_tb_behav xil_defaultlib.FSM_tb xil_defaultlib.glbl -log elaborate.log"
Vivado Simulator 2020.1
Copyright 1986-1999, 2001-2020 Xilinx, Inc. All Rights Reserved.
Running: C:/Xilinx/Vivado/2020.1/bin/unwrapped/win64.o/xelab.exe -wto a641c1d469fe4ffcb308d4a11bc3e13b --incr --debug typical --relax --mt 2 -L xil_defaultlib -L unisims_ver -L unimacro_ver -L secureip --snapshot FSM_tb_behav xil_defaultlib.FSM_tb xil_defaultlib.glbl -log elaborate.log 
Using 2 slave threads.
Starting static elaboration
Pass Through NonSizing Optimizer
Completed static elaboration
Starting simulation data flow analysis
Completed simulation data flow analysis
Time Resolution for simulation is 1ps
Compiling module xil_defaultlib.startcounter
Compiling module xil_defaultlib.FSM
Compiling module xil_defaultlib.FSM_tb
Compiling module xil_defaultlib.glbl
Built simulation snapshot FSM_tb_behav

****** Webtalk v2020.1 (64-bit)
  **** SW Build 2902540 on Wed May 27 19:54:49 MDT 2020
  **** IP Build 2902112 on Wed May 27 22:43:36 MDT 2020
    ** Copyright 1986-2020 Xilinx, Inc. All Rights Reserved.

source C:/Users/HP/Desktop/abdullah_final_lab5/abdullah_final_lab5/abdullah_final_lab5.sim/sim_1/behav/xsim/xsim.dir/FSM_tb_behav/webtalk/xsim_webtalk.tcl -notrace
INFO: [Common 17-206] Exiting Webtalk at Mon Mar  2 16:40:20 2026...
run_program: Time (s): cpu = 00:00:02 ; elapsed = 00:00:17 . Memory (MB): peak = 1015.594 ; gain = 0.000
INFO: [USF-XSim-69] 'elaborate' step finished in '17' seconds
INFO: [USF-XSim-4] XSim::Simulate design
INFO: [USF-XSim-61] Executing 'SIMULATE' step in 'C:/Users/HP/Desktop/abdullah_final_lab5/abdullah_final_lab5/abdullah_final_lab5.sim/sim_1/behav/xsim'
INFO: [USF-XSim-98] *** Running xsim
   with args "FSM_tb_behav -key {Behavioral:sim_1:Functional:FSM_tb} -tclbatch {FSM_tb.tcl} -log {simulate.log}"
INFO: [USF-XSim-8] Loading simulator feature
Vivado Simulator 2020.1
Time resolution is 1 ps
source FSM_tb.tcl
# set curr_wave [current_wave_config]
# if { [string length $curr_wave] == 0 } {
#   if { [llength [get_objects]] > 0} {
#     add_wave /
#     set_property needs_save false [current_wave_config]
#   } else {
#      send_msg_id Add_Wave-1 WARNING "No top level signals found. Simulator will start without a wave window. If you want to open a wave window go to 'File->New Waveform Configuration' or type 'create_wave_config' in the TCL console."
#   }
# }
# run 1000ns
$finish called at time : 370 ns : File "C:/Users/HP/Desktop/abdullah_final_lab5/abdullah_final_lab5/abdullah_final_lab5.srcs/sim_1/new/FSM_tb.v" Line 25
xsim: Time (s): cpu = 00:00:17 ; elapsed = 00:00:09 . Memory (MB): peak = 1015.594 ; gain = 0.000
INFO: [USF-XSim-96] XSim completed. Design snapshot 'FSM_tb_behav' loaded.
INFO: [USF-XSim-97] XSim simulation ran for 1000ns
launch_simulation: Time (s): cpu = 00:00:23 ; elapsed = 00:00:39 . Memory (MB): peak = 1015.594 ; gain = 0.000
update_compile_order -fileset sources_1
update_compile_order -fileset sim_1
close_sim
INFO: [Simtcl 6-16] Simulation closed
close_sim: Time (s): cpu = 00:00:06 ; elapsed = 00:00:10 . Memory (MB): peak = 1015.594 ; gain = 0.000
launch_simulation
Command: launch_simulation 
INFO: [Vivado 12-5682] Launching behavioral simulation in 'C:/Users/HP/Desktop/abdullah_final_lab5/abdullah_final_lab5/abdullah_final_lab5.sim/sim_1/behav/xsim'
INFO: [SIM-utils-51] Simulation object is 'sim_1'
INFO: [SIM-utils-54] Inspecting design source files for 'top' in fileset 'sim_1'...
INFO: [USF-XSim-97] Finding global include files...
INFO: [USF-XSim-98] Fetching design files from 'sim_1'...
INFO: [USF-XSim-2] XSim::Compile design
INFO: [USF-XSim-61] Executing 'COMPILE and ANALYZE' step in 'C:/Users/HP/Desktop/abdullah_final_lab5/abdullah_final_lab5/abdullah_final_lab5.sim/sim_1/behav/xsim'
"xvlog --incr --relax -prj top_vlog.prj"
INFO: [VRFC 10-2263] Analyzing Verilog file "C:/Users/HP/Desktop/abdullah_final_lab5/abdullah_final_lab5/abdullah_final_lab5.srcs/sources_1/new/debouncer.v" into library xil_defaultlib
INFO: [VRFC 10-311] analyzing module debouncer
INFO: [VRFC 10-2263] Analyzing Verilog file "C:/Users/HP/Desktop/abdullah_final_lab5/abdullah_final_lab5/abdullah_final_lab5.srcs/sources_1/new/downCounter.v" into library xil_defaultlib
INFO: [VRFC 10-311] analyzing module startcounter
INFO: [VRFC 10-2263] Analyzing Verilog file "C:/Users/HP/Desktop/abdullah_final_lab5/abdullah_final_lab5/abdullah_final_lab5.srcs/sources_1/new/fsm.v" into library xil_defaultlib
INFO: [VRFC 10-311] analyzing module FSM
INFO: [VRFC 10-2263] Analyzing Verilog file "C:/Users/HP/Desktop/abdullah_final_lab5/abdullah_final_lab5/abdullah_final_lab5.srcs/sources_1/new/leds.v" into library xil_defaultlib
INFO: [VRFC 10-311] analyzing module leds
INFO: [VRFC 10-2263] Analyzing Verilog file "C:/Users/HP/Desktop/abdullah_final_lab5/abdullah_final_lab5/abdullah_final_lab5.srcs/sources_1/new/switches.v" into library xil_defaultlib
INFO: [VRFC 10-311] analyzing module switches
INFO: [VRFC 10-2263] Analyzing Verilog file "C:/Users/HP/Desktop/abdullah_final_lab5/abdullah_final_lab5/abdullah_final_lab5.srcs/sources_1/new/top.v" into library xil_defaultlib
INFO: [VRFC 10-311] analyzing module top
INFO: [USF-XSim-69] 'compile' step finished in '2' seconds
INFO: [USF-XSim-3] XSim::Elaborate design
INFO: [USF-XSim-61] Executing 'ELABORATE' step in 'C:/Users/HP/Desktop/abdullah_final_lab5/abdullah_final_lab5/abdullah_final_lab5.sim/sim_1/behav/xsim'
"xelab -wto a641c1d469fe4ffcb308d4a11bc3e13b --incr --debug typical --relax --mt 2 -L xil_defaultlib -L unisims_ver -L unimacro_ver -L secureip --snapshot top_behav xil_defaultlib.top xil_defaultlib.glbl -log elaborate.log"
Vivado Simulator 2020.1
Copyright 1986-1999, 2001-2020 Xilinx, Inc. All Rights Reserved.
Running: C:/Xilinx/Vivado/2020.1/bin/unwrapped/win64.o/xelab.exe -wto a641c1d469fe4ffcb308d4a11bc3e13b --incr --debug typical --relax --mt 2 -L xil_defaultlib -L unisims_ver -L unimacro_ver -L secureip --snapshot top_behav xil_defaultlib.top xil_defaultlib.glbl -log elaborate.log 
Using 2 slave threads.
Starting static elaboration
Pass Through NonSizing Optimizer
Completed static elaboration
Starting simulation data flow analysis
Completed simulation data flow analysis
Time Resolution for simulation is 1ps
Compiling module xil_defaultlib.debouncer
Compiling module xil_defaultlib.switches
Compiling module xil_defaultlib.startcounter
Compiling module xil_defaultlib.FSM
Compiling module xil_defaultlib.leds
Compiling module xil_defaultlib.top
Compiling module xil_defaultlib.glbl
Built simulation snapshot top_behav

****** Webtalk v2020.1 (64-bit)
  **** SW Build 2902540 on Wed May 27 19:54:49 MDT 2020
  **** IP Build 2902112 on Wed May 27 22:43:36 MDT 2020
    ** Copyright 1986-2020 Xilinx, Inc. All Rights Reserved.

source C:/Users/HP/Desktop/abdullah_final_lab5/abdullah_final_lab5/abdullah_final_lab5.sim/sim_1/behav/xsim/xsim.dir/top_behav/webtalk/xsim_webtalk.tcl -notrace
INFO: [Common 17-206] Exiting Webtalk at Mon Mar  2 16:49:23 2026...
run_program: Time (s): cpu = 00:00:01 ; elapsed = 00:00:08 . Memory (MB): peak = 1015.594 ; gain = 0.000
INFO: [USF-XSim-69] 'elaborate' step finished in '8' seconds
INFO: [USF-XSim-4] XSim::Simulate design
INFO: [USF-XSim-61] Executing 'SIMULATE' step in 'C:/Users/HP/Desktop/abdullah_final_lab5/abdullah_final_lab5/abdullah_final_lab5.sim/sim_1/behav/xsim'
INFO: [USF-XSim-98] *** Running xsim
   with args "top_behav -key {Behavioral:sim_1:Functional:top} -tclbatch {top.tcl} -log {simulate.log}"
INFO: [USF-XSim-8] Loading simulator feature
Vivado Simulator 2020.1
Time resolution is 1 ps
source top.tcl
# set curr_wave [current_wave_config]
# if { [string length $curr_wave] == 0 } {
#   if { [llength [get_objects]] > 0} {
#     add_wave /
#     set_property needs_save false [current_wave_config]
#   } else {
#      send_msg_id Add_Wave-1 WARNING "No top level signals found. Simulator will start without a wave window. If you want to open a wave window go to 'File->New Waveform Configuration' or type 'create_wave_config' in the TCL console."
#   }
# }
# run 1000ns
INFO: [USF-XSim-96] XSim completed. Design snapshot 'top_behav' loaded.
INFO: [USF-XSim-97] XSim simulation ran for 1000ns
launch_simulation: Time (s): cpu = 00:00:09 ; elapsed = 00:00:16 . Memory (MB): peak = 1015.594 ; gain = 0.000
set_property top fsm_testbench [get_filesets sim_1]
set_property top_lib xil_defaultlib [get_filesets sim_1]
update_compile_order -fileset sim_1
close_sim
INFO: [Simtcl 6-16] Simulation closed
close_sim: Time (s): cpu = 00:00:05 ; elapsed = 00:00:09 . Memory (MB): peak = 1015.594 ; gain = 0.000
launch_simulation
Command: launch_simulation 
INFO: [Vivado 12-5682] Launching behavioral simulation in 'C:/Users/HP/Desktop/abdullah_final_lab5/abdullah_final_lab5/abdullah_final_lab5.sim/sim_1/behav/xsim'
INFO: [SIM-utils-51] Simulation object is 'sim_1'
INFO: [SIM-utils-54] Inspecting design source files for 'fsm_testbench' in fileset 'sim_1'...
INFO: [USF-XSim-97] Finding global include files...
INFO: [USF-XSim-98] Fetching design files from 'sim_1'...
INFO: [USF-XSim-2] XSim::Compile design
INFO: [USF-XSim-61] Executing 'COMPILE and ANALYZE' step in 'C:/Users/HP/Desktop/abdullah_final_lab5/abdullah_final_lab5/abdullah_final_lab5.sim/sim_1/behav/xsim'
"xvlog --incr --relax -prj fsm_testbench_vlog.prj"
INFO: [VRFC 10-2263] Analyzing Verilog file "C:/Users/HP/Desktop/abdullah_final_lab5/abdullah_final_lab5/abdullah_final_lab5.srcs/sources_1/new/downCounter.v" into library xil_defaultlib
INFO: [VRFC 10-311] analyzing module startcounter
INFO: [VRFC 10-2263] Analyzing Verilog file "C:/Users/HP/Desktop/abdullah_final_lab5/abdullah_final_lab5/abdullah_final_lab5.srcs/sources_1/new/fsm.v" into library xil_defaultlib
INFO: [VRFC 10-311] analyzing module FSM
INFO: [VRFC 10-2263] Analyzing Verilog file "C:/Users/HP/Desktop/abdullah_final_lab5/abdullah_final_lab5/abdullah_final_lab5.srcs/sim_1/new/FSM_tb.v" into library xil_defaultlib
INFO: [VRFC 10-311] analyzing module fsm_testbench
INFO: [USF-XSim-69] 'compile' step finished in '3' seconds
INFO: [USF-XSim-3] XSim::Elaborate design
INFO: [USF-XSim-61] Executing 'ELABORATE' step in 'C:/Users/HP/Desktop/abdullah_final_lab5/abdullah_final_lab5/abdullah_final_lab5.sim/sim_1/behav/xsim'
"xelab -wto a641c1d469fe4ffcb308d4a11bc3e13b --incr --debug typical --relax --mt 2 -L xil_defaultlib -L unisims_ver -L unimacro_ver -L secureip --snapshot fsm_testbench_behav xil_defaultlib.fsm_testbench xil_defaultlib.glbl -log elaborate.log"
Vivado Simulator 2020.1
Copyright 1986-1999, 2001-2020 Xilinx, Inc. All Rights Reserved.
Running: C:/Xilinx/Vivado/2020.1/bin/unwrapped/win64.o/xelab.exe -wto a641c1d469fe4ffcb308d4a11bc3e13b --incr --debug typical --relax --mt 2 -L xil_defaultlib -L unisims_ver -L unimacro_ver -L secureip --snapshot fsm_testbench_behav xil_defaultlib.fsm_testbench xil_defaultlib.glbl -log elaborate.log 
Using 2 slave threads.
Starting static elaboration
Pass Through NonSizing Optimizer
Completed static elaboration
Starting simulation data flow analysis
Completed simulation data flow analysis
Time Resolution for simulation is 1ps
Compiling module xil_defaultlib.startcounter
Compiling module xil_defaultlib.FSM
Compiling module xil_defaultlib.fsm_testbench
Compiling module xil_defaultlib.glbl
Built simulation snapshot fsm_testbench_behav

****** Webtalk v2020.1 (64-bit)
  **** SW Build 2902540 on Wed May 27 19:54:49 MDT 2020
  **** IP Build 2902112 on Wed May 27 22:43:36 MDT 2020
    ** Copyright 1986-2020 Xilinx, Inc. All Rights Reserved.

source C:/Users/HP/Desktop/abdullah_final_lab5/abdullah_final_lab5/abdullah_final_lab5.sim/sim_1/behav/xsim/xsim.dir/fsm_testbench_behav/webtalk/xsim_webtalk.tcl -notrace
INFO: [Common 17-206] Exiting Webtalk at Mon Mar  2 16:50:21 2026...
run_program: Time (s): cpu = 00:00:01 ; elapsed = 00:00:08 . Memory (MB): peak = 1015.594 ; gain = 0.000
INFO: [USF-XSim-69] 'elaborate' step finished in '9' seconds
INFO: [USF-XSim-4] XSim::Simulate design
INFO: [USF-XSim-61] Executing 'SIMULATE' step in 'C:/Users/HP/Desktop/abdullah_final_lab5/abdullah_final_lab5/abdullah_final_lab5.sim/sim_1/behav/xsim'
INFO: [USF-XSim-98] *** Running xsim
   with args "fsm_testbench_behav -key {Behavioral:sim_1:Functional:fsm_testbench} -tclbatch {fsm_testbench.tcl} -log {simulate.log}"
INFO: [USF-XSim-8] Loading simulator feature
Vivado Simulator 2020.1
Time resolution is 1 ps
source fsm_testbench.tcl
# set curr_wave [current_wave_config]
# if { [string length $curr_wave] == 0 } {
#   if { [llength [get_objects]] > 0} {
#     add_wave /
#     set_property needs_save false [current_wave_config]
#   } else {
#      send_msg_id Add_Wave-1 WARNING "No top level signals found. Simulator will start without a wave window. If you want to open a wave window go to 'File->New Waveform Configuration' or type 'create_wave_config' in the TCL console."
#   }
# }
# run 1000ns
$finish called at time : 370 ns : File "C:/Users/HP/Desktop/abdullah_final_lab5/abdullah_final_lab5/abdullah_final_lab5.srcs/sim_1/new/FSM_tb.v" Line 27
xsim: Time (s): cpu = 00:00:06 ; elapsed = 00:00:06 . Memory (MB): peak = 1015.594 ; gain = 0.000
INFO: [USF-XSim-96] XSim completed. Design snapshot 'fsm_testbench_behav' loaded.
INFO: [USF-XSim-97] XSim simulation ran for 1000ns
launch_simulation: Time (s): cpu = 00:00:08 ; elapsed = 00:00:18 . Memory (MB): peak = 1015.594 ; gain = 0.000
close_sim
INFO: [Simtcl 6-16] Simulation closed
close_sim: Time (s): cpu = 00:00:03 ; elapsed = 00:00:07 . Memory (MB): peak = 1250.172 ; gain = 0.000
launch_simulation
Command: launch_simulation 
INFO: [Vivado 12-5682] Launching behavioral simulation in 'C:/Users/HP/Desktop/abdullah_final_lab5/abdullah_final_lab5/abdullah_final_lab5.sim/sim_1/behav/xsim'
INFO: [SIM-utils-51] Simulation object is 'sim_1'
INFO: [SIM-utils-54] Inspecting design source files for 'fsm_testbench' in fileset 'sim_1'...
INFO: [USF-XSim-97] Finding global include files...
INFO: [USF-XSim-98] Fetching design files from 'sim_1'...
INFO: [USF-XSim-2] XSim::Compile design
INFO: [USF-XSim-61] Executing 'COMPILE and ANALYZE' step in 'C:/Users/HP/Desktop/abdullah_final_lab5/abdullah_final_lab5/abdullah_final_lab5.sim/sim_1/behav/xsim'
"xvlog --incr --relax -prj fsm_testbench_vlog.prj"
INFO: [VRFC 10-2263] Analyzing Verilog file "C:/Users/HP/Desktop/abdullah_final_lab5/abdullah_final_lab5/abdullah_final_lab5.srcs/sources_1/new/downCounter.v" into library xil_defaultlib
INFO: [VRFC 10-311] analyzing module startcounter
INFO: [VRFC 10-2263] Analyzing Verilog file "C:/Users/HP/Desktop/abdullah_final_lab5/abdullah_final_lab5/abdullah_final_lab5.srcs/sources_1/new/fsm.v" into library xil_defaultlib
INFO: [VRFC 10-311] analyzing module FSM
INFO: [VRFC 10-2263] Analyzing Verilog file "C:/Users/HP/Desktop/abdullah_final_lab5/abdullah_final_lab5/abdullah_final_lab5.srcs/sim_1/new/FSM_tb.v" into library xil_defaultlib
INFO: [VRFC 10-311] analyzing module fsm_testbench
INFO: [USF-XSim-69] 'compile' step finished in '3' seconds
INFO: [USF-XSim-3] XSim::Elaborate design
INFO: [USF-XSim-61] Executing 'ELABORATE' step in 'C:/Users/HP/Desktop/abdullah_final_lab5/abdullah_final_lab5/abdullah_final_lab5.sim/sim_1/behav/xsim'
"xelab -wto a641c1d469fe4ffcb308d4a11bc3e13b --incr --debug typical --relax --mt 2 -L xil_defaultlib -L unisims_ver -L unimacro_ver -L secureip --snapshot fsm_testbench_behav xil_defaultlib.fsm_testbench xil_defaultlib.glbl -log elaborate.log"
Vivado Simulator 2020.1
Copyright 1986-1999, 2001-2020 Xilinx, Inc. All Rights Reserved.
Running: C:/Xilinx/Vivado/2020.1/bin/unwrapped/win64.o/xelab.exe -wto a641c1d469fe4ffcb308d4a11bc3e13b --incr --debug typical --relax --mt 2 -L xil_defaultlib -L unisims_ver -L unimacro_ver -L secureip --snapshot fsm_testbench_behav xil_defaultlib.fsm_testbench xil_defaultlib.glbl -log elaborate.log 
Using 2 slave threads.
Starting static elaboration
Pass Through NonSizing Optimizer
WARNING: [VRFC 10-3091] actual bit length 32 differs from formal bit length 16 for port 'switches' [C:/Users/HP/Desktop/abdullah_final_lab5/abdullah_final_lab5/abdullah_final_lab5.srcs/sim_1/new/FSM_tb.v:12]
WARNING: [VRFC 10-3091] actual bit length 32 differs from formal bit length 16 for port 'leds' [C:/Users/HP/Desktop/abdullah_final_lab5/abdullah_final_lab5/abdullah_final_lab5.srcs/sim_1/new/FSM_tb.v:13]
Completed static elaboration
Starting simulation data flow analysis
Completed simulation data flow analysis
Time Resolution for simulation is 1ps
Compiling module xil_defaultlib.startcounter
Compiling module xil_defaultlib.FSM
Compiling module xil_defaultlib.fsm_testbench
Compiling module xil_defaultlib.glbl
Built simulation snapshot fsm_testbench_behav
INFO: [USF-XSim-69] 'elaborate' step finished in '3' seconds
INFO: [USF-XSim-4] XSim::Simulate design
INFO: [USF-XSim-61] Executing 'SIMULATE' step in 'C:/Users/HP/Desktop/abdullah_final_lab5/abdullah_final_lab5/abdullah_final_lab5.sim/sim_1/behav/xsim'
INFO: [USF-XSim-98] *** Running xsim
   with args "fsm_testbench_behav -key {Behavioral:sim_1:Functional:fsm_testbench} -tclbatch {fsm_testbench.tcl} -log {simulate.log}"
INFO: [USF-XSim-8] Loading simulator feature
Vivado Simulator 2020.1
Time resolution is 1 ps
source fsm_testbench.tcl
# set curr_wave [current_wave_config]
# if { [string length $curr_wave] == 0 } {
#   if { [llength [get_objects]] > 0} {
#     add_wave /
#     set_property needs_save false [current_wave_config]
#   } else {
#      send_msg_id Add_Wave-1 WARNING "No top level signals found. Simulator will start without a wave window. If you want to open a wave window go to 'File->New Waveform Configuration' or type 'create_wave_config' in the TCL console."
#   }
# }
# run 1000ns
$finish called at time : 360 ns : File "C:/Users/HP/Desktop/abdullah_final_lab5/abdullah_final_lab5/abdullah_final_lab5.srcs/sim_1/new/FSM_tb.v" Line 57
xsim: Time (s): cpu = 00:00:08 ; elapsed = 00:00:13 . Memory (MB): peak = 1250.172 ; gain = 0.000
INFO: [USF-XSim-96] XSim completed. Design snapshot 'fsm_testbench_behav' loaded.
INFO: [USF-XSim-97] XSim simulation ran for 1000ns
launch_simulation: Time (s): cpu = 00:00:10 ; elapsed = 00:00:20 . Memory (MB): peak = 1250.172 ; gain = 0.000
close_sim
INFO: [Simtcl 6-16] Simulation closed
launch_simulation
Command: launch_simulation 
INFO: [Vivado 12-5682] Launching behavioral simulation in 'C:/Users/HP/Desktop/abdullah_final_lab5/abdullah_final_lab5/abdullah_final_lab5.sim/sim_1/behav/xsim'
INFO: [SIM-utils-51] Simulation object is 'sim_1'
INFO: [SIM-utils-54] Inspecting design source files for 'fsm_testbench' in fileset 'sim_1'...
INFO: [USF-XSim-97] Finding global include files...
INFO: [USF-XSim-98] Fetching design files from 'sim_1'...
INFO: [USF-XSim-2] XSim::Compile design
INFO: [USF-XSim-61] Executing 'COMPILE and ANALYZE' step in 'C:/Users/HP/Desktop/abdullah_final_lab5/abdullah_final_lab5/abdullah_final_lab5.sim/sim_1/behav/xsim'
"xvlog --incr --relax -prj fsm_testbench_vlog.prj"
INFO: [VRFC 10-2263] Analyzing Verilog file "C:/Users/HP/Desktop/abdullah_final_lab5/abdullah_final_lab5/abdullah_final_lab5.srcs/sources_1/new/downCounter.v" into library xil_defaultlib
INFO: [VRFC 10-311] analyzing module startcounter
INFO: [VRFC 10-2263] Analyzing Verilog file "C:/Users/HP/Desktop/abdullah_final_lab5/abdullah_final_lab5/abdullah_final_lab5.srcs/sources_1/new/fsm.v" into library xil_defaultlib
INFO: [VRFC 10-311] analyzing module FSM
INFO: [VRFC 10-2263] Analyzing Verilog file "C:/Users/HP/Desktop/abdullah_final_lab5/abdullah_final_lab5/abdullah_final_lab5.srcs/sim_1/new/FSM_tb.v" into library xil_defaultlib
INFO: [VRFC 10-311] analyzing module fsm_testbench
INFO: [USF-XSim-69] 'compile' step finished in '2' seconds
INFO: [USF-XSim-3] XSim::Elaborate design
INFO: [USF-XSim-61] Executing 'ELABORATE' step in 'C:/Users/HP/Desktop/abdullah_final_lab5/abdullah_final_lab5/abdullah_final_lab5.sim/sim_1/behav/xsim'
"xelab -wto a641c1d469fe4ffcb308d4a11bc3e13b --incr --debug typical --relax --mt 2 -L xil_defaultlib -L unisims_ver -L unimacro_ver -L secureip --snapshot fsm_testbench_behav xil_defaultlib.fsm_testbench xil_defaultlib.glbl -log elaborate.log"
Vivado Simulator 2020.1
Copyright 1986-1999, 2001-2020 Xilinx, Inc. All Rights Reserved.
Running: C:/Xilinx/Vivado/2020.1/bin/unwrapped/win64.o/xelab.exe -wto a641c1d469fe4ffcb308d4a11bc3e13b --incr --debug typical --relax --mt 2 -L xil_defaultlib -L unisims_ver -L unimacro_ver -L secureip --snapshot fsm_testbench_behav xil_defaultlib.fsm_testbench xil_defaultlib.glbl -log elaborate.log 
Using 2 slave threads.
Starting static elaboration
Pass Through NonSizing Optimizer
Completed static elaboration
Starting simulation data flow analysis
Completed simulation data flow analysis
Time Resolution for simulation is 1ps
Compiling module xil_defaultlib.startcounter
Compiling module xil_defaultlib.FSM
Compiling module xil_defaultlib.fsm_testbench
Compiling module xil_defaultlib.glbl
Built simulation snapshot fsm_testbench_behav
INFO: [USF-XSim-69] 'elaborate' step finished in '4' seconds
INFO: [USF-XSim-4] XSim::Simulate design
INFO: [USF-XSim-61] Executing 'SIMULATE' step in 'C:/Users/HP/Desktop/abdullah_final_lab5/abdullah_final_lab5/abdullah_final_lab5.sim/sim_1/behav/xsim'
INFO: [USF-XSim-98] *** Running xsim
   with args "fsm_testbench_behav -key {Behavioral:sim_1:Functional:fsm_testbench} -tclbatch {fsm_testbench.tcl} -log {simulate.log}"
INFO: [USF-XSim-8] Loading simulator feature
Vivado Simulator 2020.1
Time resolution is 1 ps
source fsm_testbench.tcl
# set curr_wave [current_wave_config]
# if { [string length $curr_wave] == 0 } {
#   if { [llength [get_objects]] > 0} {
#     add_wave /
#     set_property needs_save false [current_wave_config]
#   } else {
#      send_msg_id Add_Wave-1 WARNING "No top level signals found. Simulator will start without a wave window. If you want to open a wave window go to 'File->New Waveform Configuration' or type 'create_wave_config' in the TCL console."
#   }
# }
# run 1000ns
$finish called at time : 360 ns : File "C:/Users/HP/Desktop/abdullah_final_lab5/abdullah_final_lab5/abdullah_final_lab5.srcs/sim_1/new/FSM_tb.v" Line 57
xsim: Time (s): cpu = 00:00:09 ; elapsed = 00:00:12 . Memory (MB): peak = 1250.172 ; gain = 0.000
INFO: [USF-XSim-96] XSim completed. Design snapshot 'fsm_testbench_behav' loaded.
INFO: [USF-XSim-97] XSim simulation ran for 1000ns
launch_simulation: Time (s): cpu = 00:00:10 ; elapsed = 00:00:18 . Memory (MB): peak = 1250.172 ; gain = 0.000
close_sim
INFO: [Simtcl 6-16] Simulation closed
exit
INFO: [Common 17-206] Exiting Vivado at Mon Mar  2 17:28:48 2026...
