#-----------------------------------------------------------
# Vivado v2020.1 (64-bit)
# SW Build 2902540 on Wed May 27 19:54:49 MDT 2020
# IP Build 2902112 on Wed May 27 22:43:36 MDT 2020
# Start of session at: Thu Mar 19 20:26:10 2026
# Process ID: 7984
# Current directory: C:/Users/HP/Desktop/4th Sem/CA/abdullah_final_lab5/abdullah_final_lab5
# Command line: vivado.exe -gui_launcher_event rodinguilauncherevent5792 C:\Users\HP\Desktop\4th Sem\CA\abdullah_final_lab5\abdullah_final_lab5\abdullah_final_lab5.xpr
# Log file: C:/Users/HP/Desktop/4th Sem/CA/abdullah_final_lab5/abdullah_final_lab5/vivado.log
# Journal file: C:/Users/HP/Desktop/4th Sem/CA/abdullah_final_lab5/abdullah_final_lab5\vivado.jou
#-----------------------------------------------------------
start_gui
open_project {C:/Users/HP/Desktop/4th Sem/CA/abdullah_final_lab5/abdullah_final_lab5/abdullah_final_lab5.xpr}
INFO: [Project 1-313] Project file moved from 'C:/Users/HP/Desktop/abdullah_final_lab5/abdullah_final_lab5' since last save.
Scanning sources...
Finished scanning sources
INFO: [IP_Flow 19-234] Refreshing IP repositories
INFO: [IP_Flow 19-1704] No user IP repositories specified
INFO: [IP_Flow 19-2313] Loaded Vivado IP repository 'C:/Xilinx/Vivado/2020.1/data/ip'.
open_project: Time (s): cpu = 00:00:36 ; elapsed = 00:00:12 . Memory (MB): peak = 1026.863 ; gain = 0.000
update_compile_order -fileset sources_1
create_project lab_8 {C:/Users/HP/Desktop/4th Sem/CA/lab_8} -part xc7a35tcpg236-1
INFO: [IP_Flow 19-234] Refreshing IP repositories
INFO: [IP_Flow 19-1704] No user IP repositories specified
INFO: [IP_Flow 19-2313] Loaded Vivado IP repository 'C:/Xilinx/Vivado/2020.1/data/ip'.
create_project: Time (s): cpu = 00:00:12 ; elapsed = 00:00:07 . Memory (MB): peak = 1026.863 ; gain = 0.000
file mkdir C:/Users/HP/Desktop/4th Sem/CA/lab_8/lab_8.srcs/sources_1/new
file mkdir C:/Users/HP/Desktop/4th Sem/CA/lab_8/lab_8.srcs/sources_1/new
file mkdir C:/Users/HP/Desktop/4th Sem/CA/lab_8/lab_8.srcs/sources_1/new
file mkdir C:/Users/HP/Desktop/4th Sem/CA/lab_8/lab_8.srcs/sources_1/new
file mkdir C:/Users/HP/Desktop/4th Sem/CA/lab_8/lab_8.srcs/sources_1/new
file mkdir C:/Users/HP/Desktop/4th Sem/CA/lab_8/lab_8.srcs/sources_1/new
file mkdir C:/Users/HP/Desktop/4th Sem/CA/lab_8/lab_8.srcs/sources_1/new
file mkdir C:/Users/HP/Desktop/4th Sem/CA/lab_8/lab_8.srcs/sources_1/new
file mkdir C:/Users/HP/Desktop/4th Sem/CA/lab_8/lab_8.srcs/sources_1/new
file mkdir C:/Users/HP/Desktop/4th Sem/CA/lab_8/lab_8.srcs/sources_1/new
file mkdir C:/Users/HP/Desktop/4th Sem/CA/lab_8/lab_8.srcs/sources_1/new
file mkdir C:/Users/HP/Desktop/4th Sem/CA/lab_8/lab_8.srcs/sources_1/new
file mkdir C:/Users/HP/Desktop/4th Sem/CA/lab_8/lab_8.srcs/sources_1/new
file mkdir {C:/Users/HP/Desktop/4th Sem/CA/lab_8/lab_8.srcs/sources_1/new}
close [ open {C:/Users/HP/Desktop/4th Sem/CA/lab_8/lab_8.srcs/sources_1/new/switches.v} w ]
add_files {{C:/Users/HP/Desktop/4th Sem/CA/lab_8/lab_8.srcs/sources_1/new/switches.v}}
close [ open {C:/Users/HP/Desktop/4th Sem/CA/lab_8/lab_8.srcs/sources_1/new/led.v} w ]
add_files {{C:/Users/HP/Desktop/4th Sem/CA/lab_8/lab_8.srcs/sources_1/new/led.v}}
update_compile_order -fileset sources_1
close [ open {C:/Users/HP/Desktop/4th Sem/CA/lab_8/lab_8.srcs/sources_1/new/DataMemory.v} w ]
add_files {{C:/Users/HP/Desktop/4th Sem/CA/lab_8/lab_8.srcs/sources_1/new/DataMemory.v}}
update_compile_order -fileset sources_1
close [ open {C:/Users/HP/Desktop/4th Sem/CA/lab_8/lab_8.srcs/sources_1/new/addressDecoderTop.v} w ]
add_files {{C:/Users/HP/Desktop/4th Sem/CA/lab_8/lab_8.srcs/sources_1/new/addressDecoderTop.v}}
update_compile_order -fileset sources_1
set_property top addressDecoderTop [current_fileset]
update_compile_order -fileset sources_1
file mkdir C:/Users/HP/Desktop/4th Sem/CA/lab_8/lab_8.srcs/sim_1/new
file mkdir C:/Users/HP/Desktop/4th Sem/CA/lab_8/lab_8.srcs/sim_1/new
file mkdir C:/Users/HP/Desktop/4th Sem/CA/lab_8/lab_8.srcs/sim_1/new
file mkdir C:/Users/HP/Desktop/4th Sem/CA/lab_8/lab_8.srcs/sim_1/new
file mkdir C:/Users/HP/Desktop/4th Sem/CA/lab_8/lab_8.srcs/sim_1/new
set_property SOURCE_SET sources_1 [get_filesets sim_1]
file mkdir C:/Users/HP/Desktop/4th Sem/CA/lab_8/lab_8.srcs/sim_1/new
file mkdir {C:/Users/HP/Desktop/4th Sem/CA/lab_8/lab_8.srcs/sim_1/new}
close [ open {C:/Users/HP/Desktop/4th Sem/CA/lab_8/lab_8.srcs/sim_1/new/MemorySystem_tb.v} w ]
add_files -fileset sim_1 {{C:/Users/HP/Desktop/4th Sem/CA/lab_8/lab_8.srcs/sim_1/new/MemorySystem_tb.v}}
update_compile_order -fileset sim_1
set_property top MemorySystem_tb [get_filesets sim_1]
set_property top_lib xil_defaultlib [get_filesets sim_1]
update_compile_order -fileset sim_1
launch_simulation
Command: launch_simulation 
INFO: [Vivado 12-5682] Launching behavioral simulation in 'C:/Users/HP/Desktop/4th Sem/CA/lab_8/lab_8.sim/sim_1/behav/xsim'
INFO: [SIM-utils-51] Simulation object is 'sim_1'
INFO: [SIM-utils-54] Inspecting design source files for 'MemorySystem_tb' in fileset 'sim_1'...
INFO: [USF-XSim-97] Finding global include files...
INFO: [USF-XSim-98] Fetching design files from 'sim_1'...
INFO: [USF-XSim-2] XSim::Compile design
INFO: [USF-XSim-61] Executing 'COMPILE and ANALYZE' step in 'C:/Users/HP/Desktop/4th Sem/CA/lab_8/lab_8.sim/sim_1/behav/xsim'
"xvlog --incr --relax -prj MemorySystem_tb_vlog.prj"
INFO: [VRFC 10-2263] Analyzing Verilog file "C:/Users/HP/Desktop/4th Sem/CA/lab_8/lab_8.srcs/sources_1/new/DataMemory.v" into library xil_defaultlib
INFO: [VRFC 10-311] analyzing module DataMemory
INFO: [VRFC 10-2263] Analyzing Verilog file "C:/Users/HP/Desktop/4th Sem/CA/lab_8/lab_8.srcs/sources_1/new/addressDecoderTop.v" into library xil_defaultlib
INFO: [VRFC 10-311] analyzing module addressDecoderTop
INFO: [VRFC 10-2263] Analyzing Verilog file "C:/Users/HP/Desktop/4th Sem/CA/lab_8/lab_8.srcs/sources_1/new/led.v" into library xil_defaultlib
INFO: [VRFC 10-311] analyzing module leds
INFO: [VRFC 10-2263] Analyzing Verilog file "C:/Users/HP/Desktop/4th Sem/CA/lab_8/lab_8.srcs/sources_1/new/switches.v" into library xil_defaultlib
INFO: [VRFC 10-311] analyzing module switches
INFO: [VRFC 10-2263] Analyzing Verilog file "C:/Users/HP/Desktop/4th Sem/CA/lab_8/lab_8.srcs/sim_1/new/MemorySystem_tb.v" into library xil_defaultlib
INFO: [VRFC 10-311] analyzing module MemorySystem_tb
INFO: [VRFC 10-2263] Analyzing Verilog file "C:/Users/HP/Desktop/4th Sem/CA/lab_8/lab_8.sim/sim_1/behav/xsim/glbl.v" into library xil_defaultlib
INFO: [VRFC 10-311] analyzing module glbl
run_program: Time (s): cpu = 00:00:01 ; elapsed = 00:00:10 . Memory (MB): peak = 1026.863 ; gain = 0.000
INFO: [USF-XSim-69] 'compile' step finished in '11' seconds
INFO: [USF-XSim-3] XSim::Elaborate design
INFO: [USF-XSim-61] Executing 'ELABORATE' step in 'C:/Users/HP/Desktop/4th Sem/CA/lab_8/lab_8.sim/sim_1/behav/xsim'
"xelab -wto fe9fc25f1836414d850d8188719585d1 --incr --debug typical --relax --mt 2 -L xil_defaultlib -L unisims_ver -L unimacro_ver -L secureip --snapshot MemorySystem_tb_behav xil_defaultlib.MemorySystem_tb xil_defaultlib.glbl -log elaborate.log"
Vivado Simulator 2020.1
Copyright 1986-1999, 2001-2020 Xilinx, Inc. All Rights Reserved.
Running: C:/Xilinx/Vivado/2020.1/bin/unwrapped/win64.o/xelab.exe -wto fe9fc25f1836414d850d8188719585d1 --incr --debug typical --relax --mt 2 -L xil_defaultlib -L unisims_ver -L unimacro_ver -L secureip --snapshot MemorySystem_tb_behav xil_defaultlib.MemorySystem_tb xil_defaultlib.glbl -log elaborate.log 
Using 2 slave threads.
Starting static elaboration
Pass Through NonSizing Optimizer
Completed static elaboration
Starting simulation data flow analysis
Completed simulation data flow analysis
Time Resolution for simulation is 1ps
Compiling module xil_defaultlib.DataMemory
Compiling module xil_defaultlib.leds
Compiling module xil_defaultlib.switches
Compiling module xil_defaultlib.addressDecoderTop
Compiling module xil_defaultlib.MemorySystem_tb
Compiling module xil_defaultlib.glbl
Built simulation snapshot MemorySystem_tb_behav

****** Webtalk v2020.1 (64-bit)
  **** SW Build 2902540 on Wed May 27 19:54:49 MDT 2020
  **** IP Build 2902112 on Wed May 27 22:43:36 MDT 2020
    ** Copyright 1986-2020 Xilinx, Inc. All Rights Reserved.

source C:/Users/HP/Desktop/4th -notrace
couldn't read file "C:/Users/HP/Desktop/4th": permission denied
INFO: [Common 17-206] Exiting Webtalk at Thu Mar 19 20:39:02 2026...
run_program: Time (s): cpu = 00:00:01 ; elapsed = 00:00:16 . Memory (MB): peak = 1026.863 ; gain = 0.000
INFO: [USF-XSim-69] 'elaborate' step finished in '16' seconds
INFO: [USF-XSim-4] XSim::Simulate design
INFO: [USF-XSim-61] Executing 'SIMULATE' step in 'C:/Users/HP/Desktop/4th Sem/CA/lab_8/lab_8.sim/sim_1/behav/xsim'
INFO: [USF-XSim-98] *** Running xsim
   with args "MemorySystem_tb_behav -key {Behavioral:sim_1:Functional:MemorySystem_tb} -tclbatch {MemorySystem_tb.tcl} -log {simulate.log}"
INFO: [USF-XSim-8] Loading simulator feature
Vivado Simulator 2020.1
Time resolution is 1 ps
source MemorySystem_tb.tcl
# set curr_wave [current_wave_config]
# if { [string length $curr_wave] == 0 } {
#   if { [llength [get_objects]] > 0} {
#     add_wave /
#     set_property needs_save false [current_wave_config]
#   } else {
#      send_msg_id Add_Wave-1 WARNING "No top level signals found. Simulator will start without a wave window. If you want to open a wave window go to 'File->New Waveform Configuration' or type 'create_wave_config' in the TCL console."
#   }
# }
# run 1000ns

==================================
   Memory System Testbench Start  
==================================

--- TEST 1: Reset ---
Reset applied. LEDs = 0000000000000000 (expect 0)

--- TEST 2: Data Memory Write & Read ---
PASS: Data Memory read correct (0xDEADBEEF)
PASS: Data Memory read correct (0x12345678)

--- TEST 3: LED Write ---
PASS: LEDs correct (0xABCD)
PASS: LEDs all on correct (0xFFFF)

--- TEST 4: Switch Read ---
PASS: Switch read correct (0xBEEF)
PASS: Switch read correct (0x1234)

--- TEST 5: Decoder Isolation ---
PASS: DataMem unaffected by LED write

--- TEST 6: LED address read returns 0 ---
PASS: LED read correctly returns 0

==================================
      Testbench Complete          
==================================

$finish called at time : 126 ns : File "C:/Users/HP/Desktop/4th Sem/CA/lab_8/lab_8.srcs/sim_1/new/MemorySystem_tb.v" Line 133
xsim: Time (s): cpu = 00:00:11 ; elapsed = 00:00:06 . Memory (MB): peak = 1026.863 ; gain = 0.000
INFO: [USF-XSim-96] XSim completed. Design snapshot 'MemorySystem_tb_behav' loaded.
INFO: [USF-XSim-97] XSim simulation ran for 1000ns
launch_simulation: Time (s): cpu = 00:00:17 ; elapsed = 00:00:35 . Memory (MB): peak = 1026.863 ; gain = 0.000
close_sim
ERROR: [Vivado 12-106] *** Exception: java.lang.NullPointerException (See C:/Users/HP/Desktop/4th Sem/CA/abdullah_final_lab5/abdullah_final_lab5/vivado_pid7984.debug)
INFO: [Simtcl 6-16] Simulation closed
close_sim: Time (s): cpu = 00:00:04 ; elapsed = 00:00:10 . Memory (MB): peak = 1043.703 ; gain = 6.973
ERROR: [Common 17-39] 'close_sim' failed due to earlier errors.
launch_simulation
Command: launch_simulation 
INFO: [Vivado 12-5682] Launching behavioral simulation in 'C:/Users/HP/Desktop/4th Sem/CA/lab_8/lab_8.sim/sim_1/behav/xsim'
INFO: [SIM-utils-51] Simulation object is 'sim_1'
INFO: [SIM-utils-54] Inspecting design source files for 'MemorySystem_tb' in fileset 'sim_1'...
INFO: [USF-XSim-97] Finding global include files...
INFO: [USF-XSim-98] Fetching design files from 'sim_1'...
INFO: [USF-XSim-2] XSim::Compile design
INFO: [USF-XSim-61] Executing 'COMPILE and ANALYZE' step in 'C:/Users/HP/Desktop/4th Sem/CA/lab_8/lab_8.sim/sim_1/behav/xsim'
"xvlog --incr --relax -prj MemorySystem_tb_vlog.prj"
INFO: [VRFC 10-2263] Analyzing Verilog file "C:/Users/HP/Desktop/4th Sem/CA/lab_8/lab_8.srcs/sources_1/new/DataMemory.v" into library xil_defaultlib
INFO: [VRFC 10-311] analyzing module DataMemory
INFO: [VRFC 10-2263] Analyzing Verilog file "C:/Users/HP/Desktop/4th Sem/CA/lab_8/lab_8.srcs/sources_1/new/addressDecoderTop.v" into library xil_defaultlib
INFO: [VRFC 10-311] analyzing module addressDecoderTop
INFO: [VRFC 10-2263] Analyzing Verilog file "C:/Users/HP/Desktop/4th Sem/CA/lab_8/lab_8.srcs/sources_1/new/led.v" into library xil_defaultlib
INFO: [VRFC 10-311] analyzing module leds
INFO: [VRFC 10-2263] Analyzing Verilog file "C:/Users/HP/Desktop/4th Sem/CA/lab_8/lab_8.srcs/sources_1/new/switches.v" into library xil_defaultlib
INFO: [VRFC 10-311] analyzing module switches
INFO: [VRFC 10-2263] Analyzing Verilog file "C:/Users/HP/Desktop/4th Sem/CA/lab_8/lab_8.srcs/sim_1/new/MemorySystem_tb.v" into library xil_defaultlib
INFO: [VRFC 10-311] analyzing module MemorySystem_tb
INFO: [USF-XSim-69] 'compile' step finished in '3' seconds
INFO: [USF-XSim-3] XSim::Elaborate design
INFO: [USF-XSim-61] Executing 'ELABORATE' step in 'C:/Users/HP/Desktop/4th Sem/CA/lab_8/lab_8.sim/sim_1/behav/xsim'
"xelab -wto fe9fc25f1836414d850d8188719585d1 --incr --debug typical --relax --mt 2 -L xil_defaultlib -L unisims_ver -L unimacro_ver -L secureip --snapshot MemorySystem_tb_behav xil_defaultlib.MemorySystem_tb xil_defaultlib.glbl -log elaborate.log"
Vivado Simulator 2020.1
Copyright 1986-1999, 2001-2020 Xilinx, Inc. All Rights Reserved.
Running: C:/Xilinx/Vivado/2020.1/bin/unwrapped/win64.o/xelab.exe -wto fe9fc25f1836414d850d8188719585d1 --incr --debug typical --relax --mt 2 -L xil_defaultlib -L unisims_ver -L unimacro_ver -L secureip --snapshot MemorySystem_tb_behav xil_defaultlib.MemorySystem_tb xil_defaultlib.glbl -log elaborate.log 
Using 2 slave threads.
Starting static elaboration
Pass Through NonSizing Optimizer
Completed static elaboration
Starting simulation data flow analysis
Completed simulation data flow analysis
Time Resolution for simulation is 1ps
Compiling module xil_defaultlib.DataMemory
Compiling module xil_defaultlib.leds
Compiling module xil_defaultlib.switches
Compiling module xil_defaultlib.addressDecoderTop
Compiling module xil_defaultlib.MemorySystem_tb
Compiling module xil_defaultlib.glbl
Built simulation snapshot MemorySystem_tb_behav
INFO: [USF-XSim-69] 'elaborate' step finished in '3' seconds
INFO: [USF-XSim-4] XSim::Simulate design
INFO: [USF-XSim-61] Executing 'SIMULATE' step in 'C:/Users/HP/Desktop/4th Sem/CA/lab_8/lab_8.sim/sim_1/behav/xsim'
INFO: [USF-XSim-98] *** Running xsim
   with args "MemorySystem_tb_behav -key {Behavioral:sim_1:Functional:MemorySystem_tb} -tclbatch {MemorySystem_tb.tcl} -log {simulate.log}"
INFO: [USF-XSim-8] Loading simulator feature
Vivado Simulator 2020.1
Time resolution is 1 ps
source MemorySystem_tb.tcl
# set curr_wave [current_wave_config]
# if { [string length $curr_wave] == 0 } {
#   if { [llength [get_objects]] > 0} {
#     add_wave /
#     set_property needs_save false [current_wave_config]
#   } else {
#      send_msg_id Add_Wave-1 WARNING "No top level signals found. Simulator will start without a wave window. If you want to open a wave window go to 'File->New Waveform Configuration' or type 'create_wave_config' in the TCL console."
#   }
# }
# run 1000ns
$finish called at time : 126 ns : File "C:/Users/HP/Desktop/4th Sem/CA/lab_8/lab_8.srcs/sim_1/new/MemorySystem_tb.v" Line 83
INFO: [USF-XSim-96] XSim completed. Design snapshot 'MemorySystem_tb_behav' loaded.
INFO: [USF-XSim-97] XSim simulation ran for 1000ns
launch_simulation: Time (s): cpu = 00:00:06 ; elapsed = 00:00:10 . Memory (MB): peak = 1043.703 ; gain = 0.000
close_sim
INFO: [Simtcl 6-16] Simulation closed
launch_simulation
Command: launch_simulation 
INFO: [Vivado 12-5682] Launching behavioral simulation in 'C:/Users/HP/Desktop/4th Sem/CA/lab_8/lab_8.sim/sim_1/behav/xsim'
INFO: [SIM-utils-51] Simulation object is 'sim_1'
INFO: [SIM-utils-54] Inspecting design source files for 'MemorySystem_tb' in fileset 'sim_1'...
INFO: [USF-XSim-97] Finding global include files...
INFO: [USF-XSim-98] Fetching design files from 'sim_1'...
INFO: [USF-XSim-2] XSim::Compile design
INFO: [USF-XSim-61] Executing 'COMPILE and ANALYZE' step in 'C:/Users/HP/Desktop/4th Sem/CA/lab_8/lab_8.sim/sim_1/behav/xsim'
"xvlog --incr --relax -prj MemorySystem_tb_vlog.prj"
INFO: [VRFC 10-2263] Analyzing Verilog file "C:/Users/HP/Desktop/4th Sem/CA/lab_8/lab_8.srcs/sources_1/new/DataMemory.v" into library xil_defaultlib
INFO: [VRFC 10-311] analyzing module DataMemory
INFO: [VRFC 10-2263] Analyzing Verilog file "C:/Users/HP/Desktop/4th Sem/CA/lab_8/lab_8.srcs/sources_1/new/addressDecoderTop.v" into library xil_defaultlib
INFO: [VRFC 10-311] analyzing module addressDecoderTop
INFO: [VRFC 10-2263] Analyzing Verilog file "C:/Users/HP/Desktop/4th Sem/CA/lab_8/lab_8.srcs/sources_1/new/led.v" into library xil_defaultlib
INFO: [VRFC 10-311] analyzing module leds
INFO: [VRFC 10-2263] Analyzing Verilog file "C:/Users/HP/Desktop/4th Sem/CA/lab_8/lab_8.srcs/sources_1/new/switches.v" into library xil_defaultlib
INFO: [VRFC 10-311] analyzing module switches
INFO: [VRFC 10-2263] Analyzing Verilog file "C:/Users/HP/Desktop/4th Sem/CA/lab_8/lab_8.srcs/sim_1/new/MemorySystem_tb.v" into library xil_defaultlib
INFO: [VRFC 10-311] analyzing module MemorySystem_tb
INFO: [USF-XSim-69] 'compile' step finished in '2' seconds
INFO: [USF-XSim-3] XSim::Elaborate design
INFO: [USF-XSim-61] Executing 'ELABORATE' step in 'C:/Users/HP/Desktop/4th Sem/CA/lab_8/lab_8.sim/sim_1/behav/xsim'
"xelab -wto fe9fc25f1836414d850d8188719585d1 --incr --debug typical --relax --mt 2 -L xil_defaultlib -L unisims_ver -L unimacro_ver -L secureip --snapshot MemorySystem_tb_behav xil_defaultlib.MemorySystem_tb xil_defaultlib.glbl -log elaborate.log"
Vivado Simulator 2020.1
Copyright 1986-1999, 2001-2020 Xilinx, Inc. All Rights Reserved.
Running: C:/Xilinx/Vivado/2020.1/bin/unwrapped/win64.o/xelab.exe -wto fe9fc25f1836414d850d8188719585d1 --incr --debug typical --relax --mt 2 -L xil_defaultlib -L unisims_ver -L unimacro_ver -L secureip --snapshot MemorySystem_tb_behav xil_defaultlib.MemorySystem_tb xil_defaultlib.glbl -log elaborate.log 
Using 2 slave threads.
Starting static elaboration
Pass Through NonSizing Optimizer
Completed static elaboration
Starting simulation data flow analysis
Completed simulation data flow analysis
Time Resolution for simulation is 1ps
Compiling module xil_defaultlib.DataMemory
Compiling module xil_defaultlib.leds
Compiling module xil_defaultlib.switches
Compiling module xil_defaultlib.addressDecoderTop
Compiling module xil_defaultlib.MemorySystem_tb
Compiling module xil_defaultlib.glbl
Built simulation snapshot MemorySystem_tb_behav
INFO: [USF-XSim-69] 'elaborate' step finished in '4' seconds
INFO: [USF-XSim-4] XSim::Simulate design
INFO: [USF-XSim-61] Executing 'SIMULATE' step in 'C:/Users/HP/Desktop/4th Sem/CA/lab_8/lab_8.sim/sim_1/behav/xsim'
INFO: [USF-XSim-98] *** Running xsim
   with args "MemorySystem_tb_behav -key {Behavioral:sim_1:Functional:MemorySystem_tb} -tclbatch {MemorySystem_tb.tcl} -log {simulate.log}"
INFO: [USF-XSim-8] Loading simulator feature
Vivado Simulator 2020.1
Time resolution is 1 ps
source MemorySystem_tb.tcl
# set curr_wave [current_wave_config]
# if { [string length $curr_wave] == 0 } {
#   if { [llength [get_objects]] > 0} {
#     add_wave /
#     set_property needs_save false [current_wave_config]
#   } else {
#      send_msg_id Add_Wave-1 WARNING "No top level signals found. Simulator will start without a wave window. If you want to open a wave window go to 'File->New Waveform Configuration' or type 'create_wave_config' in the TCL console."
#   }
# }
# run 1000ns
$finish called at time : 126 ns : File "C:/Users/HP/Desktop/4th Sem/CA/lab_8/lab_8.srcs/sim_1/new/MemorySystem_tb.v" Line 83
INFO: [USF-XSim-96] XSim completed. Design snapshot 'MemorySystem_tb_behav' loaded.
INFO: [USF-XSim-97] XSim simulation ran for 1000ns
launch_simulation: Time (s): cpu = 00:00:06 ; elapsed = 00:00:10 . Memory (MB): peak = 1043.703 ; gain = 0.000
synth_design -rtl -name rtl_1
Command: synth_design -rtl -name rtl_1
Starting synth_design
Using part: xc7a35tcpg236-1
Top: addressDecoderTop
INFO: [Device 21-403] Loading part xc7a35tcpg236-1
---------------------------------------------------------------------------------
Starting RTL Elaboration : Time (s): cpu = 00:00:10 ; elapsed = 00:00:10 . Memory (MB): peak = 1551.059 ; gain = 242.398
---------------------------------------------------------------------------------
INFO: [Synth 8-6157] synthesizing module 'addressDecoderTop' [C:/Users/HP/Desktop/4th Sem/CA/lab_8/lab_8.srcs/sources_1/new/addressDecoderTop.v:3]
INFO: [Synth 8-6157] synthesizing module 'DataMemory' [C:/Users/HP/Desktop/4th Sem/CA/lab_8/lab_8.srcs/sources_1/new/DataMemory.v:3]
INFO: [Synth 8-6155] done synthesizing module 'DataMemory' (1#1) [C:/Users/HP/Desktop/4th Sem/CA/lab_8/lab_8.srcs/sources_1/new/DataMemory.v:3]
INFO: [Synth 8-6157] synthesizing module 'leds' [C:/Users/HP/Desktop/4th Sem/CA/lab_8/lab_8.srcs/sources_1/new/led.v:3]
INFO: [Synth 8-6155] done synthesizing module 'leds' (2#1) [C:/Users/HP/Desktop/4th Sem/CA/lab_8/lab_8.srcs/sources_1/new/led.v:3]
WARNING: [Synth 8-7071] port 'readData' of module 'leds' is unconnected for instance 'led_inst' [C:/Users/HP/Desktop/4th Sem/CA/lab_8/lab_8.srcs/sources_1/new/addressDecoderTop.v:29]
WARNING: [Synth 8-7023] instance 'led_inst' of module 'leds' has 8 connections declared, but only 7 given [C:/Users/HP/Desktop/4th Sem/CA/lab_8/lab_8.srcs/sources_1/new/addressDecoderTop.v:29]
INFO: [Synth 8-6157] synthesizing module 'switches' [C:/Users/HP/Desktop/4th Sem/CA/lab_8/lab_8.srcs/sources_1/new/switches.v:3]
INFO: [Synth 8-6155] done synthesizing module 'switches' (3#1) [C:/Users/HP/Desktop/4th Sem/CA/lab_8/lab_8.srcs/sources_1/new/switches.v:3]
INFO: [Synth 8-6155] done synthesizing module 'addressDecoderTop' (4#1) [C:/Users/HP/Desktop/4th Sem/CA/lab_8/lab_8.srcs/sources_1/new/addressDecoderTop.v:3]
---------------------------------------------------------------------------------
Finished RTL Elaboration : Time (s): cpu = 00:00:11 ; elapsed = 00:00:12 . Memory (MB): peak = 1600.527 ; gain = 291.867
---------------------------------------------------------------------------------
---------------------------------------------------------------------------------
Start Handling Custom Attributes
---------------------------------------------------------------------------------
---------------------------------------------------------------------------------
Finished Handling Custom Attributes : Time (s): cpu = 00:00:12 ; elapsed = 00:00:13 . Memory (MB): peak = 1600.527 ; gain = 291.867
---------------------------------------------------------------------------------
---------------------------------------------------------------------------------
Finished RTL Optimization Phase 1 : Time (s): cpu = 00:00:12 ; elapsed = 00:00:13 . Memory (MB): peak = 1600.527 ; gain = 291.867
---------------------------------------------------------------------------------
Netlist sorting complete. Time (s): cpu = 00:00:00 ; elapsed = 00:00:00.005 . Memory (MB): peak = 1600.527 ; gain = 0.000
INFO: [Project 1-570] Preparing netlist for logic optimization

Processing XDC Constraints
Initializing timing engine
Completed Processing XDC Constraints

INFO: [Opt 31-138] Pushed 0 inverter(s) to 0 load pin(s).
Netlist sorting complete. Time (s): cpu = 00:00:00 ; elapsed = 00:00:00.001 . Memory (MB): peak = 1684.961 ; gain = 0.000
INFO: [Project 1-111] Unisim Transformation Summary:
No Unisim elements were transformed.

RTL Elaboration Complete:  : Time (s): cpu = 00:00:31 ; elapsed = 00:00:24 . Memory (MB): peak = 1688.301 ; gain = 379.641
12 Infos, 2 Warnings, 0 Critical Warnings and 0 Errors encountered.
synth_design completed successfully
synth_design: Time (s): cpu = 00:00:48 ; elapsed = 00:01:05 . Memory (MB): peak = 1688.301 ; gain = 644.598
close_sim
ERROR: [Vivado 12-106] *** Exception: java.lang.NullPointerException (See C:/Users/HP/Desktop/4th Sem/CA/abdullah_final_lab5/abdullah_final_lab5/vivado_pid7984.debug)
INFO: [Simtcl 6-16] Simulation closed
close_sim: Time (s): cpu = 00:00:06 ; elapsed = 00:00:09 . Memory (MB): peak = 1921.648 ; gain = 163.383
ERROR: [Common 17-39] 'close_sim' failed due to earlier errors.
launch_simulation
Command: launch_simulation 
INFO: [Vivado 12-5682] Launching behavioral simulation in 'C:/Users/HP/Desktop/4th Sem/CA/lab_8/lab_8.sim/sim_1/behav/xsim'
INFO: [SIM-utils-51] Simulation object is 'sim_1'
INFO: [SIM-utils-54] Inspecting design source files for 'MemorySystem_tb' in fileset 'sim_1'...
INFO: [USF-XSim-97] Finding global include files...
INFO: [USF-XSim-98] Fetching design files from 'sim_1'...
INFO: [USF-XSim-2] XSim::Compile design
INFO: [USF-XSim-61] Executing 'COMPILE and ANALYZE' step in 'C:/Users/HP/Desktop/4th Sem/CA/lab_8/lab_8.sim/sim_1/behav/xsim'
"xvlog --incr --relax -prj MemorySystem_tb_vlog.prj"
INFO: [VRFC 10-2263] Analyzing Verilog file "C:/Users/HP/Desktop/4th Sem/CA/lab_8/lab_8.srcs/sources_1/new/DataMemory.v" into library xil_defaultlib
INFO: [VRFC 10-311] analyzing module DataMemory
INFO: [VRFC 10-2263] Analyzing Verilog file "C:/Users/HP/Desktop/4th Sem/CA/lab_8/lab_8.srcs/sources_1/new/addressDecoderTop.v" into library xil_defaultlib
INFO: [VRFC 10-311] analyzing module addressDecoderTop
INFO: [VRFC 10-2263] Analyzing Verilog file "C:/Users/HP/Desktop/4th Sem/CA/lab_8/lab_8.srcs/sources_1/new/led.v" into library xil_defaultlib
INFO: [VRFC 10-311] analyzing module leds
INFO: [VRFC 10-2263] Analyzing Verilog file "C:/Users/HP/Desktop/4th Sem/CA/lab_8/lab_8.srcs/sources_1/new/switches.v" into library xil_defaultlib
INFO: [VRFC 10-311] analyzing module switches
INFO: [VRFC 10-2263] Analyzing Verilog file "C:/Users/HP/Desktop/4th Sem/CA/lab_8/lab_8.srcs/sim_1/new/MemorySystem_tb.v" into library xil_defaultlib
INFO: [VRFC 10-311] analyzing module MemorySystem_tb
INFO: [USF-XSim-69] 'compile' step finished in '2' seconds
INFO: [USF-XSim-3] XSim::Elaborate design
INFO: [USF-XSim-61] Executing 'ELABORATE' step in 'C:/Users/HP/Desktop/4th Sem/CA/lab_8/lab_8.sim/sim_1/behav/xsim'
"xelab -wto fe9fc25f1836414d850d8188719585d1 --incr --debug typical --relax --mt 2 -L xil_defaultlib -L unisims_ver -L unimacro_ver -L secureip --snapshot MemorySystem_tb_behav xil_defaultlib.MemorySystem_tb xil_defaultlib.glbl -log elaborate.log"
Vivado Simulator 2020.1
Copyright 1986-1999, 2001-2020 Xilinx, Inc. All Rights Reserved.
Running: C:/Xilinx/Vivado/2020.1/bin/unwrapped/win64.o/xelab.exe -wto fe9fc25f1836414d850d8188719585d1 --incr --debug typical --relax --mt 2 -L xil_defaultlib -L unisims_ver -L unimacro_ver -L secureip --snapshot MemorySystem_tb_behav xil_defaultlib.MemorySystem_tb xil_defaultlib.glbl -log elaborate.log 
Using 2 slave threads.
Starting static elaboration
Pass Through NonSizing Optimizer
Completed static elaboration
Starting simulation data flow analysis
Completed simulation data flow analysis
Time Resolution for simulation is 1ps
Compiling module xil_defaultlib.DataMemory
Compiling module xil_defaultlib.leds
Compiling module xil_defaultlib.switches
Compiling module xil_defaultlib.addressDecoderTop
Compiling module xil_defaultlib.MemorySystem_tb
Compiling module xil_defaultlib.glbl
Built simulation snapshot MemorySystem_tb_behav
INFO: [USF-XSim-69] 'elaborate' step finished in '4' seconds
INFO: [USF-XSim-4] XSim::Simulate design
INFO: [USF-XSim-61] Executing 'SIMULATE' step in 'C:/Users/HP/Desktop/4th Sem/CA/lab_8/lab_8.sim/sim_1/behav/xsim'
INFO: [USF-XSim-98] *** Running xsim
   with args "MemorySystem_tb_behav -key {Behavioral:sim_1:Functional:MemorySystem_tb} -tclbatch {MemorySystem_tb.tcl} -log {simulate.log}"
INFO: [USF-XSim-8] Loading simulator feature
Vivado Simulator 2020.1
Time resolution is 1 ps
source MemorySystem_tb.tcl
# set curr_wave [current_wave_config]
# if { [string length $curr_wave] == 0 } {
#   if { [llength [get_objects]] > 0} {
#     add_wave /
#     set_property needs_save false [current_wave_config]
#   } else {
#      send_msg_id Add_Wave-1 WARNING "No top level signals found. Simulator will start without a wave window. If you want to open a wave window go to 'File->New Waveform Configuration' or type 'create_wave_config' in the TCL console."
#   }
# }
# run 1000ns
$finish called at time : 126 ns : File "C:/Users/HP/Desktop/4th Sem/CA/lab_8/lab_8.srcs/sim_1/new/MemorySystem_tb.v" Line 76
xsim: Time (s): cpu = 00:00:10 ; elapsed = 00:00:08 . Memory (MB): peak = 1921.648 ; gain = 0.000
INFO: [USF-XSim-96] XSim completed. Design snapshot 'MemorySystem_tb_behav' loaded.
INFO: [USF-XSim-97] XSim simulation ran for 1000ns
launch_simulation: Time (s): cpu = 00:00:12 ; elapsed = 00:00:14 . Memory (MB): peak = 1921.648 ; gain = 0.000
close_sim
INFO: [Simtcl 6-16] Simulation closed
close_sim: Time (s): cpu = 00:00:04 ; elapsed = 00:00:05 . Memory (MB): peak = 1940.273 ; gain = 0.078
close_design
launch_simulation
Command: launch_simulation 
INFO: [Vivado 12-5682] Launching behavioral simulation in 'C:/Users/HP/Desktop/4th Sem/CA/lab_8/lab_8.sim/sim_1/behav/xsim'
INFO: [SIM-utils-51] Simulation object is 'sim_1'
INFO: [SIM-utils-54] Inspecting design source files for 'MemorySystem_tb' in fileset 'sim_1'...
INFO: [USF-XSim-97] Finding global include files...
INFO: [USF-XSim-98] Fetching design files from 'sim_1'...
INFO: [USF-XSim-2] XSim::Compile design
INFO: [USF-XSim-61] Executing 'COMPILE and ANALYZE' step in 'C:/Users/HP/Desktop/4th Sem/CA/lab_8/lab_8.sim/sim_1/behav/xsim'
"xvlog --incr --relax -prj MemorySystem_tb_vlog.prj"
INFO: [USF-XSim-69] 'compile' step finished in '2' seconds
INFO: [USF-XSim-3] XSim::Elaborate design
INFO: [USF-XSim-61] Executing 'ELABORATE' step in 'C:/Users/HP/Desktop/4th Sem/CA/lab_8/lab_8.sim/sim_1/behav/xsim'
"xelab -wto fe9fc25f1836414d850d8188719585d1 --incr --debug typical --relax --mt 2 -L xil_defaultlib -L unisims_ver -L unimacro_ver -L secureip --snapshot MemorySystem_tb_behav xil_defaultlib.MemorySystem_tb xil_defaultlib.glbl -log elaborate.log"
Vivado Simulator 2020.1
Copyright 1986-1999, 2001-2020 Xilinx, Inc. All Rights Reserved.
Running: C:/Xilinx/Vivado/2020.1/bin/unwrapped/win64.o/xelab.exe -wto fe9fc25f1836414d850d8188719585d1 --incr --debug typical --relax --mt 2 -L xil_defaultlib -L unisims_ver -L unimacro_ver -L secureip --snapshot MemorySystem_tb_behav xil_defaultlib.MemorySystem_tb xil_defaultlib.glbl -log elaborate.log 
Using 2 slave threads.
Starting static elaboration
Pass Through NonSizing Optimizer
Completed static elaboration
INFO: [XSIM 43-4323] No Change in HDL. Linking previously generated obj files to create kernel
INFO: [USF-XSim-69] 'elaborate' step finished in '3' seconds
INFO: [USF-XSim-4] XSim::Simulate design
INFO: [USF-XSim-61] Executing 'SIMULATE' step in 'C:/Users/HP/Desktop/4th Sem/CA/lab_8/lab_8.sim/sim_1/behav/xsim'
INFO: [USF-XSim-98] *** Running xsim
   with args "MemorySystem_tb_behav -key {Behavioral:sim_1:Functional:MemorySystem_tb} -tclbatch {MemorySystem_tb.tcl} -log {simulate.log}"
INFO: [USF-XSim-8] Loading simulator feature
Vivado Simulator 2020.1
Time resolution is 1 ps
source MemorySystem_tb.tcl
# set curr_wave [current_wave_config]
# if { [string length $curr_wave] == 0 } {
#   if { [llength [get_objects]] > 0} {
#     add_wave /
#     set_property needs_save false [current_wave_config]
#   } else {
#      send_msg_id Add_Wave-1 WARNING "No top level signals found. Simulator will start without a wave window. If you want to open a wave window go to 'File->New Waveform Configuration' or type 'create_wave_config' in the TCL console."
#   }
# }
# run 1000ns
$finish called at time : 126 ns : File "C:/Users/HP/Desktop/4th Sem/CA/lab_8/lab_8.srcs/sim_1/new/MemorySystem_tb.v" Line 76
INFO: [USF-XSim-96] XSim completed. Design snapshot 'MemorySystem_tb_behav' loaded.
INFO: [USF-XSim-97] XSim simulation ran for 1000ns
launch_simulation: Time (s): cpu = 00:00:05 ; elapsed = 00:00:09 . Memory (MB): peak = 1940.273 ; gain = 0.000
current_project abdullah_final_lab5
close_project
close [ open {C:/Users/HP/Desktop/4th Sem/CA/lab_8/lab_8.srcs/sources_1/new/seven_seg.v} w ]
add_files {{C:/Users/HP/Desktop/4th Sem/CA/lab_8/lab_8.srcs/sources_1/new/seven_seg.v}}
update_compile_order -fileset sources_1
update_compile_order -fileset sources_1
synth_design -rtl -name rtl_1
Command: synth_design -rtl -name rtl_1
Starting synth_design
Using part: xc7a35tcpg236-1
Top: addressDecoderTop
---------------------------------------------------------------------------------
Starting RTL Elaboration : Time (s): cpu = 00:00:06 ; elapsed = 00:00:05 . Memory (MB): peak = 1940.273 ; gain = 0.000
---------------------------------------------------------------------------------
INFO: [Synth 8-6157] synthesizing module 'addressDecoderTop' [C:/Users/HP/Desktop/4th Sem/CA/lab_8/lab_8.srcs/sources_1/new/addressDecoderTop.v:3]
INFO: [Synth 8-6157] synthesizing module 'DataMemory' [C:/Users/HP/Desktop/4th Sem/CA/lab_8/lab_8.srcs/sources_1/new/DataMemory.v:3]
INFO: [Synth 8-6155] done synthesizing module 'DataMemory' (1#1) [C:/Users/HP/Desktop/4th Sem/CA/lab_8/lab_8.srcs/sources_1/new/DataMemory.v:3]
INFO: [Synth 8-6157] synthesizing module 'leds' [C:/Users/HP/Desktop/4th Sem/CA/lab_8/lab_8.srcs/sources_1/new/led.v:3]
INFO: [Synth 8-6155] done synthesizing module 'leds' (2#1) [C:/Users/HP/Desktop/4th Sem/CA/lab_8/lab_8.srcs/sources_1/new/led.v:3]
WARNING: [Synth 8-7071] port 'readData' of module 'leds' is unconnected for instance 'led_inst' [C:/Users/HP/Desktop/4th Sem/CA/lab_8/lab_8.srcs/sources_1/new/addressDecoderTop.v:29]
WARNING: [Synth 8-7023] instance 'led_inst' of module 'leds' has 8 connections declared, but only 7 given [C:/Users/HP/Desktop/4th Sem/CA/lab_8/lab_8.srcs/sources_1/new/addressDecoderTop.v:29]
INFO: [Synth 8-6157] synthesizing module 'SevenSegController' [C:/Users/HP/Desktop/4th Sem/CA/lab_8/lab_8.srcs/sources_1/new/seven_seg.v:3]
INFO: [Synth 8-226] default block is never used [C:/Users/HP/Desktop/4th Sem/CA/lab_8/lab_8.srcs/sources_1/new/seven_seg.v:50]
INFO: [Synth 8-6155] done synthesizing module 'SevenSegController' (3#1) [C:/Users/HP/Desktop/4th Sem/CA/lab_8/lab_8.srcs/sources_1/new/seven_seg.v:3]
WARNING: [Synth 8-689] width (1) of port connection 'an' does not match port width (4) of module 'SevenSegController' [C:/Users/HP/Desktop/4th Sem/CA/lab_8/lab_8.srcs/sources_1/new/addressDecoderTop.v:35]
WARNING: [Synth 8-689] width (1) of port connection 'seg' does not match port width (7) of module 'SevenSegController' [C:/Users/HP/Desktop/4th Sem/CA/lab_8/lab_8.srcs/sources_1/new/addressDecoderTop.v:36]
INFO: [Synth 8-6157] synthesizing module 'switches' [C:/Users/HP/Desktop/4th Sem/CA/lab_8/lab_8.srcs/sources_1/new/switches.v:3]
INFO: [Synth 8-6155] done synthesizing module 'switches' (4#1) [C:/Users/HP/Desktop/4th Sem/CA/lab_8/lab_8.srcs/sources_1/new/switches.v:3]
INFO: [Synth 8-6155] done synthesizing module 'addressDecoderTop' (5#1) [C:/Users/HP/Desktop/4th Sem/CA/lab_8/lab_8.srcs/sources_1/new/addressDecoderTop.v:3]
---------------------------------------------------------------------------------
Finished RTL Elaboration : Time (s): cpu = 00:00:07 ; elapsed = 00:00:07 . Memory (MB): peak = 1940.273 ; gain = 0.000
---------------------------------------------------------------------------------
---------------------------------------------------------------------------------
Start Handling Custom Attributes
---------------------------------------------------------------------------------
---------------------------------------------------------------------------------
Finished Handling Custom Attributes : Time (s): cpu = 00:00:07 ; elapsed = 00:00:07 . Memory (MB): peak = 1940.273 ; gain = 0.000
---------------------------------------------------------------------------------
---------------------------------------------------------------------------------
Finished RTL Optimization Phase 1 : Time (s): cpu = 00:00:07 ; elapsed = 00:00:07 . Memory (MB): peak = 1940.273 ; gain = 0.000
---------------------------------------------------------------------------------
Netlist sorting complete. Time (s): cpu = 00:00:00 ; elapsed = 00:00:00.006 . Memory (MB): peak = 1940.273 ; gain = 0.000
INFO: [Project 1-570] Preparing netlist for logic optimization

Processing XDC Constraints
Initializing timing engine
Completed Processing XDC Constraints

INFO: [Opt 31-138] Pushed 0 inverter(s) to 0 load pin(s).
Netlist sorting complete. Time (s): cpu = 00:00:00 ; elapsed = 00:00:00 . Memory (MB): peak = 1940.273 ; gain = 0.000
INFO: [Project 1-111] Unisim Transformation Summary:
No Unisim elements were transformed.

RTL Elaboration Complete:  : Time (s): cpu = 00:00:16 ; elapsed = 00:00:14 . Memory (MB): peak = 1940.273 ; gain = 0.000
14 Infos, 4 Warnings, 0 Critical Warnings and 0 Errors encountered.
synth_design completed successfully
synth_design: Time (s): cpu = 00:00:16 ; elapsed = 00:00:14 . Memory (MB): peak = 1940.273 ; gain = 0.000
close_sim
INFO: [Simtcl 6-16] Simulation closed
exit
INFO: [Common 17-206] Exiting Vivado at Thu Mar 19 21:38:32 2026...
