Copyright 1986-2020 Xilinx, Inc. All Rights Reserved.
--------------------------------------------------------------------------------------------------------------------------------------------------------------------------------
| Tool Version : Vivado v.2020.1 (win64) Build 2902540 Wed May 27 19:54:49 MDT 2020
| Date         : Mon Mar  2 14:01:53 2026
| Host         : HU-DOPX-COM02 running 64-bit major release  (build 9200)
| Command      : report_timing_summary -max_paths 10 -file top_timing_summary_routed.rpt -pb top_timing_summary_routed.pb -rpx top_timing_summary_routed.rpx -warn_on_violation
| Design       : top
| Device       : 7a35t-cpg236
| Speed File   : -1  PRODUCTION 1.23 2018-06-13
--------------------------------------------------------------------------------------------------------------------------------------------------------------------------------

Timing Summary Report

------------------------------------------------------------------------------------------------
| Timer Settings
| --------------
------------------------------------------------------------------------------------------------

  Enable Multi Corner Analysis               :  Yes
  Enable Pessimism Removal                   :  Yes
  Pessimism Removal Resolution               :  Nearest Common Node
  Enable Input Delay Default Clock           :  No
  Enable Preset / Clear Arcs                 :  No
  Disable Flight Delays                      :  No
  Ignore I/O Paths                           :  No
  Timing Early Launch at Borrowing Latches   :  No
  Borrow Time for Max Delay Exceptions       :  Yes
  Merge Timing Exceptions                    :  Yes

  Corner  Analyze    Analyze    
  Name    Max Paths  Min Paths  
  ------  ---------  ---------  
  Slow    Yes        Yes        
  Fast    Yes        Yes        



check_timing report

Table of Contents
-----------------
1. checking no_clock (0)
2. checking constant_clock (0)
3. checking pulse_width_clock (0)
4. checking unconstrained_internal_endpoints (0)
5. checking no_input_delay (17)
6. checking no_output_delay (16)
7. checking multiple_clock (0)
8. checking generated_clocks (0)
9. checking loops (0)
10. checking partial_input_delay (0)
11. checking partial_output_delay (0)
12. checking latch_loops (0)

1. checking no_clock (0)
------------------------
 There are 0 register/latch pins with no clock.


2. checking constant_clock (0)
------------------------------
 There are 0 register/latch pins with constant_clock.


3. checking pulse_width_clock (0)
---------------------------------
 There are 0 register/latch pins which need pulse_width check


4. checking unconstrained_internal_endpoints (0)
------------------------------------------------
 There are 0 pins that are not constrained for maximum delay.

 There are 0 pins that are not constrained for maximum delay due to constant clock.


5. checking no_input_delay (17)
-------------------------------
 There are 17 input ports with no input delay specified. (HIGH)

 There are 0 input ports with no input delay but user has a false path constraint.


6. checking no_output_delay (16)
--------------------------------
 There are 16 ports with no output delay specified. (HIGH)

 There are 0 ports with no output delay but user has a false path constraint

 There are 0 ports with no output delay but with a timing clock defined on it or propagating through it


7. checking multiple_clock (0)
------------------------------
 There are 0 register/latch pins with multiple clocks.


8. checking generated_clocks (0)
--------------------------------
 There are 0 generated clocks that are not connected to a clock source.


9. checking loops (0)
---------------------
 There are 0 combinational loops in the design.


10. checking partial_input_delay (0)
------------------------------------
 There are 0 input ports with partial input delay specified.


11. checking partial_output_delay (0)
-------------------------------------
 There are 0 ports with partial output delay specified.


12. checking latch_loops (0)
----------------------------
 There are 0 combinational latch loops in the design through latch input



------------------------------------------------------------------------------------------------
| Design Timing Summary
| ---------------------
------------------------------------------------------------------------------------------------

    WNS(ns)      TNS(ns)  TNS Failing Endpoints  TNS Total Endpoints      WHS(ns)      THS(ns)  THS Failing Endpoints  THS Total Endpoints     WPWS(ns)     TPWS(ns)  TPWS Failing Endpoints  TPWS Total Endpoints  
    -------      -------  ---------------------  -------------------      -------      -------  ---------------------  -------------------     --------     --------  ----------------------  --------------------  
      5.791        0.000                      0                  237        0.183        0.000                      0                  237        4.500        0.000                       0                   114  


All user specified timing constraints are met.


------------------------------------------------------------------------------------------------
| Clock Summary
| -------------
------------------------------------------------------------------------------------------------

Clock    Waveform(ns)       Period(ns)      Frequency(MHz)
-----    ------------       ----------      --------------
sys_clk  {0.000 5.000}      10.000          100.000         


------------------------------------------------------------------------------------------------
| Intra Clock Table
| -----------------
------------------------------------------------------------------------------------------------

Clock             WNS(ns)      TNS(ns)  TNS Failing Endpoints  TNS Total Endpoints      WHS(ns)      THS(ns)  THS Failing Endpoints  THS Total Endpoints     WPWS(ns)     TPWS(ns)  TPWS Failing Endpoints  TPWS Total Endpoints  
-----             -------      -------  ---------------------  -------------------      -------      -------  ---------------------  -------------------     --------     --------  ----------------------  --------------------  
sys_clk             5.791        0.000                      0                  237        0.183        0.000                      0                  237        4.500        0.000                       0                   114  


------------------------------------------------------------------------------------------------
| Inter Clock Table
| -----------------
------------------------------------------------------------------------------------------------

From Clock    To Clock          WNS(ns)      TNS(ns)  TNS Failing Endpoints  TNS Total Endpoints      WHS(ns)      THS(ns)  THS Failing Endpoints  THS Total Endpoints  
----------    --------          -------      -------  ---------------------  -------------------      -------      -------  ---------------------  -------------------  


------------------------------------------------------------------------------------------------
| Other Path Groups Table
| -----------------------
------------------------------------------------------------------------------------------------

Path Group    From Clock    To Clock          WNS(ns)      TNS(ns)  TNS Failing Endpoints  TNS Total Endpoints      WHS(ns)      THS(ns)  THS Failing Endpoints  THS Total Endpoints  
----------    ----------    --------          -------      -------  ---------------------  -------------------      -------      -------  ---------------------  -------------------  


------------------------------------------------------------------------------------------------
| Timing Details
| --------------
------------------------------------------------------------------------------------------------


---------------------------------------------------------------------------------------------------
From Clock:  sys_clk
  To Clock:  sys_clk

Setup :            0  Failing Endpoints,  Worst Slack        5.791ns,  Total Violation        0.000ns
Hold  :            0  Failing Endpoints,  Worst Slack        0.183ns,  Total Violation        0.000ns
PW    :            0  Failing Endpoints,  Worst Slack        4.500ns,  Total Violation        0.000ns
---------------------------------------------------------------------------------------------------


Max Delay Paths
--------------------------------------------------------------------------------------
Slack (MET) :             5.791ns  (required time - arrival time)
  Source:                 sw_inst/readData_reg[14]/C
                            (rising edge-triggered cell FDRE clocked by sys_clk  {rise@0.000ns fall@5.000ns period=10.000ns})
  Destination:            fsm_inst/latched_value_reg[12]/CE
                            (rising edge-triggered cell FDRE clocked by sys_clk  {rise@0.000ns fall@5.000ns period=10.000ns})
  Path Group:             sys_clk
  Path Type:              Setup (Max at Slow Process Corner)
  Requirement:            10.000ns  (sys_clk rise@10.000ns - sys_clk rise@0.000ns)
  Data Path Delay:        3.979ns  (logic 0.766ns (19.251%)  route 3.213ns (80.749%))
  Logic Levels:           2  (LUT4=1 LUT5=1)
  Clock Path Skew:        -0.026ns (DCD - SCD + CPR)
    Destination Clock Delay (DCD):    4.786ns = ( 14.786 - 10.000 ) 
    Source Clock Delay      (SCD):    5.086ns
    Clock Pessimism Removal (CPR):    0.274ns
  Clock Uncertainty:      0.035ns  ((TSJ^2 + TIJ^2)^1/2 + DJ) / 2 + PE
    Total System Jitter     (TSJ):    0.071ns
    Total Input Jitter      (TIJ):    0.000ns
    Discrete Jitter          (DJ):    0.000ns
    Phase Error              (PE):    0.000ns

    Location             Delay type                Incr(ns)  Path(ns)    Netlist Resource(s)
  -------------------------------------------------------------------    -------------------
                         (clock sys_clk rise edge)    0.000     0.000 r  
    W5                                                0.000     0.000 r  clk (IN)
                         net (fo=0)                   0.000     0.000    clk
    W5                   IBUF (Prop_ibuf_I_O)         1.458     1.458 r  clk_IBUF_inst/O
                         net (fo=1, routed)           1.967     3.425    clk_IBUF
    BUFGCTRL_X0Y0        BUFG (Prop_bufg_I_O)         0.096     3.521 r  clk_IBUF_BUFG_inst/O
                         net (fo=113, routed)         1.565     5.086    sw_inst/CLK
    SLICE_X14Y37         FDRE                                         r  sw_inst/readData_reg[14]/C
  -------------------------------------------------------------------    -------------------
    SLICE_X14Y37         FDRE (Prop_fdre_C_Q)         0.518     5.604 r  sw_inst/readData_reg[14]/Q
                         net (fo=2, routed)           1.151     6.756    sw_inst/Q[14]
    SLICE_X14Y35         LUT4 (Prop_lut4_I3_O)        0.124     6.880 r  sw_inst/latched_value[15]_i_4/O
                         net (fo=3, routed)           1.126     8.005    sw_inst/latched_value[15]_i_4_n_0
    SLICE_X13Y32         LUT5 (Prop_lut5_I2_O)        0.124     8.129 r  sw_inst/latched_value[15]_i_1/O
                         net (fo=16, routed)          0.936     9.065    fsm_inst/E[0]
    SLICE_X14Y35         FDRE                                         r  fsm_inst/latched_value_reg[12]/CE
  -------------------------------------------------------------------    -------------------

                         (clock sys_clk rise edge)   10.000    10.000 r  
    W5                                                0.000    10.000 r  clk (IN)
                         net (fo=0)                   0.000    10.000    clk
    W5                   IBUF (Prop_ibuf_I_O)         1.388    11.388 r  clk_IBUF_inst/O
                         net (fo=1, routed)           1.862    13.250    clk_IBUF
    BUFGCTRL_X0Y0        BUFG (Prop_bufg_I_O)         0.091    13.341 r  clk_IBUF_BUFG_inst/O
                         net (fo=113, routed)         1.445    14.786    fsm_inst/CLK
    SLICE_X14Y35         FDRE                                         r  fsm_inst/latched_value_reg[12]/C
                         clock pessimism              0.274    15.060    
                         clock uncertainty           -0.035    15.025    
    SLICE_X14Y35         FDRE (Setup_fdre_C_CE)      -0.169    14.856    fsm_inst/latched_value_reg[12]
  -------------------------------------------------------------------
                         required time                         14.856    
                         arrival time                          -9.065    
  -------------------------------------------------------------------
                         slack                                  5.791    

Slack (MET) :             5.791ns  (required time - arrival time)
  Source:                 sw_inst/readData_reg[14]/C
                            (rising edge-triggered cell FDRE clocked by sys_clk  {rise@0.000ns fall@5.000ns period=10.000ns})
  Destination:            fsm_inst/latched_value_reg[13]/CE
                            (rising edge-triggered cell FDRE clocked by sys_clk  {rise@0.000ns fall@5.000ns period=10.000ns})
  Path Group:             sys_clk
  Path Type:              Setup (Max at Slow Process Corner)
  Requirement:            10.000ns  (sys_clk rise@10.000ns - sys_clk rise@0.000ns)
  Data Path Delay:        3.979ns  (logic 0.766ns (19.251%)  route 3.213ns (80.749%))
  Logic Levels:           2  (LUT4=1 LUT5=1)
  Clock Path Skew:        -0.026ns (DCD - SCD + CPR)
    Destination Clock Delay (DCD):    4.786ns = ( 14.786 - 10.000 ) 
    Source Clock Delay      (SCD):    5.086ns
    Clock Pessimism Removal (CPR):    0.274ns
  Clock Uncertainty:      0.035ns  ((TSJ^2 + TIJ^2)^1/2 + DJ) / 2 + PE
    Total System Jitter     (TSJ):    0.071ns
    Total Input Jitter      (TIJ):    0.000ns
    Discrete Jitter          (DJ):    0.000ns
    Phase Error              (PE):    0.000ns

    Location             Delay type                Incr(ns)  Path(ns)    Netlist Resource(s)
  -------------------------------------------------------------------    -------------------
                         (clock sys_clk rise edge)    0.000     0.000 r  
    W5                                                0.000     0.000 r  clk (IN)
                         net (fo=0)                   0.000     0.000    clk
    W5                   IBUF (Prop_ibuf_I_O)         1.458     1.458 r  clk_IBUF_inst/O
                         net (fo=1, routed)           1.967     3.425    clk_IBUF
    BUFGCTRL_X0Y0        BUFG (Prop_bufg_I_O)         0.096     3.521 r  clk_IBUF_BUFG_inst/O
                         net (fo=113, routed)         1.565     5.086    sw_inst/CLK
    SLICE_X14Y37         FDRE                                         r  sw_inst/readData_reg[14]/C
  -------------------------------------------------------------------    -------------------
    SLICE_X14Y37         FDRE (Prop_fdre_C_Q)         0.518     5.604 r  sw_inst/readData_reg[14]/Q
                         net (fo=2, routed)           1.151     6.756    sw_inst/Q[14]
    SLICE_X14Y35         LUT4 (Prop_lut4_I3_O)        0.124     6.880 r  sw_inst/latched_value[15]_i_4/O
                         net (fo=3, routed)           1.126     8.005    sw_inst/latched_value[15]_i_4_n_0
    SLICE_X13Y32         LUT5 (Prop_lut5_I2_O)        0.124     8.129 r  sw_inst/latched_value[15]_i_1/O
                         net (fo=16, routed)          0.936     9.065    fsm_inst/E[0]
    SLICE_X14Y35         FDRE                                         r  fsm_inst/latched_value_reg[13]/CE
  -------------------------------------------------------------------    -------------------

                         (clock sys_clk rise edge)   10.000    10.000 r  
    W5                                                0.000    10.000 r  clk (IN)
                         net (fo=0)                   0.000    10.000    clk
    W5                   IBUF (Prop_ibuf_I_O)         1.388    11.388 r  clk_IBUF_inst/O
                         net (fo=1, routed)           1.862    13.250    clk_IBUF
    BUFGCTRL_X0Y0        BUFG (Prop_bufg_I_O)         0.091    13.341 r  clk_IBUF_BUFG_inst/O
                         net (fo=113, routed)         1.445    14.786    fsm_inst/CLK
    SLICE_X14Y35         FDRE                                         r  fsm_inst/latched_value_reg[13]/C
                         clock pessimism              0.274    15.060    
                         clock uncertainty           -0.035    15.025    
    SLICE_X14Y35         FDRE (Setup_fdre_C_CE)      -0.169    14.856    fsm_inst/latched_value_reg[13]
  -------------------------------------------------------------------
                         required time                         14.856    
                         arrival time                          -9.065    
  -------------------------------------------------------------------
                         slack                                  5.791    

Slack (MET) :             5.791ns  (required time - arrival time)
  Source:                 sw_inst/readData_reg[14]/C
                            (rising edge-triggered cell FDRE clocked by sys_clk  {rise@0.000ns fall@5.000ns period=10.000ns})
  Destination:            fsm_inst/latched_value_reg[14]/CE
                            (rising edge-triggered cell FDRE clocked by sys_clk  {rise@0.000ns fall@5.000ns period=10.000ns})
  Path Group:             sys_clk
  Path Type:              Setup (Max at Slow Process Corner)
  Requirement:            10.000ns  (sys_clk rise@10.000ns - sys_clk rise@0.000ns)
  Data Path Delay:        3.979ns  (logic 0.766ns (19.251%)  route 3.213ns (80.749%))
  Logic Levels:           2  (LUT4=1 LUT5=1)
  Clock Path Skew:        -0.026ns (DCD - SCD + CPR)
    Destination Clock Delay (DCD):    4.786ns = ( 14.786 - 10.000 ) 
    Source Clock Delay      (SCD):    5.086ns
    Clock Pessimism Removal (CPR):    0.274ns
  Clock Uncertainty:      0.035ns  ((TSJ^2 + TIJ^2)^1/2 + DJ) / 2 + PE
    Total System Jitter     (TSJ):    0.071ns
    Total Input Jitter      (TIJ):    0.000ns
    Discrete Jitter          (DJ):    0.000ns
    Phase Error              (PE):    0.000ns

    Location             Delay type                Incr(ns)  Path(ns)    Netlist Resource(s)
  -------------------------------------------------------------------    -------------------
                         (clock sys_clk rise edge)    0.000     0.000 r  
    W5                                                0.000     0.000 r  clk (IN)
                         net (fo=0)                   0.000     0.000    clk
    W5                   IBUF (Prop_ibuf_I_O)         1.458     1.458 r  clk_IBUF_inst/O
                         net (fo=1, routed)           1.967     3.425    clk_IBUF
    BUFGCTRL_X0Y0        BUFG (Prop_bufg_I_O)         0.096     3.521 r  clk_IBUF_BUFG_inst/O
                         net (fo=113, routed)         1.565     5.086    sw_inst/CLK
    SLICE_X14Y37         FDRE                                         r  sw_inst/readData_reg[14]/C
  -------------------------------------------------------------------    -------------------
    SLICE_X14Y37         FDRE (Prop_fdre_C_Q)         0.518     5.604 r  sw_inst/readData_reg[14]/Q
                         net (fo=2, routed)           1.151     6.756    sw_inst/Q[14]
    SLICE_X14Y35         LUT4 (Prop_lut4_I3_O)        0.124     6.880 r  sw_inst/latched_value[15]_i_4/O
                         net (fo=3, routed)           1.126     8.005    sw_inst/latched_value[15]_i_4_n_0
    SLICE_X13Y32         LUT5 (Prop_lut5_I2_O)        0.124     8.129 r  sw_inst/latched_value[15]_i_1/O
                         net (fo=16, routed)          0.936     9.065    fsm_inst/E[0]
    SLICE_X14Y35         FDRE                                         r  fsm_inst/latched_value_reg[14]/CE
  -------------------------------------------------------------------    -------------------

                         (clock sys_clk rise edge)   10.000    10.000 r  
    W5                                                0.000    10.000 r  clk (IN)
                         net (fo=0)                   0.000    10.000    clk
    W5                   IBUF (Prop_ibuf_I_O)         1.388    11.388 r  clk_IBUF_inst/O
                         net (fo=1, routed)           1.862    13.250    clk_IBUF
    BUFGCTRL_X0Y0        BUFG (Prop_bufg_I_O)         0.091    13.341 r  clk_IBUF_BUFG_inst/O
                         net (fo=113, routed)         1.445    14.786    fsm_inst/CLK
    SLICE_X14Y35         FDRE                                         r  fsm_inst/latched_value_reg[14]/C
                         clock pessimism              0.274    15.060    
                         clock uncertainty           -0.035    15.025    
    SLICE_X14Y35         FDRE (Setup_fdre_C_CE)      -0.169    14.856    fsm_inst/latched_value_reg[14]
  -------------------------------------------------------------------
                         required time                         14.856    
                         arrival time                          -9.065    
  -------------------------------------------------------------------
                         slack                                  5.791    

Slack (MET) :             5.791ns  (required time - arrival time)
  Source:                 sw_inst/readData_reg[14]/C
                            (rising edge-triggered cell FDRE clocked by sys_clk  {rise@0.000ns fall@5.000ns period=10.000ns})
  Destination:            fsm_inst/latched_value_reg[15]/CE
                            (rising edge-triggered cell FDRE clocked by sys_clk  {rise@0.000ns fall@5.000ns period=10.000ns})
  Path Group:             sys_clk
  Path Type:              Setup (Max at Slow Process Corner)
  Requirement:            10.000ns  (sys_clk rise@10.000ns - sys_clk rise@0.000ns)
  Data Path Delay:        3.979ns  (logic 0.766ns (19.251%)  route 3.213ns (80.749%))
  Logic Levels:           2  (LUT4=1 LUT5=1)
  Clock Path Skew:        -0.026ns (DCD - SCD + CPR)
    Destination Clock Delay (DCD):    4.786ns = ( 14.786 - 10.000 ) 
    Source Clock Delay      (SCD):    5.086ns
    Clock Pessimism Removal (CPR):    0.274ns
  Clock Uncertainty:      0.035ns  ((TSJ^2 + TIJ^2)^1/2 + DJ) / 2 + PE
    Total System Jitter     (TSJ):    0.071ns
    Total Input Jitter      (TIJ):    0.000ns
    Discrete Jitter          (DJ):    0.000ns
    Phase Error              (PE):    0.000ns

    Location             Delay type                Incr(ns)  Path(ns)    Netlist Resource(s)
  -------------------------------------------------------------------    -------------------
                         (clock sys_clk rise edge)    0.000     0.000 r  
    W5                                                0.000     0.000 r  clk (IN)
                         net (fo=0)                   0.000     0.000    clk
    W5                   IBUF (Prop_ibuf_I_O)         1.458     1.458 r  clk_IBUF_inst/O
                         net (fo=1, routed)           1.967     3.425    clk_IBUF
    BUFGCTRL_X0Y0        BUFG (Prop_bufg_I_O)         0.096     3.521 r  clk_IBUF_BUFG_inst/O
                         net (fo=113, routed)         1.565     5.086    sw_inst/CLK
    SLICE_X14Y37         FDRE                                         r  sw_inst/readData_reg[14]/C
  -------------------------------------------------------------------    -------------------
    SLICE_X14Y37         FDRE (Prop_fdre_C_Q)         0.518     5.604 r  sw_inst/readData_reg[14]/Q
                         net (fo=2, routed)           1.151     6.756    sw_inst/Q[14]
    SLICE_X14Y35         LUT4 (Prop_lut4_I3_O)        0.124     6.880 r  sw_inst/latched_value[15]_i_4/O
                         net (fo=3, routed)           1.126     8.005    sw_inst/latched_value[15]_i_4_n_0
    SLICE_X13Y32         LUT5 (Prop_lut5_I2_O)        0.124     8.129 r  sw_inst/latched_value[15]_i_1/O
                         net (fo=16, routed)          0.936     9.065    fsm_inst/E[0]
    SLICE_X14Y35         FDRE                                         r  fsm_inst/latched_value_reg[15]/CE
  -------------------------------------------------------------------    -------------------

                         (clock sys_clk rise edge)   10.000    10.000 r  
    W5                                                0.000    10.000 r  clk (IN)
                         net (fo=0)                   0.000    10.000    clk
    W5                   IBUF (Prop_ibuf_I_O)         1.388    11.388 r  clk_IBUF_inst/O
                         net (fo=1, routed)           1.862    13.250    clk_IBUF
    BUFGCTRL_X0Y0        BUFG (Prop_bufg_I_O)         0.091    13.341 r  clk_IBUF_BUFG_inst/O
                         net (fo=113, routed)         1.445    14.786    fsm_inst/CLK
    SLICE_X14Y35         FDRE                                         r  fsm_inst/latched_value_reg[15]/C
                         clock pessimism              0.274    15.060    
                         clock uncertainty           -0.035    15.025    
    SLICE_X14Y35         FDRE (Setup_fdre_C_CE)      -0.169    14.856    fsm_inst/latched_value_reg[15]
  -------------------------------------------------------------------
                         required time                         14.856    
                         arrival time                          -9.065    
  -------------------------------------------------------------------
                         slack                                  5.791    

Slack (MET) :             6.013ns  (required time - arrival time)
  Source:                 fsm_inst/c/slow_counter_reg[3]/C
                            (rising edge-triggered cell FDRE clocked by sys_clk  {rise@0.000ns fall@5.000ns period=10.000ns})
  Destination:            fsm_inst/c/counter_reg[0]/CE
                            (rising edge-triggered cell FDRE clocked by sys_clk  {rise@0.000ns fall@5.000ns period=10.000ns})
  Path Group:             sys_clk
  Path Type:              Setup (Max at Slow Process Corner)
  Requirement:            10.000ns  (sys_clk rise@10.000ns - sys_clk rise@0.000ns)
  Data Path Delay:        3.742ns  (logic 0.890ns (23.784%)  route 2.852ns (76.216%))
  Logic Levels:           3  (LUT3=1 LUT5=1 LUT6=1)
  Clock Path Skew:        -0.041ns (DCD - SCD + CPR)
    Destination Clock Delay (DCD):    4.781ns = ( 14.781 - 10.000 ) 
    Source Clock Delay      (SCD):    5.082ns
    Clock Pessimism Removal (CPR):    0.260ns
  Clock Uncertainty:      0.035ns  ((TSJ^2 + TIJ^2)^1/2 + DJ) / 2 + PE
    Total System Jitter     (TSJ):    0.071ns
    Total Input Jitter      (TIJ):    0.000ns
    Discrete Jitter          (DJ):    0.000ns
    Phase Error              (PE):    0.000ns

    Location             Delay type                Incr(ns)  Path(ns)    Netlist Resource(s)
  -------------------------------------------------------------------    -------------------
                         (clock sys_clk rise edge)    0.000     0.000 r  
    W5                                                0.000     0.000 r  clk (IN)
                         net (fo=0)                   0.000     0.000    clk
    W5                   IBUF (Prop_ibuf_I_O)         1.458     1.458 r  clk_IBUF_inst/O
                         net (fo=1, routed)           1.967     3.425    clk_IBUF
    BUFGCTRL_X0Y0        BUFG (Prop_bufg_I_O)         0.096     3.521 r  clk_IBUF_BUFG_inst/O
                         net (fo=113, routed)         1.561     5.082    fsm_inst/c/CLK
    SLICE_X8Y33          FDRE                                         r  fsm_inst/c/slow_counter_reg[3]/C
  -------------------------------------------------------------------    -------------------
    SLICE_X8Y33          FDRE (Prop_fdre_C_Q)         0.518     5.600 f  fsm_inst/c/slow_counter_reg[3]/Q
                         net (fo=2, routed)           1.075     6.675    fsm_inst/c/slow_counter_reg[3]
    SLICE_X9Y33          LUT6 (Prop_lut6_I1_O)        0.124     6.799 r  fsm_inst/c/counter[0]_i_16/O
                         net (fo=1, routed)           0.548     7.348    fsm_inst/c/counter[0]_i_16_n_0
    SLICE_X9Y36          LUT3 (Prop_lut3_I2_O)        0.124     7.472 r  fsm_inst/c/counter[0]_i_3/O
                         net (fo=1, routed)           0.600     8.072    fsm_inst/c/counter[0]_i_3_n_0
    SLICE_X13Y34         LUT5 (Prop_lut5_I0_O)        0.124     8.196 r  fsm_inst/c/counter[0]_i_1/O
                         net (fo=16, routed)          0.628     8.824    fsm_inst/c/counter[0]_i_1_n_0
    SLICE_X14Y31         FDRE                                         r  fsm_inst/c/counter_reg[0]/CE
  -------------------------------------------------------------------    -------------------

                         (clock sys_clk rise edge)   10.000    10.000 r  
    W5                                                0.000    10.000 r  clk (IN)
                         net (fo=0)                   0.000    10.000    clk
    W5                   IBUF (Prop_ibuf_I_O)         1.388    11.388 r  clk_IBUF_inst/O
                         net (fo=1, routed)           1.862    13.250    clk_IBUF
    BUFGCTRL_X0Y0        BUFG (Prop_bufg_I_O)         0.091    13.341 r  clk_IBUF_BUFG_inst/O
                         net (fo=113, routed)         1.440    14.781    fsm_inst/c/CLK
    SLICE_X14Y31         FDRE                                         r  fsm_inst/c/counter_reg[0]/C
                         clock pessimism              0.260    15.041    
                         clock uncertainty           -0.035    15.006    
    SLICE_X14Y31         FDRE (Setup_fdre_C_CE)      -0.169    14.837    fsm_inst/c/counter_reg[0]
  -------------------------------------------------------------------
                         required time                         14.837    
                         arrival time                          -8.824    
  -------------------------------------------------------------------
                         slack                                  6.013    

Slack (MET) :             6.013ns  (required time - arrival time)
  Source:                 fsm_inst/c/slow_counter_reg[3]/C
                            (rising edge-triggered cell FDRE clocked by sys_clk  {rise@0.000ns fall@5.000ns period=10.000ns})
  Destination:            fsm_inst/c/counter_reg[1]/CE
                            (rising edge-triggered cell FDRE clocked by sys_clk  {rise@0.000ns fall@5.000ns period=10.000ns})
  Path Group:             sys_clk
  Path Type:              Setup (Max at Slow Process Corner)
  Requirement:            10.000ns  (sys_clk rise@10.000ns - sys_clk rise@0.000ns)
  Data Path Delay:        3.742ns  (logic 0.890ns (23.784%)  route 2.852ns (76.216%))
  Logic Levels:           3  (LUT3=1 LUT5=1 LUT6=1)
  Clock Path Skew:        -0.041ns (DCD - SCD + CPR)
    Destination Clock Delay (DCD):    4.781ns = ( 14.781 - 10.000 ) 
    Source Clock Delay      (SCD):    5.082ns
    Clock Pessimism Removal (CPR):    0.260ns
  Clock Uncertainty:      0.035ns  ((TSJ^2 + TIJ^2)^1/2 + DJ) / 2 + PE
    Total System Jitter     (TSJ):    0.071ns
    Total Input Jitter      (TIJ):    0.000ns
    Discrete Jitter          (DJ):    0.000ns
    Phase Error              (PE):    0.000ns

    Location             Delay type                Incr(ns)  Path(ns)    Netlist Resource(s)
  -------------------------------------------------------------------    -------------------
                         (clock sys_clk rise edge)    0.000     0.000 r  
    W5                                                0.000     0.000 r  clk (IN)
                         net (fo=0)                   0.000     0.000    clk
    W5                   IBUF (Prop_ibuf_I_O)         1.458     1.458 r  clk_IBUF_inst/O
                         net (fo=1, routed)           1.967     3.425    clk_IBUF
    BUFGCTRL_X0Y0        BUFG (Prop_bufg_I_O)         0.096     3.521 r  clk_IBUF_BUFG_inst/O
                         net (fo=113, routed)         1.561     5.082    fsm_inst/c/CLK
    SLICE_X8Y33          FDRE                                         r  fsm_inst/c/slow_counter_reg[3]/C
  -------------------------------------------------------------------    -------------------
    SLICE_X8Y33          FDRE (Prop_fdre_C_Q)         0.518     5.600 f  fsm_inst/c/slow_counter_reg[3]/Q
                         net (fo=2, routed)           1.075     6.675    fsm_inst/c/slow_counter_reg[3]
    SLICE_X9Y33          LUT6 (Prop_lut6_I1_O)        0.124     6.799 r  fsm_inst/c/counter[0]_i_16/O
                         net (fo=1, routed)           0.548     7.348    fsm_inst/c/counter[0]_i_16_n_0
    SLICE_X9Y36          LUT3 (Prop_lut3_I2_O)        0.124     7.472 r  fsm_inst/c/counter[0]_i_3/O
                         net (fo=1, routed)           0.600     8.072    fsm_inst/c/counter[0]_i_3_n_0
    SLICE_X13Y34         LUT5 (Prop_lut5_I0_O)        0.124     8.196 r  fsm_inst/c/counter[0]_i_1/O
                         net (fo=16, routed)          0.628     8.824    fsm_inst/c/counter[0]_i_1_n_0
    SLICE_X14Y31         FDRE                                         r  fsm_inst/c/counter_reg[1]/CE
  -------------------------------------------------------------------    -------------------

                         (clock sys_clk rise edge)   10.000    10.000 r  
    W5                                                0.000    10.000 r  clk (IN)
                         net (fo=0)                   0.000    10.000    clk
    W5                   IBUF (Prop_ibuf_I_O)         1.388    11.388 r  clk_IBUF_inst/O
                         net (fo=1, routed)           1.862    13.250    clk_IBUF
    BUFGCTRL_X0Y0        BUFG (Prop_bufg_I_O)         0.091    13.341 r  clk_IBUF_BUFG_inst/O
                         net (fo=113, routed)         1.440    14.781    fsm_inst/c/CLK
    SLICE_X14Y31         FDRE                                         r  fsm_inst/c/counter_reg[1]/C
                         clock pessimism              0.260    15.041    
                         clock uncertainty           -0.035    15.006    
    SLICE_X14Y31         FDRE (Setup_fdre_C_CE)      -0.169    14.837    fsm_inst/c/counter_reg[1]
  -------------------------------------------------------------------
                         required time                         14.837    
                         arrival time                          -8.824    
  -------------------------------------------------------------------
                         slack                                  6.013    

Slack (MET) :             6.013ns  (required time - arrival time)
  Source:                 fsm_inst/c/slow_counter_reg[3]/C
                            (rising edge-triggered cell FDRE clocked by sys_clk  {rise@0.000ns fall@5.000ns period=10.000ns})
  Destination:            fsm_inst/c/counter_reg[2]/CE
                            (rising edge-triggered cell FDRE clocked by sys_clk  {rise@0.000ns fall@5.000ns period=10.000ns})
  Path Group:             sys_clk
  Path Type:              Setup (Max at Slow Process Corner)
  Requirement:            10.000ns  (sys_clk rise@10.000ns - sys_clk rise@0.000ns)
  Data Path Delay:        3.742ns  (logic 0.890ns (23.784%)  route 2.852ns (76.216%))
  Logic Levels:           3  (LUT3=1 LUT5=1 LUT6=1)
  Clock Path Skew:        -0.041ns (DCD - SCD + CPR)
    Destination Clock Delay (DCD):    4.781ns = ( 14.781 - 10.000 ) 
    Source Clock Delay      (SCD):    5.082ns
    Clock Pessimism Removal (CPR):    0.260ns
  Clock Uncertainty:      0.035ns  ((TSJ^2 + TIJ^2)^1/2 + DJ) / 2 + PE
    Total System Jitter     (TSJ):    0.071ns
    Total Input Jitter      (TIJ):    0.000ns
    Discrete Jitter          (DJ):    0.000ns
    Phase Error              (PE):    0.000ns

    Location             Delay type                Incr(ns)  Path(ns)    Netlist Resource(s)
  -------------------------------------------------------------------    -------------------
                         (clock sys_clk rise edge)    0.000     0.000 r  
    W5                                                0.000     0.000 r  clk (IN)
                         net (fo=0)                   0.000     0.000    clk
    W5                   IBUF (Prop_ibuf_I_O)         1.458     1.458 r  clk_IBUF_inst/O
                         net (fo=1, routed)           1.967     3.425    clk_IBUF
    BUFGCTRL_X0Y0        BUFG (Prop_bufg_I_O)         0.096     3.521 r  clk_IBUF_BUFG_inst/O
                         net (fo=113, routed)         1.561     5.082    fsm_inst/c/CLK
    SLICE_X8Y33          FDRE                                         r  fsm_inst/c/slow_counter_reg[3]/C
  -------------------------------------------------------------------    -------------------
    SLICE_X8Y33          FDRE (Prop_fdre_C_Q)         0.518     5.600 f  fsm_inst/c/slow_counter_reg[3]/Q
                         net (fo=2, routed)           1.075     6.675    fsm_inst/c/slow_counter_reg[3]
    SLICE_X9Y33          LUT6 (Prop_lut6_I1_O)        0.124     6.799 r  fsm_inst/c/counter[0]_i_16/O
                         net (fo=1, routed)           0.548     7.348    fsm_inst/c/counter[0]_i_16_n_0
    SLICE_X9Y36          LUT3 (Prop_lut3_I2_O)        0.124     7.472 r  fsm_inst/c/counter[0]_i_3/O
                         net (fo=1, routed)           0.600     8.072    fsm_inst/c/counter[0]_i_3_n_0
    SLICE_X13Y34         LUT5 (Prop_lut5_I0_O)        0.124     8.196 r  fsm_inst/c/counter[0]_i_1/O
                         net (fo=16, routed)          0.628     8.824    fsm_inst/c/counter[0]_i_1_n_0
    SLICE_X14Y31         FDRE                                         r  fsm_inst/c/counter_reg[2]/CE
  -------------------------------------------------------------------    -------------------

                         (clock sys_clk rise edge)   10.000    10.000 r  
    W5                                                0.000    10.000 r  clk (IN)
                         net (fo=0)                   0.000    10.000    clk
    W5                   IBUF (Prop_ibuf_I_O)         1.388    11.388 r  clk_IBUF_inst/O
                         net (fo=1, routed)           1.862    13.250    clk_IBUF
    BUFGCTRL_X0Y0        BUFG (Prop_bufg_I_O)         0.091    13.341 r  clk_IBUF_BUFG_inst/O
                         net (fo=113, routed)         1.440    14.781    fsm_inst/c/CLK
    SLICE_X14Y31         FDRE                                         r  fsm_inst/c/counter_reg[2]/C
                         clock pessimism              0.260    15.041    
                         clock uncertainty           -0.035    15.006    
    SLICE_X14Y31         FDRE (Setup_fdre_C_CE)      -0.169    14.837    fsm_inst/c/counter_reg[2]
  -------------------------------------------------------------------
                         required time                         14.837    
                         arrival time                          -8.824    
  -------------------------------------------------------------------
                         slack                                  6.013    

Slack (MET) :             6.013ns  (required time - arrival time)
  Source:                 fsm_inst/c/slow_counter_reg[3]/C
                            (rising edge-triggered cell FDRE clocked by sys_clk  {rise@0.000ns fall@5.000ns period=10.000ns})
  Destination:            fsm_inst/c/counter_reg[3]/CE
                            (rising edge-triggered cell FDRE clocked by sys_clk  {rise@0.000ns fall@5.000ns period=10.000ns})
  Path Group:             sys_clk
  Path Type:              Setup (Max at Slow Process Corner)
  Requirement:            10.000ns  (sys_clk rise@10.000ns - sys_clk rise@0.000ns)
  Data Path Delay:        3.742ns  (logic 0.890ns (23.784%)  route 2.852ns (76.216%))
  Logic Levels:           3  (LUT3=1 LUT5=1 LUT6=1)
  Clock Path Skew:        -0.041ns (DCD - SCD + CPR)
    Destination Clock Delay (DCD):    4.781ns = ( 14.781 - 10.000 ) 
    Source Clock Delay      (SCD):    5.082ns
    Clock Pessimism Removal (CPR):    0.260ns
  Clock Uncertainty:      0.035ns  ((TSJ^2 + TIJ^2)^1/2 + DJ) / 2 + PE
    Total System Jitter     (TSJ):    0.071ns
    Total Input Jitter      (TIJ):    0.000ns
    Discrete Jitter          (DJ):    0.000ns
    Phase Error              (PE):    0.000ns

    Location             Delay type                Incr(ns)  Path(ns)    Netlist Resource(s)
  -------------------------------------------------------------------    -------------------
                         (clock sys_clk rise edge)    0.000     0.000 r  
    W5                                                0.000     0.000 r  clk (IN)
                         net (fo=0)                   0.000     0.000    clk
    W5                   IBUF (Prop_ibuf_I_O)         1.458     1.458 r  clk_IBUF_inst/O
                         net (fo=1, routed)           1.967     3.425    clk_IBUF
    BUFGCTRL_X0Y0        BUFG (Prop_bufg_I_O)         0.096     3.521 r  clk_IBUF_BUFG_inst/O
                         net (fo=113, routed)         1.561     5.082    fsm_inst/c/CLK
    SLICE_X8Y33          FDRE                                         r  fsm_inst/c/slow_counter_reg[3]/C
  -------------------------------------------------------------------    -------------------
    SLICE_X8Y33          FDRE (Prop_fdre_C_Q)         0.518     5.600 f  fsm_inst/c/slow_counter_reg[3]/Q
                         net (fo=2, routed)           1.075     6.675    fsm_inst/c/slow_counter_reg[3]
    SLICE_X9Y33          LUT6 (Prop_lut6_I1_O)        0.124     6.799 r  fsm_inst/c/counter[0]_i_16/O
                         net (fo=1, routed)           0.548     7.348    fsm_inst/c/counter[0]_i_16_n_0
    SLICE_X9Y36          LUT3 (Prop_lut3_I2_O)        0.124     7.472 r  fsm_inst/c/counter[0]_i_3/O
                         net (fo=1, routed)           0.600     8.072    fsm_inst/c/counter[0]_i_3_n_0
    SLICE_X13Y34         LUT5 (Prop_lut5_I0_O)        0.124     8.196 r  fsm_inst/c/counter[0]_i_1/O
                         net (fo=16, routed)          0.628     8.824    fsm_inst/c/counter[0]_i_1_n_0
    SLICE_X14Y31         FDRE                                         r  fsm_inst/c/counter_reg[3]/CE
  -------------------------------------------------------------------    -------------------

                         (clock sys_clk rise edge)   10.000    10.000 r  
    W5                                                0.000    10.000 r  clk (IN)
                         net (fo=0)                   0.000    10.000    clk
    W5                   IBUF (Prop_ibuf_I_O)         1.388    11.388 r  clk_IBUF_inst/O
                         net (fo=1, routed)           1.862    13.250    clk_IBUF
    BUFGCTRL_X0Y0        BUFG (Prop_bufg_I_O)         0.091    13.341 r  clk_IBUF_BUFG_inst/O
                         net (fo=113, routed)         1.440    14.781    fsm_inst/c/CLK
    SLICE_X14Y31         FDRE                                         r  fsm_inst/c/counter_reg[3]/C
                         clock pessimism              0.260    15.041    
                         clock uncertainty           -0.035    15.006    
    SLICE_X14Y31         FDRE (Setup_fdre_C_CE)      -0.169    14.837    fsm_inst/c/counter_reg[3]
  -------------------------------------------------------------------
                         required time                         14.837    
                         arrival time                          -8.824    
  -------------------------------------------------------------------
                         slack                                  6.013    

Slack (MET) :             6.155ns  (required time - arrival time)
  Source:                 fsm_inst/c/slow_counter_reg[3]/C
                            (rising edge-triggered cell FDRE clocked by sys_clk  {rise@0.000ns fall@5.000ns period=10.000ns})
  Destination:            fsm_inst/c/counter_reg[4]/CE
                            (rising edge-triggered cell FDRE clocked by sys_clk  {rise@0.000ns fall@5.000ns period=10.000ns})
  Path Group:             sys_clk
  Path Type:              Setup (Max at Slow Process Corner)
  Requirement:            10.000ns  (sys_clk rise@10.000ns - sys_clk rise@0.000ns)
  Data Path Delay:        3.601ns  (logic 0.890ns (24.714%)  route 2.711ns (75.286%))
  Logic Levels:           3  (LUT3=1 LUT5=1 LUT6=1)
  Clock Path Skew:        -0.039ns (DCD - SCD + CPR)
    Destination Clock Delay (DCD):    4.783ns = ( 14.783 - 10.000 ) 
    Source Clock Delay      (SCD):    5.082ns
    Clock Pessimism Removal (CPR):    0.260ns
  Clock Uncertainty:      0.035ns  ((TSJ^2 + TIJ^2)^1/2 + DJ) / 2 + PE
    Total System Jitter     (TSJ):    0.071ns
    Total Input Jitter      (TIJ):    0.000ns
    Discrete Jitter          (DJ):    0.000ns
    Phase Error              (PE):    0.000ns

    Location             Delay type                Incr(ns)  Path(ns)    Netlist Resource(s)
  -------------------------------------------------------------------    -------------------
                         (clock sys_clk rise edge)    0.000     0.000 r  
    W5                                                0.000     0.000 r  clk (IN)
                         net (fo=0)                   0.000     0.000    clk
    W5                   IBUF (Prop_ibuf_I_O)         1.458     1.458 r  clk_IBUF_inst/O
                         net (fo=1, routed)           1.967     3.425    clk_IBUF
    BUFGCTRL_X0Y0        BUFG (Prop_bufg_I_O)         0.096     3.521 r  clk_IBUF_BUFG_inst/O
                         net (fo=113, routed)         1.561     5.082    fsm_inst/c/CLK
    SLICE_X8Y33          FDRE                                         r  fsm_inst/c/slow_counter_reg[3]/C
  -------------------------------------------------------------------    -------------------
    SLICE_X8Y33          FDRE (Prop_fdre_C_Q)         0.518     5.600 f  fsm_inst/c/slow_counter_reg[3]/Q
                         net (fo=2, routed)           1.075     6.675    fsm_inst/c/slow_counter_reg[3]
    SLICE_X9Y33          LUT6 (Prop_lut6_I1_O)        0.124     6.799 r  fsm_inst/c/counter[0]_i_16/O
                         net (fo=1, routed)           0.548     7.348    fsm_inst/c/counter[0]_i_16_n_0
    SLICE_X9Y36          LUT3 (Prop_lut3_I2_O)        0.124     7.472 r  fsm_inst/c/counter[0]_i_3/O
                         net (fo=1, routed)           0.600     8.072    fsm_inst/c/counter[0]_i_3_n_0
    SLICE_X13Y34         LUT5 (Prop_lut5_I0_O)        0.124     8.196 r  fsm_inst/c/counter[0]_i_1/O
                         net (fo=16, routed)          0.487     8.683    fsm_inst/c/counter[0]_i_1_n_0
    SLICE_X14Y32         FDRE                                         r  fsm_inst/c/counter_reg[4]/CE
  -------------------------------------------------------------------    -------------------

                         (clock sys_clk rise edge)   10.000    10.000 r  
    W5                                                0.000    10.000 r  clk (IN)
                         net (fo=0)                   0.000    10.000    clk
    W5                   IBUF (Prop_ibuf_I_O)         1.388    11.388 r  clk_IBUF_inst/O
                         net (fo=1, routed)           1.862    13.250    clk_IBUF
    BUFGCTRL_X0Y0        BUFG (Prop_bufg_I_O)         0.091    13.341 r  clk_IBUF_BUFG_inst/O
                         net (fo=113, routed)         1.442    14.783    fsm_inst/c/CLK
    SLICE_X14Y32         FDRE                                         r  fsm_inst/c/counter_reg[4]/C
                         clock pessimism              0.260    15.043    
                         clock uncertainty           -0.035    15.008    
    SLICE_X14Y32         FDRE (Setup_fdre_C_CE)      -0.169    14.839    fsm_inst/c/counter_reg[4]
  -------------------------------------------------------------------
                         required time                         14.839    
                         arrival time                          -8.683    
  -------------------------------------------------------------------
                         slack                                  6.155    

Slack (MET) :             6.155ns  (required time - arrival time)
  Source:                 fsm_inst/c/slow_counter_reg[3]/C
                            (rising edge-triggered cell FDRE clocked by sys_clk  {rise@0.000ns fall@5.000ns period=10.000ns})
  Destination:            fsm_inst/c/counter_reg[5]/CE
                            (rising edge-triggered cell FDRE clocked by sys_clk  {rise@0.000ns fall@5.000ns period=10.000ns})
  Path Group:             sys_clk
  Path Type:              Setup (Max at Slow Process Corner)
  Requirement:            10.000ns  (sys_clk rise@10.000ns - sys_clk rise@0.000ns)
  Data Path Delay:        3.601ns  (logic 0.890ns (24.714%)  route 2.711ns (75.286%))
  Logic Levels:           3  (LUT3=1 LUT5=1 LUT6=1)
  Clock Path Skew:        -0.039ns (DCD - SCD + CPR)
    Destination Clock Delay (DCD):    4.783ns = ( 14.783 - 10.000 ) 
    Source Clock Delay      (SCD):    5.082ns
    Clock Pessimism Removal (CPR):    0.260ns
  Clock Uncertainty:      0.035ns  ((TSJ^2 + TIJ^2)^1/2 + DJ) / 2 + PE
    Total System Jitter     (TSJ):    0.071ns
    Total Input Jitter      (TIJ):    0.000ns
    Discrete Jitter          (DJ):    0.000ns
    Phase Error              (PE):    0.000ns

    Location             Delay type                Incr(ns)  Path(ns)    Netlist Resource(s)
  -------------------------------------------------------------------    -------------------
                         (clock sys_clk rise edge)    0.000     0.000 r  
    W5                                                0.000     0.000 r  clk (IN)
                         net (fo=0)                   0.000     0.000    clk
    W5                   IBUF (Prop_ibuf_I_O)         1.458     1.458 r  clk_IBUF_inst/O
                         net (fo=1, routed)           1.967     3.425    clk_IBUF
    BUFGCTRL_X0Y0        BUFG (Prop_bufg_I_O)         0.096     3.521 r  clk_IBUF_BUFG_inst/O
                         net (fo=113, routed)         1.561     5.082    fsm_inst/c/CLK
    SLICE_X8Y33          FDRE                                         r  fsm_inst/c/slow_counter_reg[3]/C
  -------------------------------------------------------------------    -------------------
    SLICE_X8Y33          FDRE (Prop_fdre_C_Q)         0.518     5.600 f  fsm_inst/c/slow_counter_reg[3]/Q
                         net (fo=2, routed)           1.075     6.675    fsm_inst/c/slow_counter_reg[3]
    SLICE_X9Y33          LUT6 (Prop_lut6_I1_O)        0.124     6.799 r  fsm_inst/c/counter[0]_i_16/O
                         net (fo=1, routed)           0.548     7.348    fsm_inst/c/counter[0]_i_16_n_0
    SLICE_X9Y36          LUT3 (Prop_lut3_I2_O)        0.124     7.472 r  fsm_inst/c/counter[0]_i_3/O
                         net (fo=1, routed)           0.600     8.072    fsm_inst/c/counter[0]_i_3_n_0
    SLICE_X13Y34         LUT5 (Prop_lut5_I0_O)        0.124     8.196 r  fsm_inst/c/counter[0]_i_1/O
                         net (fo=16, routed)          0.487     8.683    fsm_inst/c/counter[0]_i_1_n_0
    SLICE_X14Y32         FDRE                                         r  fsm_inst/c/counter_reg[5]/CE
  -------------------------------------------------------------------    -------------------

                         (clock sys_clk rise edge)   10.000    10.000 r  
    W5                                                0.000    10.000 r  clk (IN)
                         net (fo=0)                   0.000    10.000    clk
    W5                   IBUF (Prop_ibuf_I_O)         1.388    11.388 r  clk_IBUF_inst/O
                         net (fo=1, routed)           1.862    13.250    clk_IBUF
    BUFGCTRL_X0Y0        BUFG (Prop_bufg_I_O)         0.091    13.341 r  clk_IBUF_BUFG_inst/O
                         net (fo=113, routed)         1.442    14.783    fsm_inst/c/CLK
    SLICE_X14Y32         FDRE                                         r  fsm_inst/c/counter_reg[5]/C
                         clock pessimism              0.260    15.043    
                         clock uncertainty           -0.035    15.008    
    SLICE_X14Y32         FDRE (Setup_fdre_C_CE)      -0.169    14.839    fsm_inst/c/counter_reg[5]
  -------------------------------------------------------------------
                         required time                         14.839    
                         arrival time                          -8.683    
  -------------------------------------------------------------------
                         slack                                  6.155    





Min Delay Paths
--------------------------------------------------------------------------------------
Slack (MET) :             0.183ns  (arrival time - required time)
  Source:                 fsm_inst/latched_value_reg[3]/C
                            (rising edge-triggered cell FDRE clocked by sys_clk  {rise@0.000ns fall@5.000ns period=10.000ns})
  Destination:            fsm_inst/c/counter_reg[3]/D
                            (rising edge-triggered cell FDRE clocked by sys_clk  {rise@0.000ns fall@5.000ns period=10.000ns})
  Path Group:             sys_clk
  Path Type:              Hold (Min at Fast Process Corner)
  Requirement:            0.000ns  (sys_clk rise@0.000ns - sys_clk rise@0.000ns)
  Data Path Delay:        0.330ns  (logic 0.250ns (75.734%)  route 0.080ns (24.266%))
  Logic Levels:           2  (CARRY4=1 LUT3=1)
  Clock Path Skew:        0.013ns (DCD - SCD - CPR)
    Destination Clock Delay (DCD):    1.954ns
    Source Clock Delay      (SCD):    1.442ns
    Clock Pessimism Removal (CPR):    0.499ns

    Location             Delay type                Incr(ns)  Path(ns)    Netlist Resource(s)
  -------------------------------------------------------------------    -------------------
                         (clock sys_clk rise edge)    0.000     0.000 r  
    W5                                                0.000     0.000 r  clk (IN)
                         net (fo=0)                   0.000     0.000    clk
    W5                   IBUF (Prop_ibuf_I_O)         0.226     0.226 r  clk_IBUF_inst/O
                         net (fo=1, routed)           0.631     0.858    clk_IBUF
    BUFGCTRL_X0Y0        BUFG (Prop_bufg_I_O)         0.026     0.884 r  clk_IBUF_BUFG_inst/O
                         net (fo=113, routed)         0.559     1.442    fsm_inst/CLK
    SLICE_X15Y31         FDRE                                         r  fsm_inst/latched_value_reg[3]/C
  -------------------------------------------------------------------    -------------------
    SLICE_X15Y31         FDRE (Prop_fdre_C_Q)         0.141     1.583 r  fsm_inst/latched_value_reg[3]/Q
                         net (fo=1, routed)           0.080     1.663    fsm_inst/c/Q[3]
    SLICE_X14Y31         LUT3 (Prop_lut3_I1_O)        0.045     1.708 r  fsm_inst/c/counter[0]_i_10/O
                         net (fo=1, routed)           0.000     1.708    fsm_inst/c/counter[0]_i_10_n_0
    SLICE_X14Y31         CARRY4 (Prop_carry4_S[3]_O[3])
                                                      0.064     1.772 r  fsm_inst/c/counter_reg[0]_i_2/O[3]
                         net (fo=1, routed)           0.000     1.772    fsm_inst/c/counter_reg[0]_i_2_n_4
    SLICE_X14Y31         FDRE                                         r  fsm_inst/c/counter_reg[3]/D
  -------------------------------------------------------------------    -------------------

                         (clock sys_clk rise edge)    0.000     0.000 r  
    W5                                                0.000     0.000 r  clk (IN)
                         net (fo=0)                   0.000     0.000    clk
    W5                   IBUF (Prop_ibuf_I_O)         0.414     0.414 r  clk_IBUF_inst/O
                         net (fo=1, routed)           0.685     1.099    clk_IBUF
    BUFGCTRL_X0Y0        BUFG (Prop_bufg_I_O)         0.029     1.128 r  clk_IBUF_BUFG_inst/O
                         net (fo=113, routed)         0.827     1.954    fsm_inst/c/CLK
    SLICE_X14Y31         FDRE                                         r  fsm_inst/c/counter_reg[3]/C
                         clock pessimism             -0.499     1.455    
    SLICE_X14Y31         FDRE (Hold_fdre_C_D)         0.134     1.589    fsm_inst/c/counter_reg[3]
  -------------------------------------------------------------------
                         required time                         -1.589    
                         arrival time                           1.772    
  -------------------------------------------------------------------
                         slack                                  0.183    

Slack (MET) :             0.183ns  (arrival time - required time)
  Source:                 fsm_inst/latched_value_reg[7]/C
                            (rising edge-triggered cell FDRE clocked by sys_clk  {rise@0.000ns fall@5.000ns period=10.000ns})
  Destination:            fsm_inst/c/counter_reg[7]/D
                            (rising edge-triggered cell FDRE clocked by sys_clk  {rise@0.000ns fall@5.000ns period=10.000ns})
  Path Group:             sys_clk
  Path Type:              Hold (Min at Fast Process Corner)
  Requirement:            0.000ns  (sys_clk rise@0.000ns - sys_clk rise@0.000ns)
  Data Path Delay:        0.330ns  (logic 0.250ns (75.734%)  route 0.080ns (24.266%))
  Logic Levels:           2  (CARRY4=1 LUT3=1)
  Clock Path Skew:        0.013ns (DCD - SCD - CPR)
    Destination Clock Delay (DCD):    1.955ns
    Source Clock Delay      (SCD):    1.443ns
    Clock Pessimism Removal (CPR):    0.499ns

    Location             Delay type                Incr(ns)  Path(ns)    Netlist Resource(s)
  -------------------------------------------------------------------    -------------------
                         (clock sys_clk rise edge)    0.000     0.000 r  
    W5                                                0.000     0.000 r  clk (IN)
                         net (fo=0)                   0.000     0.000    clk
    W5                   IBUF (Prop_ibuf_I_O)         0.226     0.226 r  clk_IBUF_inst/O
                         net (fo=1, routed)           0.631     0.858    clk_IBUF
    BUFGCTRL_X0Y0        BUFG (Prop_bufg_I_O)         0.026     0.884 r  clk_IBUF_BUFG_inst/O
                         net (fo=113, routed)         0.560     1.443    fsm_inst/CLK
    SLICE_X15Y32         FDRE                                         r  fsm_inst/latched_value_reg[7]/C
  -------------------------------------------------------------------    -------------------
    SLICE_X15Y32         FDRE (Prop_fdre_C_Q)         0.141     1.584 r  fsm_inst/latched_value_reg[7]/Q
                         net (fo=1, routed)           0.080     1.664    fsm_inst/c/Q[7]
    SLICE_X14Y32         LUT3 (Prop_lut3_I1_O)        0.045     1.709 r  fsm_inst/c/counter[4]_i_6/O
                         net (fo=1, routed)           0.000     1.709    fsm_inst/c/counter[4]_i_6_n_0
    SLICE_X14Y32         CARRY4 (Prop_carry4_S[3]_O[3])
                                                      0.064     1.773 r  fsm_inst/c/counter_reg[4]_i_1/O[3]
                         net (fo=1, routed)           0.000     1.773    fsm_inst/c/counter_reg[4]_i_1_n_4
    SLICE_X14Y32         FDRE                                         r  fsm_inst/c/counter_reg[7]/D
  -------------------------------------------------------------------    -------------------

                         (clock sys_clk rise edge)    0.000     0.000 r  
    W5                                                0.000     0.000 r  clk (IN)
                         net (fo=0)                   0.000     0.000    clk
    W5                   IBUF (Prop_ibuf_I_O)         0.414     0.414 r  clk_IBUF_inst/O
                         net (fo=1, routed)           0.685     1.099    clk_IBUF
    BUFGCTRL_X0Y0        BUFG (Prop_bufg_I_O)         0.029     1.128 r  clk_IBUF_BUFG_inst/O
                         net (fo=113, routed)         0.828     1.955    fsm_inst/c/CLK
    SLICE_X14Y32         FDRE                                         r  fsm_inst/c/counter_reg[7]/C
                         clock pessimism             -0.499     1.456    
    SLICE_X14Y32         FDRE (Hold_fdre_C_D)         0.134     1.590    fsm_inst/c/counter_reg[7]
  -------------------------------------------------------------------
                         required time                         -1.590    
                         arrival time                           1.773    
  -------------------------------------------------------------------
                         slack                                  0.183    

Slack (MET) :             0.196ns  (arrival time - required time)
  Source:                 fsm_inst/latched_value_reg[0]/C
                            (rising edge-triggered cell FDRE clocked by sys_clk  {rise@0.000ns fall@5.000ns period=10.000ns})
  Destination:            fsm_inst/c/counter_reg[0]/D
                            (rising edge-triggered cell FDRE clocked by sys_clk  {rise@0.000ns fall@5.000ns period=10.000ns})
  Path Group:             sys_clk
  Path Type:              Hold (Min at Fast Process Corner)
  Requirement:            0.000ns  (sys_clk rise@0.000ns - sys_clk rise@0.000ns)
  Data Path Delay:        0.343ns  (logic 0.256ns (74.613%)  route 0.087ns (25.387%))
  Logic Levels:           2  (CARRY4=1 LUT3=1)
  Clock Path Skew:        0.013ns (DCD - SCD - CPR)
    Destination Clock Delay (DCD):    1.954ns
    Source Clock Delay      (SCD):    1.442ns
    Clock Pessimism Removal (CPR):    0.499ns

    Location             Delay type                Incr(ns)  Path(ns)    Netlist Resource(s)
  -------------------------------------------------------------------    -------------------
                         (clock sys_clk rise edge)    0.000     0.000 r  
    W5                                                0.000     0.000 r  clk (IN)
                         net (fo=0)                   0.000     0.000    clk
    W5                   IBUF (Prop_ibuf_I_O)         0.226     0.226 r  clk_IBUF_inst/O
                         net (fo=1, routed)           0.631     0.858    clk_IBUF
    BUFGCTRL_X0Y0        BUFG (Prop_bufg_I_O)         0.026     0.884 r  clk_IBUF_BUFG_inst/O
                         net (fo=113, routed)         0.559     1.442    fsm_inst/CLK
    SLICE_X15Y31         FDRE                                         r  fsm_inst/latched_value_reg[0]/C
  -------------------------------------------------------------------    -------------------
    SLICE_X15Y31         FDRE (Prop_fdre_C_Q)         0.141     1.583 r  fsm_inst/latched_value_reg[0]/Q
                         net (fo=1, routed)           0.087     1.670    fsm_inst/c/Q[0]
    SLICE_X14Y31         LUT3 (Prop_lut3_I1_O)        0.045     1.715 r  fsm_inst/c/counter[0]_i_13/O
                         net (fo=1, routed)           0.000     1.715    fsm_inst/c/counter[0]_i_13_n_0
    SLICE_X14Y31         CARRY4 (Prop_carry4_S[0]_O[0])
                                                      0.070     1.785 r  fsm_inst/c/counter_reg[0]_i_2/O[0]
                         net (fo=1, routed)           0.000     1.785    fsm_inst/c/counter_reg[0]_i_2_n_7
    SLICE_X14Y31         FDRE                                         r  fsm_inst/c/counter_reg[0]/D
  -------------------------------------------------------------------    -------------------

                         (clock sys_clk rise edge)    0.000     0.000 r  
    W5                                                0.000     0.000 r  clk (IN)
                         net (fo=0)                   0.000     0.000    clk
    W5                   IBUF (Prop_ibuf_I_O)         0.414     0.414 r  clk_IBUF_inst/O
                         net (fo=1, routed)           0.685     1.099    clk_IBUF
    BUFGCTRL_X0Y0        BUFG (Prop_bufg_I_O)         0.029     1.128 r  clk_IBUF_BUFG_inst/O
                         net (fo=113, routed)         0.827     1.954    fsm_inst/c/CLK
    SLICE_X14Y31         FDRE                                         r  fsm_inst/c/counter_reg[0]/C
                         clock pessimism             -0.499     1.455    
    SLICE_X14Y31         FDRE (Hold_fdre_C_D)         0.134     1.589    fsm_inst/c/counter_reg[0]
  -------------------------------------------------------------------
                         required time                         -1.589    
                         arrival time                           1.785    
  -------------------------------------------------------------------
                         slack                                  0.196    

Slack (MET) :             0.196ns  (arrival time - required time)
  Source:                 fsm_inst/latched_value_reg[4]/C
                            (rising edge-triggered cell FDRE clocked by sys_clk  {rise@0.000ns fall@5.000ns period=10.000ns})
  Destination:            fsm_inst/c/counter_reg[4]/D
                            (rising edge-triggered cell FDRE clocked by sys_clk  {rise@0.000ns fall@5.000ns period=10.000ns})
  Path Group:             sys_clk
  Path Type:              Hold (Min at Fast Process Corner)
  Requirement:            0.000ns  (sys_clk rise@0.000ns - sys_clk rise@0.000ns)
  Data Path Delay:        0.343ns  (logic 0.256ns (74.613%)  route 0.087ns (25.387%))
  Logic Levels:           2  (CARRY4=1 LUT3=1)
  Clock Path Skew:        0.013ns (DCD - SCD - CPR)
    Destination Clock Delay (DCD):    1.955ns
    Source Clock Delay      (SCD):    1.443ns
    Clock Pessimism Removal (CPR):    0.499ns

    Location             Delay type                Incr(ns)  Path(ns)    Netlist Resource(s)
  -------------------------------------------------------------------    -------------------
                         (clock sys_clk rise edge)    0.000     0.000 r  
    W5                                                0.000     0.000 r  clk (IN)
                         net (fo=0)                   0.000     0.000    clk
    W5                   IBUF (Prop_ibuf_I_O)         0.226     0.226 r  clk_IBUF_inst/O
                         net (fo=1, routed)           0.631     0.858    clk_IBUF
    BUFGCTRL_X0Y0        BUFG (Prop_bufg_I_O)         0.026     0.884 r  clk_IBUF_BUFG_inst/O
                         net (fo=113, routed)         0.560     1.443    fsm_inst/CLK
    SLICE_X15Y32         FDRE                                         r  fsm_inst/latched_value_reg[4]/C
  -------------------------------------------------------------------    -------------------
    SLICE_X15Y32         FDRE (Prop_fdre_C_Q)         0.141     1.584 r  fsm_inst/latched_value_reg[4]/Q
                         net (fo=1, routed)           0.087     1.671    fsm_inst/c/Q[4]
    SLICE_X14Y32         LUT3 (Prop_lut3_I1_O)        0.045     1.716 r  fsm_inst/c/counter[4]_i_9/O
                         net (fo=1, routed)           0.000     1.716    fsm_inst/c/counter[4]_i_9_n_0
    SLICE_X14Y32         CARRY4 (Prop_carry4_S[0]_O[0])
                                                      0.070     1.786 r  fsm_inst/c/counter_reg[4]_i_1/O[0]
                         net (fo=1, routed)           0.000     1.786    fsm_inst/c/counter_reg[4]_i_1_n_7
    SLICE_X14Y32         FDRE                                         r  fsm_inst/c/counter_reg[4]/D
  -------------------------------------------------------------------    -------------------

                         (clock sys_clk rise edge)    0.000     0.000 r  
    W5                                                0.000     0.000 r  clk (IN)
                         net (fo=0)                   0.000     0.000    clk
    W5                   IBUF (Prop_ibuf_I_O)         0.414     0.414 r  clk_IBUF_inst/O
                         net (fo=1, routed)           0.685     1.099    clk_IBUF
    BUFGCTRL_X0Y0        BUFG (Prop_bufg_I_O)         0.029     1.128 r  clk_IBUF_BUFG_inst/O
                         net (fo=113, routed)         0.828     1.955    fsm_inst/c/CLK
    SLICE_X14Y32         FDRE                                         r  fsm_inst/c/counter_reg[4]/C
                         clock pessimism             -0.499     1.456    
    SLICE_X14Y32         FDRE (Hold_fdre_C_D)         0.134     1.590    fsm_inst/c/counter_reg[4]
  -------------------------------------------------------------------
                         required time                         -1.590    
                         arrival time                           1.786    
  -------------------------------------------------------------------
                         slack                                  0.196    

Slack (MET) :             0.199ns  (arrival time - required time)
  Source:                 fsm_inst/c/counter_reg[15]/C
                            (rising edge-triggered cell FDRE clocked by sys_clk  {rise@0.000ns fall@5.000ns period=10.000ns})
  Destination:            led_inst/leds_reg[15]/D
                            (rising edge-triggered cell FDRE clocked by sys_clk  {rise@0.000ns fall@5.000ns period=10.000ns})
  Path Group:             sys_clk
  Path Type:              Hold (Min at Fast Process Corner)
  Requirement:            0.000ns  (sys_clk rise@0.000ns - sys_clk rise@0.000ns)
  Data Path Delay:        0.319ns  (logic 0.215ns (67.332%)  route 0.104ns (32.668%))
  Logic Levels:           1  (LUT2=1)
  Clock Path Skew:        0.013ns (DCD - SCD - CPR)
    Destination Clock Delay (DCD):    1.957ns
    Source Clock Delay      (SCD):    1.445ns
    Clock Pessimism Removal (CPR):    0.499ns

    Location             Delay type                Incr(ns)  Path(ns)    Netlist Resource(s)
  -------------------------------------------------------------------    -------------------
                         (clock sys_clk rise edge)    0.000     0.000 r  
    W5                                                0.000     0.000 r  clk (IN)
                         net (fo=0)                   0.000     0.000    clk
    W5                   IBUF (Prop_ibuf_I_O)         0.226     0.226 r  clk_IBUF_inst/O
                         net (fo=1, routed)           0.631     0.858    clk_IBUF
    BUFGCTRL_X0Y0        BUFG (Prop_bufg_I_O)         0.026     0.884 r  clk_IBUF_BUFG_inst/O
                         net (fo=113, routed)         0.562     1.445    fsm_inst/c/CLK
    SLICE_X14Y34         FDRE                                         r  fsm_inst/c/counter_reg[15]/C
  -------------------------------------------------------------------    -------------------
    SLICE_X14Y34         FDRE (Prop_fdre_C_Q)         0.164     1.609 r  fsm_inst/c/counter_reg[15]/Q
                         net (fo=3, routed)           0.104     1.713    fsm_inst/c/counter[15]
    SLICE_X15Y34         LUT2 (Prop_lut2_I1_O)        0.051     1.764 r  fsm_inst/c/leds[15]_i_1/O
                         net (fo=1, routed)           0.000     1.764    led_inst/D[15]
    SLICE_X15Y34         FDRE                                         r  led_inst/leds_reg[15]/D
  -------------------------------------------------------------------    -------------------

                         (clock sys_clk rise edge)    0.000     0.000 r  
    W5                                                0.000     0.000 r  clk (IN)
                         net (fo=0)                   0.000     0.000    clk
    W5                   IBUF (Prop_ibuf_I_O)         0.414     0.414 r  clk_IBUF_inst/O
                         net (fo=1, routed)           0.685     1.099    clk_IBUF
    BUFGCTRL_X0Y0        BUFG (Prop_bufg_I_O)         0.029     1.128 r  clk_IBUF_BUFG_inst/O
                         net (fo=113, routed)         0.830     1.957    led_inst/CLK
    SLICE_X15Y34         FDRE                                         r  led_inst/leds_reg[15]/C
                         clock pessimism             -0.499     1.458    
    SLICE_X15Y34         FDRE (Hold_fdre_C_D)         0.107     1.565    led_inst/leds_reg[15]
  -------------------------------------------------------------------
                         required time                         -1.565    
                         arrival time                           1.764    
  -------------------------------------------------------------------
                         slack                                  0.199    

Slack (MET) :             0.216ns  (arrival time - required time)
  Source:                 sw_inst/readData_reg[12]/C
                            (rising edge-triggered cell FDRE clocked by sys_clk  {rise@0.000ns fall@5.000ns period=10.000ns})
  Destination:            fsm_inst/latched_value_reg[12]/D
                            (rising edge-triggered cell FDRE clocked by sys_clk  {rise@0.000ns fall@5.000ns period=10.000ns})
  Path Group:             sys_clk
  Path Type:              Hold (Min at Fast Process Corner)
  Requirement:            0.000ns  (sys_clk rise@0.000ns - sys_clk rise@0.000ns)
  Data Path Delay:        0.289ns  (logic 0.164ns (56.657%)  route 0.125ns (43.343%))
  Logic Levels:           0  
  Clock Path Skew:        0.014ns (DCD - SCD - CPR)
    Destination Clock Delay (DCD):    1.958ns
    Source Clock Delay      (SCD):    1.446ns
    Clock Pessimism Removal (CPR):    0.498ns

    Location             Delay type                Incr(ns)  Path(ns)    Netlist Resource(s)
  -------------------------------------------------------------------    -------------------
                         (clock sys_clk rise edge)    0.000     0.000 r  
    W5                                                0.000     0.000 r  clk (IN)
                         net (fo=0)                   0.000     0.000    clk
    W5                   IBUF (Prop_ibuf_I_O)         0.226     0.226 r  clk_IBUF_inst/O
                         net (fo=1, routed)           0.631     0.858    clk_IBUF
    BUFGCTRL_X0Y0        BUFG (Prop_bufg_I_O)         0.026     0.884 r  clk_IBUF_BUFG_inst/O
                         net (fo=113, routed)         0.563     1.446    sw_inst/CLK
    SLICE_X14Y37         FDRE                                         r  sw_inst/readData_reg[12]/C
  -------------------------------------------------------------------    -------------------
    SLICE_X14Y37         FDRE (Prop_fdre_C_Q)         0.164     1.610 r  sw_inst/readData_reg[12]/Q
                         net (fo=2, routed)           0.125     1.736    fsm_inst/Q[12]
    SLICE_X14Y35         FDRE                                         r  fsm_inst/latched_value_reg[12]/D
  -------------------------------------------------------------------    -------------------

                         (clock sys_clk rise edge)    0.000     0.000 r  
    W5                                                0.000     0.000 r  clk (IN)
                         net (fo=0)                   0.000     0.000    clk
    W5                   IBUF (Prop_ibuf_I_O)         0.414     0.414 r  clk_IBUF_inst/O
                         net (fo=1, routed)           0.685     1.099    clk_IBUF
    BUFGCTRL_X0Y0        BUFG (Prop_bufg_I_O)         0.029     1.128 r  clk_IBUF_BUFG_inst/O
                         net (fo=113, routed)         0.831     1.958    fsm_inst/CLK
    SLICE_X14Y35         FDRE                                         r  fsm_inst/latched_value_reg[12]/C
                         clock pessimism             -0.498     1.460    
    SLICE_X14Y35         FDRE (Hold_fdre_C_D)         0.059     1.519    fsm_inst/latched_value_reg[12]
  -------------------------------------------------------------------
                         required time                         -1.519    
                         arrival time                           1.736    
  -------------------------------------------------------------------
                         slack                                  0.216    

Slack (MET) :             0.231ns  (arrival time - required time)
  Source:                 fsm_inst/latched_value_reg[0]/C
                            (rising edge-triggered cell FDRE clocked by sys_clk  {rise@0.000ns fall@5.000ns period=10.000ns})
  Destination:            fsm_inst/c/counter_reg[1]/D
                            (rising edge-triggered cell FDRE clocked by sys_clk  {rise@0.000ns fall@5.000ns period=10.000ns})
  Path Group:             sys_clk
  Path Type:              Hold (Min at Fast Process Corner)
  Requirement:            0.000ns  (sys_clk rise@0.000ns - sys_clk rise@0.000ns)
  Data Path Delay:        0.378ns  (logic 0.291ns (76.963%)  route 0.087ns (23.037%))
  Logic Levels:           2  (CARRY4=1 LUT3=1)
  Clock Path Skew:        0.013ns (DCD - SCD - CPR)
    Destination Clock Delay (DCD):    1.954ns
    Source Clock Delay      (SCD):    1.442ns
    Clock Pessimism Removal (CPR):    0.499ns

    Location             Delay type                Incr(ns)  Path(ns)    Netlist Resource(s)
  -------------------------------------------------------------------    -------------------
                         (clock sys_clk rise edge)    0.000     0.000 r  
    W5                                                0.000     0.000 r  clk (IN)
                         net (fo=0)                   0.000     0.000    clk
    W5                   IBUF (Prop_ibuf_I_O)         0.226     0.226 r  clk_IBUF_inst/O
                         net (fo=1, routed)           0.631     0.858    clk_IBUF
    BUFGCTRL_X0Y0        BUFG (Prop_bufg_I_O)         0.026     0.884 r  clk_IBUF_BUFG_inst/O
                         net (fo=113, routed)         0.559     1.442    fsm_inst/CLK
    SLICE_X15Y31         FDRE                                         r  fsm_inst/latched_value_reg[0]/C
  -------------------------------------------------------------------    -------------------
    SLICE_X15Y31         FDRE (Prop_fdre_C_Q)         0.141     1.583 r  fsm_inst/latched_value_reg[0]/Q
                         net (fo=1, routed)           0.087     1.670    fsm_inst/c/Q[0]
    SLICE_X14Y31         LUT3 (Prop_lut3_I1_O)        0.045     1.715 r  fsm_inst/c/counter[0]_i_13/O
                         net (fo=1, routed)           0.000     1.715    fsm_inst/c/counter[0]_i_13_n_0
    SLICE_X14Y31         CARRY4 (Prop_carry4_S[0]_O[1])
                                                      0.105     1.820 r  fsm_inst/c/counter_reg[0]_i_2/O[1]
                         net (fo=1, routed)           0.000     1.820    fsm_inst/c/counter_reg[0]_i_2_n_6
    SLICE_X14Y31         FDRE                                         r  fsm_inst/c/counter_reg[1]/D
  -------------------------------------------------------------------    -------------------

                         (clock sys_clk rise edge)    0.000     0.000 r  
    W5                                                0.000     0.000 r  clk (IN)
                         net (fo=0)                   0.000     0.000    clk
    W5                   IBUF (Prop_ibuf_I_O)         0.414     0.414 r  clk_IBUF_inst/O
                         net (fo=1, routed)           0.685     1.099    clk_IBUF
    BUFGCTRL_X0Y0        BUFG (Prop_bufg_I_O)         0.029     1.128 r  clk_IBUF_BUFG_inst/O
                         net (fo=113, routed)         0.827     1.954    fsm_inst/c/CLK
    SLICE_X14Y31         FDRE                                         r  fsm_inst/c/counter_reg[1]/C
                         clock pessimism             -0.499     1.455    
    SLICE_X14Y31         FDRE (Hold_fdre_C_D)         0.134     1.589    fsm_inst/c/counter_reg[1]
  -------------------------------------------------------------------
                         required time                         -1.589    
                         arrival time                           1.820    
  -------------------------------------------------------------------
                         slack                                  0.231    

Slack (MET) :             0.231ns  (arrival time - required time)
  Source:                 fsm_inst/latched_value_reg[4]/C
                            (rising edge-triggered cell FDRE clocked by sys_clk  {rise@0.000ns fall@5.000ns period=10.000ns})
  Destination:            fsm_inst/c/counter_reg[5]/D
                            (rising edge-triggered cell FDRE clocked by sys_clk  {rise@0.000ns fall@5.000ns period=10.000ns})
  Path Group:             sys_clk
  Path Type:              Hold (Min at Fast Process Corner)
  Requirement:            0.000ns  (sys_clk rise@0.000ns - sys_clk rise@0.000ns)
  Data Path Delay:        0.378ns  (logic 0.291ns (76.963%)  route 0.087ns (23.037%))
  Logic Levels:           2  (CARRY4=1 LUT3=1)
  Clock Path Skew:        0.013ns (DCD - SCD - CPR)
    Destination Clock Delay (DCD):    1.955ns
    Source Clock Delay      (SCD):    1.443ns
    Clock Pessimism Removal (CPR):    0.499ns

    Location             Delay type                Incr(ns)  Path(ns)    Netlist Resource(s)
  -------------------------------------------------------------------    -------------------
                         (clock sys_clk rise edge)    0.000     0.000 r  
    W5                                                0.000     0.000 r  clk (IN)
                         net (fo=0)                   0.000     0.000    clk
    W5                   IBUF (Prop_ibuf_I_O)         0.226     0.226 r  clk_IBUF_inst/O
                         net (fo=1, routed)           0.631     0.858    clk_IBUF
    BUFGCTRL_X0Y0        BUFG (Prop_bufg_I_O)         0.026     0.884 r  clk_IBUF_BUFG_inst/O
                         net (fo=113, routed)         0.560     1.443    fsm_inst/CLK
    SLICE_X15Y32         FDRE                                         r  fsm_inst/latched_value_reg[4]/C
  -------------------------------------------------------------------    -------------------
    SLICE_X15Y32         FDRE (Prop_fdre_C_Q)         0.141     1.584 r  fsm_inst/latched_value_reg[4]/Q
                         net (fo=1, routed)           0.087     1.671    fsm_inst/c/Q[4]
    SLICE_X14Y32         LUT3 (Prop_lut3_I1_O)        0.045     1.716 r  fsm_inst/c/counter[4]_i_9/O
                         net (fo=1, routed)           0.000     1.716    fsm_inst/c/counter[4]_i_9_n_0
    SLICE_X14Y32         CARRY4 (Prop_carry4_S[0]_O[1])
                                                      0.105     1.821 r  fsm_inst/c/counter_reg[4]_i_1/O[1]
                         net (fo=1, routed)           0.000     1.821    fsm_inst/c/counter_reg[4]_i_1_n_6
    SLICE_X14Y32         FDRE                                         r  fsm_inst/c/counter_reg[5]/D
  -------------------------------------------------------------------    -------------------

                         (clock sys_clk rise edge)    0.000     0.000 r  
    W5                                                0.000     0.000 r  clk (IN)
                         net (fo=0)                   0.000     0.000    clk
    W5                   IBUF (Prop_ibuf_I_O)         0.414     0.414 r  clk_IBUF_inst/O
                         net (fo=1, routed)           0.685     1.099    clk_IBUF
    BUFGCTRL_X0Y0        BUFG (Prop_bufg_I_O)         0.029     1.128 r  clk_IBUF_BUFG_inst/O
                         net (fo=113, routed)         0.828     1.955    fsm_inst/c/CLK
    SLICE_X14Y32         FDRE                                         r  fsm_inst/c/counter_reg[5]/C
                         clock pessimism             -0.499     1.456    
    SLICE_X14Y32         FDRE (Hold_fdre_C_D)         0.134     1.590    fsm_inst/c/counter_reg[5]
  -------------------------------------------------------------------
                         required time                         -1.590    
                         arrival time                           1.821    
  -------------------------------------------------------------------
                         slack                                  0.231    

Slack (MET) :             0.237ns  (arrival time - required time)
  Source:                 fsm_inst/latched_value_reg[11]/C
                            (rising edge-triggered cell FDRE clocked by sys_clk  {rise@0.000ns fall@5.000ns period=10.000ns})
  Destination:            fsm_inst/c/counter_reg[11]/D
                            (rising edge-triggered cell FDRE clocked by sys_clk  {rise@0.000ns fall@5.000ns period=10.000ns})
  Path Group:             sys_clk
  Path Type:              Hold (Min at Fast Process Corner)
  Requirement:            0.000ns  (sys_clk rise@0.000ns - sys_clk rise@0.000ns)
  Data Path Delay:        0.384ns  (logic 0.250ns (65.075%)  route 0.134ns (34.925%))
  Logic Levels:           2  (CARRY4=1 LUT3=1)
  Clock Path Skew:        0.013ns (DCD - SCD - CPR)
    Destination Clock Delay (DCD):    1.956ns
    Source Clock Delay      (SCD):    1.444ns
    Clock Pessimism Removal (CPR):    0.499ns

    Location             Delay type                Incr(ns)  Path(ns)    Netlist Resource(s)
  -------------------------------------------------------------------    -------------------
                         (clock sys_clk rise edge)    0.000     0.000 r  
    W5                                                0.000     0.000 r  clk (IN)
                         net (fo=0)                   0.000     0.000    clk
    W5                   IBUF (Prop_ibuf_I_O)         0.226     0.226 r  clk_IBUF_inst/O
                         net (fo=1, routed)           0.631     0.858    clk_IBUF
    BUFGCTRL_X0Y0        BUFG (Prop_bufg_I_O)         0.026     0.884 r  clk_IBUF_BUFG_inst/O
                         net (fo=113, routed)         0.561     1.444    fsm_inst/CLK
    SLICE_X15Y33         FDRE                                         r  fsm_inst/latched_value_reg[11]/C
  -------------------------------------------------------------------    -------------------
    SLICE_X15Y33         FDRE (Prop_fdre_C_Q)         0.141     1.585 r  fsm_inst/latched_value_reg[11]/Q
                         net (fo=1, routed)           0.134     1.719    fsm_inst/c/Q[11]
    SLICE_X14Y33         LUT3 (Prop_lut3_I1_O)        0.045     1.764 r  fsm_inst/c/counter[8]_i_6/O
                         net (fo=1, routed)           0.000     1.764    fsm_inst/c/counter[8]_i_6_n_0
    SLICE_X14Y33         CARRY4 (Prop_carry4_S[3]_O[3])
                                                      0.064     1.828 r  fsm_inst/c/counter_reg[8]_i_1/O[3]
                         net (fo=1, routed)           0.000     1.828    fsm_inst/c/counter_reg[8]_i_1_n_4
    SLICE_X14Y33         FDRE                                         r  fsm_inst/c/counter_reg[11]/D
  -------------------------------------------------------------------    -------------------

                         (clock sys_clk rise edge)    0.000     0.000 r  
    W5                                                0.000     0.000 r  clk (IN)
                         net (fo=0)                   0.000     0.000    clk
    W5                   IBUF (Prop_ibuf_I_O)         0.414     0.414 r  clk_IBUF_inst/O
                         net (fo=1, routed)           0.685     1.099    clk_IBUF
    BUFGCTRL_X0Y0        BUFG (Prop_bufg_I_O)         0.029     1.128 r  clk_IBUF_BUFG_inst/O
                         net (fo=113, routed)         0.829     1.956    fsm_inst/c/CLK
    SLICE_X14Y33         FDRE                                         r  fsm_inst/c/counter_reg[11]/C
                         clock pessimism             -0.499     1.457    
    SLICE_X14Y33         FDRE (Hold_fdre_C_D)         0.134     1.591    fsm_inst/c/counter_reg[11]
  -------------------------------------------------------------------
                         required time                         -1.591    
                         arrival time                           1.828    
  -------------------------------------------------------------------
                         slack                                  0.237    

Slack (MET) :             0.239ns  (arrival time - required time)
  Source:                 fsm_inst/c/counter_reg[0]/C
                            (rising edge-triggered cell FDRE clocked by sys_clk  {rise@0.000ns fall@5.000ns period=10.000ns})
  Destination:            led_inst/leds_reg[0]/D
                            (rising edge-triggered cell FDRE clocked by sys_clk  {rise@0.000ns fall@5.000ns period=10.000ns})
  Path Group:             sys_clk
  Path Type:              Hold (Min at Fast Process Corner)
  Requirement:            0.000ns  (sys_clk rise@0.000ns - sys_clk rise@0.000ns)
  Data Path Delay:        0.372ns  (logic 0.209ns (56.125%)  route 0.163ns (43.875%))
  Logic Levels:           1  (LUT2=1)
  Clock Path Skew:        0.013ns (DCD - SCD - CPR)
    Destination Clock Delay (DCD):    1.953ns
    Source Clock Delay      (SCD):    1.442ns
    Clock Pessimism Removal (CPR):    0.498ns

    Location             Delay type                Incr(ns)  Path(ns)    Netlist Resource(s)
  -------------------------------------------------------------------    -------------------
                         (clock sys_clk rise edge)    0.000     0.000 r  
    W5                                                0.000     0.000 r  clk (IN)
                         net (fo=0)                   0.000     0.000    clk
    W5                   IBUF (Prop_ibuf_I_O)         0.226     0.226 r  clk_IBUF_inst/O
                         net (fo=1, routed)           0.631     0.858    clk_IBUF
    BUFGCTRL_X0Y0        BUFG (Prop_bufg_I_O)         0.026     0.884 r  clk_IBUF_BUFG_inst/O
                         net (fo=113, routed)         0.559     1.442    fsm_inst/c/CLK
    SLICE_X14Y31         FDRE                                         r  fsm_inst/c/counter_reg[0]/C
  -------------------------------------------------------------------    -------------------
    SLICE_X14Y31         FDRE (Prop_fdre_C_Q)         0.164     1.606 r  fsm_inst/c/counter_reg[0]/Q
                         net (fo=3, routed)           0.163     1.770    fsm_inst/c/counter[0]
    SLICE_X14Y30         LUT2 (Prop_lut2_I1_O)        0.045     1.815 r  fsm_inst/c/leds[0]_i_1/O
                         net (fo=1, routed)           0.000     1.815    led_inst/D[0]
    SLICE_X14Y30         FDRE                                         r  led_inst/leds_reg[0]/D
  -------------------------------------------------------------------    -------------------

                         (clock sys_clk rise edge)    0.000     0.000 r  
    W5                                                0.000     0.000 r  clk (IN)
                         net (fo=0)                   0.000     0.000    clk
    W5                   IBUF (Prop_ibuf_I_O)         0.414     0.414 r  clk_IBUF_inst/O
                         net (fo=1, routed)           0.685     1.099    clk_IBUF
    BUFGCTRL_X0Y0        BUFG (Prop_bufg_I_O)         0.029     1.128 r  clk_IBUF_BUFG_inst/O
                         net (fo=113, routed)         0.826     1.953    led_inst/CLK
    SLICE_X14Y30         FDRE                                         r  led_inst/leds_reg[0]/C
                         clock pessimism             -0.498     1.455    
    SLICE_X14Y30         FDRE (Hold_fdre_C_D)         0.120     1.575    led_inst/leds_reg[0]
  -------------------------------------------------------------------
                         required time                         -1.575    
                         arrival time                           1.815    
  -------------------------------------------------------------------
                         slack                                  0.239    





Pulse Width Checks
--------------------------------------------------------------------------------------
Clock Name:         sys_clk
Waveform(ns):       { 0.000 5.000 }
Period(ns):         10.000
Sources:            { clk }

Check Type        Corner  Lib Pin  Reference Pin  Required(ns)  Actual(ns)  Slack(ns)  Location       Pin
Min Period        n/a     BUFG/I   n/a            2.155         10.000      7.845      BUFGCTRL_X0Y0  clk_IBUF_BUFG_inst/I
Min Period        n/a     FDRE/C   n/a            1.000         10.000      9.000      SLICE_X11Y31   db/debounce_count_reg[0]/C
Min Period        n/a     FDRE/C   n/a            1.000         10.000      9.000      SLICE_X11Y34   db/debounce_count_reg[10]/C
Min Period        n/a     FDRE/C   n/a            1.000         10.000      9.000      SLICE_X11Y33   db/debounce_count_reg[11]/C
Min Period        n/a     FDRE/C   n/a            1.000         10.000      9.000      SLICE_X11Y33   db/debounce_count_reg[12]/C
Min Period        n/a     FDRE/C   n/a            1.000         10.000      9.000      SLICE_X11Y34   db/debounce_count_reg[13]/C
Min Period        n/a     FDRE/C   n/a            1.000         10.000      9.000      SLICE_X11Y34   db/debounce_count_reg[14]/C
Min Period        n/a     FDRE/C   n/a            1.000         10.000      9.000      SLICE_X11Y35   db/debounce_count_reg[19]/C
Min Period        n/a     FDRE/C   n/a            1.000         10.000      9.000      SLICE_X11Y31   db/debounce_count_reg[1]/C
Min Period        n/a     FDRE/C   n/a            1.000         10.000      9.000      SLICE_X11Y31   db/debounce_count_reg[2]/C
Low Pulse Width   Slow    FDRE/C   n/a            0.500         5.000       4.500      SLICE_X11Y35   db/debounce_count_reg[19]/C
Low Pulse Width   Slow    FDRE/C   n/a            0.500         5.000       4.500      SLICE_X11Y36   db/pb_state_reg/C
Low Pulse Width   Slow    FDRE/C   n/a            0.500         5.000       4.500      SLICE_X8Y35    fsm_inst/c/slow_counter_reg[10]/C
Low Pulse Width   Slow    FDRE/C   n/a            0.500         5.000       4.500      SLICE_X8Y35    fsm_inst/c/slow_counter_reg[11]/C
Low Pulse Width   Slow    FDRE/C   n/a            0.500         5.000       4.500      SLICE_X8Y36    fsm_inst/c/slow_counter_reg[12]/C
Low Pulse Width   Slow    FDRE/C   n/a            0.500         5.000       4.500      SLICE_X8Y36    fsm_inst/c/slow_counter_reg[13]/C
Low Pulse Width   Slow    FDRE/C   n/a            0.500         5.000       4.500      SLICE_X8Y36    fsm_inst/c/slow_counter_reg[14]/C
Low Pulse Width   Slow    FDRE/C   n/a            0.500         5.000       4.500      SLICE_X8Y36    fsm_inst/c/slow_counter_reg[15]/C
Low Pulse Width   Slow    FDRE/C   n/a            0.500         5.000       4.500      SLICE_X8Y37    fsm_inst/c/slow_counter_reg[16]/C
Low Pulse Width   Slow    FDRE/C   n/a            0.500         5.000       4.500      SLICE_X8Y37    fsm_inst/c/slow_counter_reg[17]/C
High Pulse Width  Slow    FDRE/C   n/a            0.500         5.000       4.500      SLICE_X11Y31   db/debounce_count_reg[0]/C
High Pulse Width  Fast    FDRE/C   n/a            0.500         5.000       4.500      SLICE_X11Y33   db/debounce_count_reg[11]/C
High Pulse Width  Fast    FDRE/C   n/a            0.500         5.000       4.500      SLICE_X11Y33   db/debounce_count_reg[12]/C
High Pulse Width  Slow    FDRE/C   n/a            0.500         5.000       4.500      SLICE_X11Y31   db/debounce_count_reg[1]/C
High Pulse Width  Slow    FDRE/C   n/a            0.500         5.000       4.500      SLICE_X11Y31   db/debounce_count_reg[2]/C
High Pulse Width  Slow    FDRE/C   n/a            0.500         5.000       4.500      SLICE_X11Y31   db/debounce_count_reg[3]/C
High Pulse Width  Fast    FDRE/C   n/a            0.500         5.000       4.500      SLICE_X6Y34    db/sync_0_reg/C
High Pulse Width  Fast    FDRE/C   n/a            0.500         5.000       4.500      SLICE_X6Y34    db/sync_1_reg/C
High Pulse Width  Fast    FDRE/C   n/a            0.500         5.000       4.500      SLICE_X14Y33   fsm_inst/c/counter_reg[10]/C
High Pulse Width  Fast    FDRE/C   n/a            0.500         5.000       4.500      SLICE_X14Y33   fsm_inst/c/counter_reg[11]/C



