Copyright 1986-2020 Xilinx, Inc. All Rights Reserved.
-----------------------------------------------------------------------------------------------------------------------------------------------------------------------------------------------
| Tool Version : Vivado v.2020.1 (win64) Build 2902540 Wed May 27 19:54:49 MDT 2020
| Date         : Thu Mar 26 16:46:13 2026
| Host         : HU-DOPX-TAS18 running 64-bit major release  (build 9200)
| Command      : report_timing_summary -max_paths 10 -file TopLevel_timing_summary_routed.rpt -pb TopLevel_timing_summary_routed.pb -rpx TopLevel_timing_summary_routed.rpx -warn_on_violation
| Design       : TopLevel
| Device       : 7a35t-cpg236
| Speed File   : -1  PRODUCTION 1.23 2018-06-13
-----------------------------------------------------------------------------------------------------------------------------------------------------------------------------------------------

Timing Summary Report

------------------------------------------------------------------------------------------------
| Timer Settings
| --------------
------------------------------------------------------------------------------------------------

  Enable Multi Corner Analysis               :  Yes
  Enable Pessimism Removal                   :  Yes
  Pessimism Removal Resolution               :  Nearest Common Node
  Enable Input Delay Default Clock           :  No
  Enable Preset / Clear Arcs                 :  No
  Disable Flight Delays                      :  No
  Ignore I/O Paths                           :  No
  Timing Early Launch at Borrowing Latches   :  No
  Borrow Time for Max Delay Exceptions       :  Yes
  Merge Timing Exceptions                    :  Yes

  Corner  Analyze    Analyze    
  Name    Max Paths  Min Paths  
  ------  ---------  ---------  
  Slow    Yes        Yes        
  Fast    Yes        Yes        



check_timing report

Table of Contents
-----------------
1. checking no_clock (0)
2. checking constant_clock (0)
3. checking pulse_width_clock (0)
4. checking unconstrained_internal_endpoints (0)
5. checking no_input_delay (18)
6. checking no_output_delay (10)
7. checking multiple_clock (0)
8. checking generated_clocks (0)
9. checking loops (0)
10. checking partial_input_delay (0)
11. checking partial_output_delay (0)
12. checking latch_loops (0)

1. checking no_clock (0)
------------------------
 There are 0 register/latch pins with no clock.


2. checking constant_clock (0)
------------------------------
 There are 0 register/latch pins with constant_clock.


3. checking pulse_width_clock (0)
---------------------------------
 There are 0 register/latch pins which need pulse_width check


4. checking unconstrained_internal_endpoints (0)
------------------------------------------------
 There are 0 pins that are not constrained for maximum delay.

 There are 0 pins that are not constrained for maximum delay due to constant clock.


5. checking no_input_delay (18)
-------------------------------
 There are 18 input ports with no input delay specified. (HIGH)

 There are 0 input ports with no input delay but user has a false path constraint.


6. checking no_output_delay (10)
--------------------------------
 There are 10 ports with no output delay specified. (HIGH)

 There are 0 ports with no output delay but user has a false path constraint

 There are 0 ports with no output delay but with a timing clock defined on it or propagating through it


7. checking multiple_clock (0)
------------------------------
 There are 0 register/latch pins with multiple clocks.


8. checking generated_clocks (0)
--------------------------------
 There are 0 generated clocks that are not connected to a clock source.


9. checking loops (0)
---------------------
 There are 0 combinational loops in the design.


10. checking partial_input_delay (0)
------------------------------------
 There are 0 input ports with partial input delay specified.


11. checking partial_output_delay (0)
-------------------------------------
 There are 0 ports with partial output delay specified.


12. checking latch_loops (0)
----------------------------
 There are 0 combinational latch loops in the design through latch input



------------------------------------------------------------------------------------------------
| Design Timing Summary
| ---------------------
------------------------------------------------------------------------------------------------

    WNS(ns)      TNS(ns)  TNS Failing Endpoints  TNS Total Endpoints      WHS(ns)      THS(ns)  THS Failing Endpoints  THS Total Endpoints     WPWS(ns)     TPWS(ns)  TPWS Failing Endpoints  TPWS Total Endpoints  
    -------      -------  ---------------------  -------------------      -------      -------  ---------------------  -------------------     --------     --------  ----------------------  --------------------  
      6.596        0.000                      0                   60        0.232        0.000                      0                   60        4.500        0.000                       0                    51  


All user specified timing constraints are met.


------------------------------------------------------------------------------------------------
| Clock Summary
| -------------
------------------------------------------------------------------------------------------------

Clock        Waveform(ns)       Period(ns)      Frequency(MHz)
-----        ------------       ----------      --------------
sys_clk_pin  {0.000 5.000}      10.000          100.000         


------------------------------------------------------------------------------------------------
| Intra Clock Table
| -----------------
------------------------------------------------------------------------------------------------

Clock             WNS(ns)      TNS(ns)  TNS Failing Endpoints  TNS Total Endpoints      WHS(ns)      THS(ns)  THS Failing Endpoints  THS Total Endpoints     WPWS(ns)     TPWS(ns)  TPWS Failing Endpoints  TPWS Total Endpoints  
-----             -------      -------  ---------------------  -------------------      -------      -------  ---------------------  -------------------     --------     --------  ----------------------  --------------------  
sys_clk_pin         6.596        0.000                      0                   60        0.232        0.000                      0                   60        4.500        0.000                       0                    51  


------------------------------------------------------------------------------------------------
| Inter Clock Table
| -----------------
------------------------------------------------------------------------------------------------

From Clock    To Clock          WNS(ns)      TNS(ns)  TNS Failing Endpoints  TNS Total Endpoints      WHS(ns)      THS(ns)  THS Failing Endpoints  THS Total Endpoints  
----------    --------          -------      -------  ---------------------  -------------------      -------      -------  ---------------------  -------------------  


------------------------------------------------------------------------------------------------
| Other Path Groups Table
| -----------------------
------------------------------------------------------------------------------------------------

Path Group    From Clock    To Clock          WNS(ns)      TNS(ns)  TNS Failing Endpoints  TNS Total Endpoints      WHS(ns)      THS(ns)  THS Failing Endpoints  THS Total Endpoints  
----------    ----------    --------          -------      -------  ---------------------  -------------------      -------      -------  ---------------------  -------------------  


------------------------------------------------------------------------------------------------
| Timing Details
| --------------
------------------------------------------------------------------------------------------------


---------------------------------------------------------------------------------------------------
From Clock:  sys_clk_pin
  To Clock:  sys_clk_pin

Setup :            0  Failing Endpoints,  Worst Slack        6.596ns,  Total Violation        0.000ns
Hold  :            0  Failing Endpoints,  Worst Slack        0.232ns,  Total Violation        0.000ns
PW    :            0  Failing Endpoints,  Worst Slack        4.500ns,  Total Violation        0.000ns
---------------------------------------------------------------------------------------------------


Max Delay Paths
--------------------------------------------------------------------------------------
Slack (MET) :             6.596ns  (required time - arrival time)
  Source:                 sw_if/readData_reg[2]/C
                            (rising edge-triggered cell FDRE clocked by sys_clk_pin  {rise@0.000ns fall@5.000ns period=10.000ns})
  Destination:            led_if/led_reg_reg[8]/D
                            (rising edge-triggered cell FDRE clocked by sys_clk_pin  {rise@0.000ns fall@5.000ns period=10.000ns})
  Path Group:             sys_clk_pin
  Path Type:              Setup (Max at Slow Process Corner)
  Requirement:            10.000ns  (sys_clk_pin rise@10.000ns - sys_clk_pin rise@0.000ns)
  Data Path Delay:        3.360ns  (logic 1.024ns (30.479%)  route 2.336ns (69.521%))
  Logic Levels:           3  (LUT4=1 LUT5=1 LUT6=1)
  Clock Path Skew:        -0.040ns (DCD - SCD + CPR)
    Destination Clock Delay (DCD):    4.851ns = ( 14.851 - 10.000 ) 
    Source Clock Delay      (SCD):    5.151ns
    Clock Pessimism Removal (CPR):    0.260ns
  Clock Uncertainty:      0.035ns  ((TSJ^2 + TIJ^2)^1/2 + DJ) / 2 + PE
    Total System Jitter     (TSJ):    0.071ns
    Total Input Jitter      (TIJ):    0.000ns
    Discrete Jitter          (DJ):    0.000ns
    Phase Error              (PE):    0.000ns

    Location             Delay type                Incr(ns)  Path(ns)    Netlist Resource(s)
  -------------------------------------------------------------------    -------------------
                         (clock sys_clk_pin rise edge)
                                                      0.000     0.000 r  
    W5                                                0.000     0.000 r  clk (IN)
                         net (fo=0)                   0.000     0.000    clk
    W5                   IBUF (Prop_ibuf_I_O)         1.458     1.458 r  clk_IBUF_inst/O
                         net (fo=1, routed)           1.967     3.425    clk_IBUF
    BUFGCTRL_X0Y0        BUFG (Prop_bufg_I_O)         0.096     3.521 r  clk_IBUF_BUFG_inst/O
                         net (fo=50, routed)          1.630     5.151    sw_if/clk_IBUF_BUFG
    SLICE_X3Y16          FDRE                                         r  sw_if/readData_reg[2]/C
  -------------------------------------------------------------------    -------------------
    SLICE_X3Y16          FDRE (Prop_fdre_C_Q)         0.456     5.607 f  sw_if/readData_reg[2]/Q
                         net (fo=2, routed)           0.862     6.469    sw_if/readData[2]
    SLICE_X3Y16          LUT5 (Prop_lut5_I2_O)        0.124     6.593 f  sw_if/led_reg[7]_i_3/O
                         net (fo=2, routed)           0.422     7.015    sw_if/led_reg[7]_i_3_n_0
    SLICE_X4Y16          LUT4 (Prop_lut4_I3_O)        0.118     7.133 r  sw_if/led_reg[5]_i_1/O
                         net (fo=2, routed)           1.052     8.185    sw_if/readData_reg[8]_0[4]
    SLICE_X4Y16          LUT6 (Prop_lut6_I1_O)        0.326     8.511 r  sw_if/led_reg[8]_i_1/O
                         net (fo=1, routed)           0.000     8.511    led_if/D[7]
    SLICE_X4Y16          FDRE                                         r  led_if/led_reg_reg[8]/D
  -------------------------------------------------------------------    -------------------

                         (clock sys_clk_pin rise edge)
                                                     10.000    10.000 r  
    W5                                                0.000    10.000 r  clk (IN)
                         net (fo=0)                   0.000    10.000    clk
    W5                   IBUF (Prop_ibuf_I_O)         1.388    11.388 r  clk_IBUF_inst/O
                         net (fo=1, routed)           1.862    13.250    clk_IBUF
    BUFGCTRL_X0Y0        BUFG (Prop_bufg_I_O)         0.091    13.341 r  clk_IBUF_BUFG_inst/O
                         net (fo=50, routed)          1.510    14.851    led_if/clk_IBUF_BUFG
    SLICE_X4Y16          FDRE                                         r  led_if/led_reg_reg[8]/C
                         clock pessimism              0.260    15.111    
                         clock uncertainty           -0.035    15.076    
    SLICE_X4Y16          FDRE (Setup_fdre_C_D)        0.031    15.107    led_if/led_reg_reg[8]
  -------------------------------------------------------------------
                         required time                         15.107    
                         arrival time                          -8.511    
  -------------------------------------------------------------------
                         slack                                  6.596    

Slack (MET) :             6.841ns  (required time - arrival time)
  Source:                 sw_if/readData_reg[2]/C
                            (rising edge-triggered cell FDRE clocked by sys_clk_pin  {rise@0.000ns fall@5.000ns period=10.000ns})
  Destination:            led_if/led_reg_reg[6]/D
                            (rising edge-triggered cell FDRE clocked by sys_clk_pin  {rise@0.000ns fall@5.000ns period=10.000ns})
  Path Group:             sys_clk_pin
  Path Type:              Setup (Max at Slow Process Corner)
  Requirement:            10.000ns  (sys_clk_pin rise@10.000ns - sys_clk_pin rise@0.000ns)
  Data Path Delay:        3.112ns  (logic 0.828ns (26.608%)  route 2.284ns (73.392%))
  Logic Levels:           3  (LUT2=1 LUT6=2)
  Clock Path Skew:        -0.041ns (DCD - SCD + CPR)
    Destination Clock Delay (DCD):    4.850ns = ( 14.850 - 10.000 ) 
    Source Clock Delay      (SCD):    5.151ns
    Clock Pessimism Removal (CPR):    0.260ns
  Clock Uncertainty:      0.035ns  ((TSJ^2 + TIJ^2)^1/2 + DJ) / 2 + PE
    Total System Jitter     (TSJ):    0.071ns
    Total Input Jitter      (TIJ):    0.000ns
    Discrete Jitter          (DJ):    0.000ns
    Phase Error              (PE):    0.000ns

    Location             Delay type                Incr(ns)  Path(ns)    Netlist Resource(s)
  -------------------------------------------------------------------    -------------------
                         (clock sys_clk_pin rise edge)
                                                      0.000     0.000 r  
    W5                                                0.000     0.000 r  clk (IN)
                         net (fo=0)                   0.000     0.000    clk
    W5                   IBUF (Prop_ibuf_I_O)         1.458     1.458 r  clk_IBUF_inst/O
                         net (fo=1, routed)           1.967     3.425    clk_IBUF
    BUFGCTRL_X0Y0        BUFG (Prop_bufg_I_O)         0.096     3.521 r  clk_IBUF_BUFG_inst/O
                         net (fo=50, routed)          1.630     5.151    sw_if/clk_IBUF_BUFG
    SLICE_X3Y16          FDRE                                         r  sw_if/readData_reg[2]/C
  -------------------------------------------------------------------    -------------------
    SLICE_X3Y16          FDRE (Prop_fdre_C_Q)         0.456     5.607 f  sw_if/readData_reg[2]/Q
                         net (fo=2, routed)           0.864     6.471    sw_if/readData[2]
    SLICE_X3Y16          LUT6 (Prop_lut6_I4_O)        0.124     6.595 r  sw_if/led_reg[4]_i_2/O
                         net (fo=6, routed)           0.660     7.255    sw_if/led_reg[4]_i_2_n_0
    SLICE_X3Y17          LUT2 (Prop_lut2_I0_O)        0.124     7.379 r  sw_if/led_reg[9]_i_2/O
                         net (fo=3, routed)           0.760     8.139    sw_if/led_reg[9]_i_2_n_0
    SLICE_X4Y17          LUT6 (Prop_lut6_I3_O)        0.124     8.263 r  sw_if/led_reg[6]_i_1/O
                         net (fo=1, routed)           0.000     8.263    led_if/D[5]
    SLICE_X4Y17          FDRE                                         r  led_if/led_reg_reg[6]/D
  -------------------------------------------------------------------    -------------------

                         (clock sys_clk_pin rise edge)
                                                     10.000    10.000 r  
    W5                                                0.000    10.000 r  clk (IN)
                         net (fo=0)                   0.000    10.000    clk
    W5                   IBUF (Prop_ibuf_I_O)         1.388    11.388 r  clk_IBUF_inst/O
                         net (fo=1, routed)           1.862    13.250    clk_IBUF
    BUFGCTRL_X0Y0        BUFG (Prop_bufg_I_O)         0.091    13.341 r  clk_IBUF_BUFG_inst/O
                         net (fo=50, routed)          1.509    14.850    led_if/clk_IBUF_BUFG
    SLICE_X4Y17          FDRE                                         r  led_if/led_reg_reg[6]/C
                         clock pessimism              0.260    15.110    
                         clock uncertainty           -0.035    15.075    
    SLICE_X4Y17          FDRE (Setup_fdre_C_D)        0.029    15.104    led_if/led_reg_reg[6]
  -------------------------------------------------------------------
                         required time                         15.104    
                         arrival time                          -8.263    
  -------------------------------------------------------------------
                         slack                                  6.841    

Slack (MET) :             6.858ns  (required time - arrival time)
  Source:                 db/counter_reg[14]/C
                            (rising edge-triggered cell FDRE clocked by sys_clk_pin  {rise@0.000ns fall@5.000ns period=10.000ns})
  Destination:            db/btn_out_reg/D
                            (rising edge-triggered cell FDRE clocked by sys_clk_pin  {rise@0.000ns fall@5.000ns period=10.000ns})
  Path Group:             sys_clk_pin
  Path Type:              Setup (Max at Slow Process Corner)
  Requirement:            10.000ns  (sys_clk_pin rise@10.000ns - sys_clk_pin rise@0.000ns)
  Data Path Delay:        3.114ns  (logic 0.890ns (28.581%)  route 2.224ns (71.419%))
  Logic Levels:           3  (LUT6=3)
  Clock Path Skew:        -0.022ns (DCD - SCD + CPR)
    Destination Clock Delay (DCD):    4.849ns = ( 14.849 - 10.000 ) 
    Source Clock Delay      (SCD):    5.145ns
    Clock Pessimism Removal (CPR):    0.274ns
  Clock Uncertainty:      0.035ns  ((TSJ^2 + TIJ^2)^1/2 + DJ) / 2 + PE
    Total System Jitter     (TSJ):    0.071ns
    Total Input Jitter      (TIJ):    0.000ns
    Discrete Jitter          (DJ):    0.000ns
    Phase Error              (PE):    0.000ns

    Location             Delay type                Incr(ns)  Path(ns)    Netlist Resource(s)
  -------------------------------------------------------------------    -------------------
                         (clock sys_clk_pin rise edge)
                                                      0.000     0.000 r  
    W5                                                0.000     0.000 r  clk (IN)
                         net (fo=0)                   0.000     0.000    clk
    W5                   IBUF (Prop_ibuf_I_O)         1.458     1.458 r  clk_IBUF_inst/O
                         net (fo=1, routed)           1.967     3.425    clk_IBUF
    BUFGCTRL_X0Y0        BUFG (Prop_bufg_I_O)         0.096     3.521 r  clk_IBUF_BUFG_inst/O
                         net (fo=50, routed)          1.624     5.145    db/clk_IBUF_BUFG
    SLICE_X2Y21          FDRE                                         r  db/counter_reg[14]/C
  -------------------------------------------------------------------    -------------------
    SLICE_X2Y21          FDRE (Prop_fdre_C_Q)         0.518     5.663 r  db/counter_reg[14]/Q
                         net (fo=3, routed)           0.983     6.646    db/counter_reg[14]
    SLICE_X3Y20          LUT6 (Prop_lut6_I2_O)        0.124     6.770 f  db/btn_out_i_8/O
                         net (fo=1, routed)           0.808     7.578    db/btn_out_i_8_n_0
    SLICE_X3Y19          LUT6 (Prop_lut6_I5_O)        0.124     7.702 r  db/btn_out_i_5/O
                         net (fo=1, routed)           0.433     8.135    db/btn_out_i_5_n_0
    SLICE_X3Y19          LUT6 (Prop_lut6_I5_O)        0.124     8.259 r  db/btn_out_i_1/O
                         net (fo=1, routed)           0.000     8.259    db/btn_out_i_1_n_0
    SLICE_X3Y19          FDRE                                         r  db/btn_out_reg/D
  -------------------------------------------------------------------    -------------------

                         (clock sys_clk_pin rise edge)
                                                     10.000    10.000 r  
    W5                                                0.000    10.000 r  clk (IN)
                         net (fo=0)                   0.000    10.000    clk
    W5                   IBUF (Prop_ibuf_I_O)         1.388    11.388 r  clk_IBUF_inst/O
                         net (fo=1, routed)           1.862    13.250    clk_IBUF
    BUFGCTRL_X0Y0        BUFG (Prop_bufg_I_O)         0.091    13.341 r  clk_IBUF_BUFG_inst/O
                         net (fo=50, routed)          1.508    14.849    db/clk_IBUF_BUFG
    SLICE_X3Y19          FDRE                                         r  db/btn_out_reg/C
                         clock pessimism              0.274    15.123    
                         clock uncertainty           -0.035    15.088    
    SLICE_X3Y19          FDRE (Setup_fdre_C_D)        0.029    15.117    db/btn_out_reg
  -------------------------------------------------------------------
                         required time                         15.117    
                         arrival time                          -8.259    
  -------------------------------------------------------------------
                         slack                                  6.858    

Slack (MET) :             6.866ns  (required time - arrival time)
  Source:                 sw_if/readData_reg[2]/C
                            (rising edge-triggered cell FDRE clocked by sys_clk_pin  {rise@0.000ns fall@5.000ns period=10.000ns})
  Destination:            led_if/led_reg_reg[9]/D
                            (rising edge-triggered cell FDRE clocked by sys_clk_pin  {rise@0.000ns fall@5.000ns period=10.000ns})
  Path Group:             sys_clk_pin
  Path Type:              Setup (Max at Slow Process Corner)
  Requirement:            10.000ns  (sys_clk_pin rise@10.000ns - sys_clk_pin rise@0.000ns)
  Data Path Delay:        3.089ns  (logic 0.828ns (26.806%)  route 2.261ns (73.194%))
  Logic Levels:           3  (LUT2=1 LUT6=2)
  Clock Path Skew:        -0.041ns (DCD - SCD + CPR)
    Destination Clock Delay (DCD):    4.850ns = ( 14.850 - 10.000 ) 
    Source Clock Delay      (SCD):    5.151ns
    Clock Pessimism Removal (CPR):    0.260ns
  Clock Uncertainty:      0.035ns  ((TSJ^2 + TIJ^2)^1/2 + DJ) / 2 + PE
    Total System Jitter     (TSJ):    0.071ns
    Total Input Jitter      (TIJ):    0.000ns
    Discrete Jitter          (DJ):    0.000ns
    Phase Error              (PE):    0.000ns

    Location             Delay type                Incr(ns)  Path(ns)    Netlist Resource(s)
  -------------------------------------------------------------------    -------------------
                         (clock sys_clk_pin rise edge)
                                                      0.000     0.000 r  
    W5                                                0.000     0.000 r  clk (IN)
                         net (fo=0)                   0.000     0.000    clk
    W5                   IBUF (Prop_ibuf_I_O)         1.458     1.458 r  clk_IBUF_inst/O
                         net (fo=1, routed)           1.967     3.425    clk_IBUF
    BUFGCTRL_X0Y0        BUFG (Prop_bufg_I_O)         0.096     3.521 r  clk_IBUF_BUFG_inst/O
                         net (fo=50, routed)          1.630     5.151    sw_if/clk_IBUF_BUFG
    SLICE_X3Y16          FDRE                                         r  sw_if/readData_reg[2]/C
  -------------------------------------------------------------------    -------------------
    SLICE_X3Y16          FDRE (Prop_fdre_C_Q)         0.456     5.607 f  sw_if/readData_reg[2]/Q
                         net (fo=2, routed)           0.864     6.471    sw_if/readData[2]
    SLICE_X3Y16          LUT6 (Prop_lut6_I4_O)        0.124     6.595 r  sw_if/led_reg[4]_i_2/O
                         net (fo=6, routed)           0.660     7.255    sw_if/led_reg[4]_i_2_n_0
    SLICE_X3Y17          LUT2 (Prop_lut2_I0_O)        0.124     7.379 r  sw_if/led_reg[9]_i_2/O
                         net (fo=3, routed)           0.737     8.116    sw_if/led_reg[9]_i_2_n_0
    SLICE_X4Y17          LUT6 (Prop_lut6_I1_O)        0.124     8.240 r  sw_if/led_reg[9]_i_1/O
                         net (fo=1, routed)           0.000     8.240    led_if/D[8]
    SLICE_X4Y17          FDRE                                         r  led_if/led_reg_reg[9]/D
  -------------------------------------------------------------------    -------------------

                         (clock sys_clk_pin rise edge)
                                                     10.000    10.000 r  
    W5                                                0.000    10.000 r  clk (IN)
                         net (fo=0)                   0.000    10.000    clk
    W5                   IBUF (Prop_ibuf_I_O)         1.388    11.388 r  clk_IBUF_inst/O
                         net (fo=1, routed)           1.862    13.250    clk_IBUF
    BUFGCTRL_X0Y0        BUFG (Prop_bufg_I_O)         0.091    13.341 r  clk_IBUF_BUFG_inst/O
                         net (fo=50, routed)          1.509    14.850    led_if/clk_IBUF_BUFG
    SLICE_X4Y17          FDRE                                         r  led_if/led_reg_reg[9]/C
                         clock pessimism              0.260    15.110    
                         clock uncertainty           -0.035    15.075    
    SLICE_X4Y17          FDRE (Setup_fdre_C_D)        0.031    15.106    led_if/led_reg_reg[9]
  -------------------------------------------------------------------
                         required time                         15.106    
                         arrival time                          -8.240    
  -------------------------------------------------------------------
                         slack                                  6.866    

Slack (MET) :             7.019ns  (required time - arrival time)
  Source:                 sw_if/readData_reg[8]/C
                            (rising edge-triggered cell FDRE clocked by sys_clk_pin  {rise@0.000ns fall@5.000ns period=10.000ns})
  Destination:            led_if/led_reg_reg[7]/D
                            (rising edge-triggered cell FDRE clocked by sys_clk_pin  {rise@0.000ns fall@5.000ns period=10.000ns})
  Path Group:             sys_clk_pin
  Path Type:              Setup (Max at Slow Process Corner)
  Requirement:            10.000ns  (sys_clk_pin rise@10.000ns - sys_clk_pin rise@0.000ns)
  Data Path Delay:        2.848ns  (logic 0.704ns (24.717%)  route 2.144ns (75.283%))
  Logic Levels:           2  (LUT3=1 LUT5=1)
  Clock Path Skew:        -0.030ns (DCD - SCD + CPR)
    Destination Clock Delay (DCD):    4.854ns = ( 14.854 - 10.000 ) 
    Source Clock Delay      (SCD):    5.144ns
    Clock Pessimism Removal (CPR):    0.260ns
  Clock Uncertainty:      0.035ns  ((TSJ^2 + TIJ^2)^1/2 + DJ) / 2 + PE
    Total System Jitter     (TSJ):    0.071ns
    Total Input Jitter      (TIJ):    0.000ns
    Discrete Jitter          (DJ):    0.000ns
    Phase Error              (PE):    0.000ns

    Location             Delay type                Incr(ns)  Path(ns)    Netlist Resource(s)
  -------------------------------------------------------------------    -------------------
                         (clock sys_clk_pin rise edge)
                                                      0.000     0.000 r  
    W5                                                0.000     0.000 r  clk (IN)
                         net (fo=0)                   0.000     0.000    clk
    W5                   IBUF (Prop_ibuf_I_O)         1.458     1.458 r  clk_IBUF_inst/O
                         net (fo=1, routed)           1.967     3.425    clk_IBUF
    BUFGCTRL_X0Y0        BUFG (Prop_bufg_I_O)         0.096     3.521 r  clk_IBUF_BUFG_inst/O
                         net (fo=50, routed)          1.623     5.144    sw_if/clk_IBUF_BUFG
    SLICE_X5Y19          FDRE                                         r  sw_if/readData_reg[8]/C
  -------------------------------------------------------------------    -------------------
    SLICE_X5Y19          FDRE (Prop_fdre_C_Q)         0.456     5.600 r  sw_if/readData_reg[8]/Q
                         net (fo=5, routed)           1.118     6.718    sw_if/readData[8]
    SLICE_X4Y16          LUT5 (Prop_lut5_I3_O)        0.124     6.842 r  sw_if/led_reg[7]_i_2/O
                         net (fo=1, routed)           0.674     7.516    sw_if/led_reg[7]_i_2_n_0
    SLICE_X4Y16          LUT3 (Prop_lut3_I0_O)        0.124     7.640 r  sw_if/led_reg[7]_i_1/O
                         net (fo=1, routed)           0.352     7.993    led_if/D[6]
    SLICE_X3Y15          FDRE                                         r  led_if/led_reg_reg[7]/D
  -------------------------------------------------------------------    -------------------

                         (clock sys_clk_pin rise edge)
                                                     10.000    10.000 r  
    W5                                                0.000    10.000 r  clk (IN)
                         net (fo=0)                   0.000    10.000    clk
    W5                   IBUF (Prop_ibuf_I_O)         1.388    11.388 r  clk_IBUF_inst/O
                         net (fo=1, routed)           1.862    13.250    clk_IBUF
    BUFGCTRL_X0Y0        BUFG (Prop_bufg_I_O)         0.091    13.341 r  clk_IBUF_BUFG_inst/O
                         net (fo=50, routed)          1.513    14.854    led_if/clk_IBUF_BUFG
    SLICE_X3Y15          FDRE                                         r  led_if/led_reg_reg[7]/C
                         clock pessimism              0.260    15.114    
                         clock uncertainty           -0.035    15.079    
    SLICE_X3Y15          FDRE (Setup_fdre_C_D)       -0.067    15.012    led_if/led_reg_reg[7]
  -------------------------------------------------------------------
                         required time                         15.012    
                         arrival time                          -7.993    
  -------------------------------------------------------------------
                         slack                                  7.019    

Slack (MET) :             7.032ns  (required time - arrival time)
  Source:                 sw_if/readData_reg[2]/C
                            (rising edge-triggered cell FDRE clocked by sys_clk_pin  {rise@0.000ns fall@5.000ns period=10.000ns})
  Destination:            led_if/led_reg_reg[4]_lopt_replica/D
                            (rising edge-triggered cell FDRE clocked by sys_clk_pin  {rise@0.000ns fall@5.000ns period=10.000ns})
  Path Group:             sys_clk_pin
  Path Type:              Setup (Max at Slow Process Corner)
  Requirement:            10.000ns  (sys_clk_pin rise@10.000ns - sys_clk_pin rise@0.000ns)
  Data Path Delay:        2.638ns  (logic 0.732ns (27.744%)  route 1.906ns (72.256%))
  Logic Levels:           2  (LUT3=1 LUT6=1)
  Clock Path Skew:        -0.025ns (DCD - SCD + CPR)
    Destination Clock Delay (DCD):    4.852ns = ( 14.852 - 10.000 ) 
    Source Clock Delay      (SCD):    5.151ns
    Clock Pessimism Removal (CPR):    0.274ns
  Clock Uncertainty:      0.035ns  ((TSJ^2 + TIJ^2)^1/2 + DJ) / 2 + PE
    Total System Jitter     (TSJ):    0.071ns
    Total Input Jitter      (TIJ):    0.000ns
    Discrete Jitter          (DJ):    0.000ns
    Phase Error              (PE):    0.000ns

    Location             Delay type                Incr(ns)  Path(ns)    Netlist Resource(s)
  -------------------------------------------------------------------    -------------------
                         (clock sys_clk_pin rise edge)
                                                      0.000     0.000 r  
    W5                                                0.000     0.000 r  clk (IN)
                         net (fo=0)                   0.000     0.000    clk
    W5                   IBUF (Prop_ibuf_I_O)         1.458     1.458 r  clk_IBUF_inst/O
                         net (fo=1, routed)           1.967     3.425    clk_IBUF
    BUFGCTRL_X0Y0        BUFG (Prop_bufg_I_O)         0.096     3.521 r  clk_IBUF_BUFG_inst/O
                         net (fo=50, routed)          1.630     5.151    sw_if/clk_IBUF_BUFG
    SLICE_X3Y16          FDRE                                         r  sw_if/readData_reg[2]/C
  -------------------------------------------------------------------    -------------------
    SLICE_X3Y16          FDRE (Prop_fdre_C_Q)         0.456     5.607 f  sw_if/readData_reg[2]/Q
                         net (fo=2, routed)           0.864     6.471    sw_if/readData[2]
    SLICE_X3Y16          LUT6 (Prop_lut6_I4_O)        0.124     6.595 r  sw_if/led_reg[4]_i_2/O
                         net (fo=6, routed)           0.660     7.255    sw_if/led_reg[4]_i_2_n_0
    SLICE_X3Y17          LUT3 (Prop_lut3_I2_O)        0.152     7.407 r  sw_if/led_reg[4]_i_1/O
                         net (fo=2, routed)           0.383     7.790    led_if/D[3]
    SLICE_X3Y17          FDRE                                         r  led_if/led_reg_reg[4]_lopt_replica/D
  -------------------------------------------------------------------    -------------------

                         (clock sys_clk_pin rise edge)
                                                     10.000    10.000 r  
    W5                                                0.000    10.000 r  clk (IN)
                         net (fo=0)                   0.000    10.000    clk
    W5                   IBUF (Prop_ibuf_I_O)         1.388    11.388 r  clk_IBUF_inst/O
                         net (fo=1, routed)           1.862    13.250    clk_IBUF
    BUFGCTRL_X0Y0        BUFG (Prop_bufg_I_O)         0.091    13.341 r  clk_IBUF_BUFG_inst/O
                         net (fo=50, routed)          1.511    14.852    led_if/clk_IBUF_BUFG
    SLICE_X3Y17          FDRE                                         r  led_if/led_reg_reg[4]_lopt_replica/C
                         clock pessimism              0.274    15.126    
                         clock uncertainty           -0.035    15.091    
    SLICE_X3Y17          FDRE (Setup_fdre_C_D)       -0.269    14.822    led_if/led_reg_reg[4]_lopt_replica
  -------------------------------------------------------------------
                         required time                         14.822    
                         arrival time                          -7.790    
  -------------------------------------------------------------------
                         slack                                  7.032    

Slack (MET) :             7.096ns  (required time - arrival time)
  Source:                 sw_if/readData_reg[2]/C
                            (rising edge-triggered cell FDRE clocked by sys_clk_pin  {rise@0.000ns fall@5.000ns period=10.000ns})
  Destination:            led_if/led_reg_reg[5]/D
                            (rising edge-triggered cell FDRE clocked by sys_clk_pin  {rise@0.000ns fall@5.000ns period=10.000ns})
  Path Group:             sys_clk_pin
  Path Type:              Setup (Max at Slow Process Corner)
  Requirement:            10.000ns  (sys_clk_pin rise@10.000ns - sys_clk_pin rise@0.000ns)
  Data Path Delay:        2.565ns  (logic 0.698ns (27.212%)  route 1.867ns (72.788%))
  Logic Levels:           2  (LUT4=1 LUT5=1)
  Clock Path Skew:        -0.040ns (DCD - SCD + CPR)
    Destination Clock Delay (DCD):    4.851ns = ( 14.851 - 10.000 ) 
    Source Clock Delay      (SCD):    5.151ns
    Clock Pessimism Removal (CPR):    0.260ns
  Clock Uncertainty:      0.035ns  ((TSJ^2 + TIJ^2)^1/2 + DJ) / 2 + PE
    Total System Jitter     (TSJ):    0.071ns
    Total Input Jitter      (TIJ):    0.000ns
    Discrete Jitter          (DJ):    0.000ns
    Phase Error              (PE):    0.000ns

    Location             Delay type                Incr(ns)  Path(ns)    Netlist Resource(s)
  -------------------------------------------------------------------    -------------------
                         (clock sys_clk_pin rise edge)
                                                      0.000     0.000 r  
    W5                                                0.000     0.000 r  clk (IN)
                         net (fo=0)                   0.000     0.000    clk
    W5                   IBUF (Prop_ibuf_I_O)         1.458     1.458 r  clk_IBUF_inst/O
                         net (fo=1, routed)           1.967     3.425    clk_IBUF
    BUFGCTRL_X0Y0        BUFG (Prop_bufg_I_O)         0.096     3.521 r  clk_IBUF_BUFG_inst/O
                         net (fo=50, routed)          1.630     5.151    sw_if/clk_IBUF_BUFG
    SLICE_X3Y16          FDRE                                         r  sw_if/readData_reg[2]/C
  -------------------------------------------------------------------    -------------------
    SLICE_X3Y16          FDRE (Prop_fdre_C_Q)         0.456     5.607 f  sw_if/readData_reg[2]/Q
                         net (fo=2, routed)           0.862     6.469    sw_if/readData[2]
    SLICE_X3Y16          LUT5 (Prop_lut5_I2_O)        0.124     6.593 f  sw_if/led_reg[7]_i_3/O
                         net (fo=2, routed)           0.422     7.015    sw_if/led_reg[7]_i_3_n_0
    SLICE_X4Y16          LUT4 (Prop_lut4_I3_O)        0.118     7.133 r  sw_if/led_reg[5]_i_1/O
                         net (fo=2, routed)           0.583     7.716    led_if/D[4]
    SLICE_X4Y16          FDRE                                         r  led_if/led_reg_reg[5]/D
  -------------------------------------------------------------------    -------------------

                         (clock sys_clk_pin rise edge)
                                                     10.000    10.000 r  
    W5                                                0.000    10.000 r  clk (IN)
                         net (fo=0)                   0.000    10.000    clk
    W5                   IBUF (Prop_ibuf_I_O)         1.388    11.388 r  clk_IBUF_inst/O
                         net (fo=1, routed)           1.862    13.250    clk_IBUF
    BUFGCTRL_X0Y0        BUFG (Prop_bufg_I_O)         0.091    13.341 r  clk_IBUF_BUFG_inst/O
                         net (fo=50, routed)          1.510    14.851    led_if/clk_IBUF_BUFG
    SLICE_X4Y16          FDRE                                         r  led_if/led_reg_reg[5]/C
                         clock pessimism              0.260    15.111    
                         clock uncertainty           -0.035    15.076    
    SLICE_X4Y16          FDRE (Setup_fdre_C_D)       -0.264    14.812    led_if/led_reg_reg[5]
  -------------------------------------------------------------------
                         required time                         14.812    
                         arrival time                          -7.716    
  -------------------------------------------------------------------
                         slack                                  7.096    

Slack (MET) :             7.112ns  (required time - arrival time)
  Source:                 sw_if/readData_reg[2]/C
                            (rising edge-triggered cell FDRE clocked by sys_clk_pin  {rise@0.000ns fall@5.000ns period=10.000ns})
  Destination:            led_if/led_reg_reg[1]/D
                            (rising edge-triggered cell FDRE clocked by sys_clk_pin  {rise@0.000ns fall@5.000ns period=10.000ns})
  Path Group:             sys_clk_pin
  Path Type:              Setup (Max at Slow Process Corner)
  Requirement:            10.000ns  (sys_clk_pin rise@10.000ns - sys_clk_pin rise@0.000ns)
  Data Path Delay:        2.543ns  (logic 0.700ns (27.525%)  route 1.843ns (72.475%))
  Logic Levels:           2  (LUT3=1 LUT6=1)
  Clock Path Skew:        -0.040ns (DCD - SCD + CPR)
    Destination Clock Delay (DCD):    4.851ns = ( 14.851 - 10.000 ) 
    Source Clock Delay      (SCD):    5.151ns
    Clock Pessimism Removal (CPR):    0.260ns
  Clock Uncertainty:      0.035ns  ((TSJ^2 + TIJ^2)^1/2 + DJ) / 2 + PE
    Total System Jitter     (TSJ):    0.071ns
    Total Input Jitter      (TIJ):    0.000ns
    Discrete Jitter          (DJ):    0.000ns
    Phase Error              (PE):    0.000ns

    Location             Delay type                Incr(ns)  Path(ns)    Netlist Resource(s)
  -------------------------------------------------------------------    -------------------
                         (clock sys_clk_pin rise edge)
                                                      0.000     0.000 r  
    W5                                                0.000     0.000 r  clk (IN)
                         net (fo=0)                   0.000     0.000    clk
    W5                   IBUF (Prop_ibuf_I_O)         1.458     1.458 r  clk_IBUF_inst/O
                         net (fo=1, routed)           1.967     3.425    clk_IBUF
    BUFGCTRL_X0Y0        BUFG (Prop_bufg_I_O)         0.096     3.521 r  clk_IBUF_BUFG_inst/O
                         net (fo=50, routed)          1.630     5.151    sw_if/clk_IBUF_BUFG
    SLICE_X3Y16          FDRE                                         r  sw_if/readData_reg[2]/C
  -------------------------------------------------------------------    -------------------
    SLICE_X3Y16          FDRE (Prop_fdre_C_Q)         0.456     5.607 f  sw_if/readData_reg[2]/Q
                         net (fo=2, routed)           0.864     6.471    sw_if/readData[2]
    SLICE_X3Y16          LUT6 (Prop_lut6_I4_O)        0.124     6.595 r  sw_if/led_reg[4]_i_2/O
                         net (fo=6, routed)           0.449     7.045    sw_if/led_reg[4]_i_2_n_0
    SLICE_X4Y16          LUT3 (Prop_lut3_I2_O)        0.120     7.165 r  sw_if/led_reg[1]_i_1/O
                         net (fo=1, routed)           0.530     7.694    led_if/D[1]
    SLICE_X4Y16          FDRE                                         r  led_if/led_reg_reg[1]/D
  -------------------------------------------------------------------    -------------------

                         (clock sys_clk_pin rise edge)
                                                     10.000    10.000 r  
    W5                                                0.000    10.000 r  clk (IN)
                         net (fo=0)                   0.000    10.000    clk
    W5                   IBUF (Prop_ibuf_I_O)         1.388    11.388 r  clk_IBUF_inst/O
                         net (fo=1, routed)           1.862    13.250    clk_IBUF
    BUFGCTRL_X0Y0        BUFG (Prop_bufg_I_O)         0.091    13.341 r  clk_IBUF_BUFG_inst/O
                         net (fo=50, routed)          1.510    14.851    led_if/clk_IBUF_BUFG
    SLICE_X4Y16          FDRE                                         r  led_if/led_reg_reg[1]/C
                         clock pessimism              0.260    15.111    
                         clock uncertainty           -0.035    15.076    
    SLICE_X4Y16          FDRE (Setup_fdre_C_D)       -0.270    14.806    led_if/led_reg_reg[1]
  -------------------------------------------------------------------
                         required time                         14.806    
                         arrival time                          -7.694    
  -------------------------------------------------------------------
                         slack                                  7.112    

Slack (MET) :             7.683ns  (required time - arrival time)
  Source:                 db/counter_reg[0]/C
                            (rising edge-triggered cell FDRE clocked by sys_clk_pin  {rise@0.000ns fall@5.000ns period=10.000ns})
  Destination:            db/counter_reg[17]/D
                            (rising edge-triggered cell FDRE clocked by sys_clk_pin  {rise@0.000ns fall@5.000ns period=10.000ns})
  Path Group:             sys_clk_pin
  Path Type:              Setup (Max at Slow Process Corner)
  Requirement:            10.000ns  (sys_clk_pin rise@10.000ns - sys_clk_pin rise@0.000ns)
  Data Path Delay:        2.362ns  (logic 1.829ns (77.427%)  route 0.533ns (22.573%))
  Logic Levels:           6  (CARRY4=5 LUT1=1)
  Clock Path Skew:        -0.028ns (DCD - SCD + CPR)
    Destination Clock Delay (DCD):    4.846ns = ( 14.846 - 10.000 ) 
    Source Clock Delay      (SCD):    5.148ns
    Clock Pessimism Removal (CPR):    0.274ns
  Clock Uncertainty:      0.035ns  ((TSJ^2 + TIJ^2)^1/2 + DJ) / 2 + PE
    Total System Jitter     (TSJ):    0.071ns
    Total Input Jitter      (TIJ):    0.000ns
    Discrete Jitter          (DJ):    0.000ns
    Phase Error              (PE):    0.000ns

    Location             Delay type                Incr(ns)  Path(ns)    Netlist Resource(s)
  -------------------------------------------------------------------    -------------------
                         (clock sys_clk_pin rise edge)
                                                      0.000     0.000 r  
    W5                                                0.000     0.000 r  clk (IN)
                         net (fo=0)                   0.000     0.000    clk
    W5                   IBUF (Prop_ibuf_I_O)         1.458     1.458 r  clk_IBUF_inst/O
                         net (fo=1, routed)           1.967     3.425    clk_IBUF
    BUFGCTRL_X0Y0        BUFG (Prop_bufg_I_O)         0.096     3.521 r  clk_IBUF_BUFG_inst/O
                         net (fo=50, routed)          1.627     5.148    db/clk_IBUF_BUFG
    SLICE_X2Y18          FDRE                                         r  db/counter_reg[0]/C
  -------------------------------------------------------------------    -------------------
    SLICE_X2Y18          FDRE (Prop_fdre_C_Q)         0.518     5.666 f  db/counter_reg[0]/Q
                         net (fo=3, routed)           0.533     6.200    db/counter_reg[0]
    SLICE_X2Y18          LUT1 (Prop_lut1_I0_O)        0.124     6.324 r  db/counter[0]_i_3/O
                         net (fo=1, routed)           0.000     6.324    db/counter[0]_i_3_n_0
    SLICE_X2Y18          CARRY4 (Prop_carry4_S[0]_CO[3])
                                                      0.513     6.837 r  db/counter_reg[0]_i_2/CO[3]
                         net (fo=1, routed)           0.000     6.837    db/counter_reg[0]_i_2_n_0
    SLICE_X2Y19          CARRY4 (Prop_carry4_CI_CO[3])
                                                      0.117     6.954 r  db/counter_reg[4]_i_1/CO[3]
                         net (fo=1, routed)           0.000     6.954    db/counter_reg[4]_i_1_n_0
    SLICE_X2Y20          CARRY4 (Prop_carry4_CI_CO[3])
                                                      0.117     7.071 r  db/counter_reg[8]_i_1/CO[3]
                         net (fo=1, routed)           0.000     7.071    db/counter_reg[8]_i_1_n_0
    SLICE_X2Y21          CARRY4 (Prop_carry4_CI_CO[3])
                                                      0.117     7.188 r  db/counter_reg[12]_i_1/CO[3]
                         net (fo=1, routed)           0.000     7.188    db/counter_reg[12]_i_1_n_0
    SLICE_X2Y22          CARRY4 (Prop_carry4_CI_O[1])
                                                      0.323     7.511 r  db/counter_reg[16]_i_1/O[1]
                         net (fo=1, routed)           0.000     7.511    db/counter_reg[16]_i_1_n_6
    SLICE_X2Y22          FDRE                                         r  db/counter_reg[17]/D
  -------------------------------------------------------------------    -------------------

                         (clock sys_clk_pin rise edge)
                                                     10.000    10.000 r  
    W5                                                0.000    10.000 r  clk (IN)
                         net (fo=0)                   0.000    10.000    clk
    W5                   IBUF (Prop_ibuf_I_O)         1.388    11.388 r  clk_IBUF_inst/O
                         net (fo=1, routed)           1.862    13.250    clk_IBUF
    BUFGCTRL_X0Y0        BUFG (Prop_bufg_I_O)         0.091    13.341 r  clk_IBUF_BUFG_inst/O
                         net (fo=50, routed)          1.505    14.846    db/clk_IBUF_BUFG
    SLICE_X2Y22          FDRE                                         r  db/counter_reg[17]/C
                         clock pessimism              0.274    15.120    
                         clock uncertainty           -0.035    15.085    
    SLICE_X2Y22          FDRE (Setup_fdre_C_D)        0.109    15.194    db/counter_reg[17]
  -------------------------------------------------------------------
                         required time                         15.194    
                         arrival time                          -7.511    
  -------------------------------------------------------------------
                         slack                                  7.683    

Slack (MET) :             7.691ns  (required time - arrival time)
  Source:                 db/counter_reg[0]/C
                            (rising edge-triggered cell FDRE clocked by sys_clk_pin  {rise@0.000ns fall@5.000ns period=10.000ns})
  Destination:            db/counter_reg[19]/D
                            (rising edge-triggered cell FDRE clocked by sys_clk_pin  {rise@0.000ns fall@5.000ns period=10.000ns})
  Path Group:             sys_clk_pin
  Path Type:              Setup (Max at Slow Process Corner)
  Requirement:            10.000ns  (sys_clk_pin rise@10.000ns - sys_clk_pin rise@0.000ns)
  Data Path Delay:        2.354ns  (logic 1.821ns (77.350%)  route 0.533ns (22.650%))
  Logic Levels:           6  (CARRY4=5 LUT1=1)
  Clock Path Skew:        -0.028ns (DCD - SCD + CPR)
    Destination Clock Delay (DCD):    4.846ns = ( 14.846 - 10.000 ) 
    Source Clock Delay      (SCD):    5.148ns
    Clock Pessimism Removal (CPR):    0.274ns
  Clock Uncertainty:      0.035ns  ((TSJ^2 + TIJ^2)^1/2 + DJ) / 2 + PE
    Total System Jitter     (TSJ):    0.071ns
    Total Input Jitter      (TIJ):    0.000ns
    Discrete Jitter          (DJ):    0.000ns
    Phase Error              (PE):    0.000ns

    Location             Delay type                Incr(ns)  Path(ns)    Netlist Resource(s)
  -------------------------------------------------------------------    -------------------
                         (clock sys_clk_pin rise edge)
                                                      0.000     0.000 r  
    W5                                                0.000     0.000 r  clk (IN)
                         net (fo=0)                   0.000     0.000    clk
    W5                   IBUF (Prop_ibuf_I_O)         1.458     1.458 r  clk_IBUF_inst/O
                         net (fo=1, routed)           1.967     3.425    clk_IBUF
    BUFGCTRL_X0Y0        BUFG (Prop_bufg_I_O)         0.096     3.521 r  clk_IBUF_BUFG_inst/O
                         net (fo=50, routed)          1.627     5.148    db/clk_IBUF_BUFG
    SLICE_X2Y18          FDRE                                         r  db/counter_reg[0]/C
  -------------------------------------------------------------------    -------------------
    SLICE_X2Y18          FDRE (Prop_fdre_C_Q)         0.518     5.666 f  db/counter_reg[0]/Q
                         net (fo=3, routed)           0.533     6.200    db/counter_reg[0]
    SLICE_X2Y18          LUT1 (Prop_lut1_I0_O)        0.124     6.324 r  db/counter[0]_i_3/O
                         net (fo=1, routed)           0.000     6.324    db/counter[0]_i_3_n_0
    SLICE_X2Y18          CARRY4 (Prop_carry4_S[0]_CO[3])
                                                      0.513     6.837 r  db/counter_reg[0]_i_2/CO[3]
                         net (fo=1, routed)           0.000     6.837    db/counter_reg[0]_i_2_n_0
    SLICE_X2Y19          CARRY4 (Prop_carry4_CI_CO[3])
                                                      0.117     6.954 r  db/counter_reg[4]_i_1/CO[3]
                         net (fo=1, routed)           0.000     6.954    db/counter_reg[4]_i_1_n_0
    SLICE_X2Y20          CARRY4 (Prop_carry4_CI_CO[3])
                                                      0.117     7.071 r  db/counter_reg[8]_i_1/CO[3]
                         net (fo=1, routed)           0.000     7.071    db/counter_reg[8]_i_1_n_0
    SLICE_X2Y21          CARRY4 (Prop_carry4_CI_CO[3])
                                                      0.117     7.188 r  db/counter_reg[12]_i_1/CO[3]
                         net (fo=1, routed)           0.000     7.188    db/counter_reg[12]_i_1_n_0
    SLICE_X2Y22          CARRY4 (Prop_carry4_CI_O[3])
                                                      0.315     7.503 r  db/counter_reg[16]_i_1/O[3]
                         net (fo=1, routed)           0.000     7.503    db/counter_reg[16]_i_1_n_4
    SLICE_X2Y22          FDRE                                         r  db/counter_reg[19]/D
  -------------------------------------------------------------------    -------------------

                         (clock sys_clk_pin rise edge)
                                                     10.000    10.000 r  
    W5                                                0.000    10.000 r  clk (IN)
                         net (fo=0)                   0.000    10.000    clk
    W5                   IBUF (Prop_ibuf_I_O)         1.388    11.388 r  clk_IBUF_inst/O
                         net (fo=1, routed)           1.862    13.250    clk_IBUF
    BUFGCTRL_X0Y0        BUFG (Prop_bufg_I_O)         0.091    13.341 r  clk_IBUF_BUFG_inst/O
                         net (fo=50, routed)          1.505    14.846    db/clk_IBUF_BUFG
    SLICE_X2Y22          FDRE                                         r  db/counter_reg[19]/C
                         clock pessimism              0.274    15.120    
                         clock uncertainty           -0.035    15.085    
    SLICE_X2Y22          FDRE (Setup_fdre_C_D)        0.109    15.194    db/counter_reg[19]
  -------------------------------------------------------------------
                         required time                         15.194    
                         arrival time                          -7.503    
  -------------------------------------------------------------------
                         slack                                  7.691    





Min Delay Paths
--------------------------------------------------------------------------------------
Slack (MET) :             0.232ns  (arrival time - required time)
  Source:                 FSM_onehot_state_reg[0]/C
                            (rising edge-triggered cell FDRE clocked by sys_clk_pin  {rise@0.000ns fall@5.000ns period=10.000ns})
  Destination:            FSM_onehot_state_reg[1]/D
                            (rising edge-triggered cell FDRE clocked by sys_clk_pin  {rise@0.000ns fall@5.000ns period=10.000ns})
  Path Group:             sys_clk_pin
  Path Type:              Hold (Min at Fast Process Corner)
  Requirement:            0.000ns  (sys_clk_pin rise@0.000ns - sys_clk_pin rise@0.000ns)
  Data Path Delay:        0.339ns  (logic 0.183ns (53.966%)  route 0.156ns (46.034%))
  Logic Levels:           1  (LUT3=1)
  Clock Path Skew:        0.000ns (DCD - SCD - CPR)
    Destination Clock Delay (DCD):    1.984ns
    Source Clock Delay      (SCD):    1.471ns
    Clock Pessimism Removal (CPR):    0.513ns

    Location             Delay type                Incr(ns)  Path(ns)    Netlist Resource(s)
  -------------------------------------------------------------------    -------------------
                         (clock sys_clk_pin rise edge)
                                                      0.000     0.000 r  
    W5                                                0.000     0.000 r  clk (IN)
                         net (fo=0)                   0.000     0.000    clk
    W5                   IBUF (Prop_ibuf_I_O)         0.226     0.226 r  clk_IBUF_inst/O
                         net (fo=1, routed)           0.631     0.858    clk_IBUF
    BUFGCTRL_X0Y0        BUFG (Prop_bufg_I_O)         0.026     0.884 r  clk_IBUF_BUFG_inst/O
                         net (fo=50, routed)          0.588     1.471    clk_IBUF_BUFG
    SLICE_X3Y18          FDRE                                         r  FSM_onehot_state_reg[0]/C
  -------------------------------------------------------------------    -------------------
    SLICE_X3Y18          FDRE (Prop_fdre_C_Q)         0.141     1.612 r  FSM_onehot_state_reg[0]/Q
                         net (fo=2, routed)           0.156     1.768    db/FSM_onehot_state_reg[1]
    SLICE_X3Y18          LUT3 (Prop_lut3_I1_O)        0.042     1.810 r  db/FSM_onehot_state[1]_i_1/O
                         net (fo=1, routed)           0.000     1.810    db_n_0
    SLICE_X3Y18          FDRE                                         r  FSM_onehot_state_reg[1]/D
  -------------------------------------------------------------------    -------------------

                         (clock sys_clk_pin rise edge)
                                                      0.000     0.000 r  
    W5                                                0.000     0.000 r  clk (IN)
                         net (fo=0)                   0.000     0.000    clk
    W5                   IBUF (Prop_ibuf_I_O)         0.414     0.414 r  clk_IBUF_inst/O
                         net (fo=1, routed)           0.685     1.099    clk_IBUF
    BUFGCTRL_X0Y0        BUFG (Prop_bufg_I_O)         0.029     1.128 r  clk_IBUF_BUFG_inst/O
                         net (fo=50, routed)          0.857     1.984    clk_IBUF_BUFG
    SLICE_X3Y18          FDRE                                         r  FSM_onehot_state_reg[1]/C
                         clock pessimism             -0.513     1.471    
    SLICE_X3Y18          FDRE (Hold_fdre_C_D)         0.107     1.578    FSM_onehot_state_reg[1]
  -------------------------------------------------------------------
                         required time                         -1.578    
                         arrival time                           1.810    
  -------------------------------------------------------------------
                         slack                                  0.232    

Slack (MET) :             0.251ns  (arrival time - required time)
  Source:                 FSM_onehot_state_reg[0]/C
                            (rising edge-triggered cell FDRE clocked by sys_clk_pin  {rise@0.000ns fall@5.000ns period=10.000ns})
  Destination:            FSM_onehot_state_reg[0]/D
                            (rising edge-triggered cell FDRE clocked by sys_clk_pin  {rise@0.000ns fall@5.000ns period=10.000ns})
  Path Group:             sys_clk_pin
  Path Type:              Hold (Min at Fast Process Corner)
  Requirement:            0.000ns  (sys_clk_pin rise@0.000ns - sys_clk_pin rise@0.000ns)
  Data Path Delay:        0.342ns  (logic 0.186ns (54.369%)  route 0.156ns (45.631%))
  Logic Levels:           1  (LUT4=1)
  Clock Path Skew:        0.000ns (DCD - SCD - CPR)
    Destination Clock Delay (DCD):    1.984ns
    Source Clock Delay      (SCD):    1.471ns
    Clock Pessimism Removal (CPR):    0.513ns

    Location             Delay type                Incr(ns)  Path(ns)    Netlist Resource(s)
  -------------------------------------------------------------------    -------------------
                         (clock sys_clk_pin rise edge)
                                                      0.000     0.000 r  
    W5                                                0.000     0.000 r  clk (IN)
                         net (fo=0)                   0.000     0.000    clk
    W5                   IBUF (Prop_ibuf_I_O)         0.226     0.226 r  clk_IBUF_inst/O
                         net (fo=1, routed)           0.631     0.858    clk_IBUF
    BUFGCTRL_X0Y0        BUFG (Prop_bufg_I_O)         0.026     0.884 r  clk_IBUF_BUFG_inst/O
                         net (fo=50, routed)          0.588     1.471    clk_IBUF_BUFG
    SLICE_X3Y18          FDRE                                         r  FSM_onehot_state_reg[0]/C
  -------------------------------------------------------------------    -------------------
    SLICE_X3Y18          FDRE (Prop_fdre_C_Q)         0.141     1.612 r  FSM_onehot_state_reg[0]/Q
                         net (fo=2, routed)           0.156     1.768    db/FSM_onehot_state_reg[1]
    SLICE_X3Y18          LUT4 (Prop_lut4_I1_O)        0.045     1.813 r  db/FSM_onehot_state[0]_i_1/O
                         net (fo=1, routed)           0.000     1.813    db_n_1
    SLICE_X3Y18          FDRE                                         r  FSM_onehot_state_reg[0]/D
  -------------------------------------------------------------------    -------------------

                         (clock sys_clk_pin rise edge)
                                                      0.000     0.000 r  
    W5                                                0.000     0.000 r  clk (IN)
                         net (fo=0)                   0.000     0.000    clk
    W5                   IBUF (Prop_ibuf_I_O)         0.414     0.414 r  clk_IBUF_inst/O
                         net (fo=1, routed)           0.685     1.099    clk_IBUF
    BUFGCTRL_X0Y0        BUFG (Prop_bufg_I_O)         0.029     1.128 r  clk_IBUF_BUFG_inst/O
                         net (fo=50, routed)          0.857     1.984    clk_IBUF_BUFG
    SLICE_X3Y18          FDRE                                         r  FSM_onehot_state_reg[0]/C
                         clock pessimism             -0.513     1.471    
    SLICE_X3Y18          FDRE (Hold_fdre_C_D)         0.091     1.562    FSM_onehot_state_reg[0]
  -------------------------------------------------------------------
                         required time                         -1.562    
                         arrival time                           1.813    
  -------------------------------------------------------------------
                         slack                                  0.251    

Slack (MET) :             0.267ns  (arrival time - required time)
  Source:                 db/counter_reg[14]/C
                            (rising edge-triggered cell FDRE clocked by sys_clk_pin  {rise@0.000ns fall@5.000ns period=10.000ns})
  Destination:            db/counter_reg[14]/D
                            (rising edge-triggered cell FDRE clocked by sys_clk_pin  {rise@0.000ns fall@5.000ns period=10.000ns})
  Path Group:             sys_clk_pin
  Path Type:              Hold (Min at Fast Process Corner)
  Requirement:            0.000ns  (sys_clk_pin rise@0.000ns - sys_clk_pin rise@0.000ns)
  Data Path Delay:        0.401ns  (logic 0.274ns (68.412%)  route 0.127ns (31.588%))
  Logic Levels:           1  (CARRY4=1)
  Clock Path Skew:        0.000ns (DCD - SCD - CPR)
    Destination Clock Delay (DCD):    1.981ns
    Source Clock Delay      (SCD):    1.468ns
    Clock Pessimism Removal (CPR):    0.513ns

    Location             Delay type                Incr(ns)  Path(ns)    Netlist Resource(s)
  -------------------------------------------------------------------    -------------------
                         (clock sys_clk_pin rise edge)
                                                      0.000     0.000 r  
    W5                                                0.000     0.000 r  clk (IN)
                         net (fo=0)                   0.000     0.000    clk
    W5                   IBUF (Prop_ibuf_I_O)         0.226     0.226 r  clk_IBUF_inst/O
                         net (fo=1, routed)           0.631     0.858    clk_IBUF
    BUFGCTRL_X0Y0        BUFG (Prop_bufg_I_O)         0.026     0.884 r  clk_IBUF_BUFG_inst/O
                         net (fo=50, routed)          0.585     1.468    db/clk_IBUF_BUFG
    SLICE_X2Y21          FDRE                                         r  db/counter_reg[14]/C
  -------------------------------------------------------------------    -------------------
    SLICE_X2Y21          FDRE (Prop_fdre_C_Q)         0.164     1.632 r  db/counter_reg[14]/Q
                         net (fo=3, routed)           0.127     1.759    db/counter_reg[14]
    SLICE_X2Y21          CARRY4 (Prop_carry4_S[2]_O[2])
                                                      0.110     1.869 r  db/counter_reg[12]_i_1/O[2]
                         net (fo=1, routed)           0.000     1.869    db/counter_reg[12]_i_1_n_5
    SLICE_X2Y21          FDRE                                         r  db/counter_reg[14]/D
  -------------------------------------------------------------------    -------------------

                         (clock sys_clk_pin rise edge)
                                                      0.000     0.000 r  
    W5                                                0.000     0.000 r  clk (IN)
                         net (fo=0)                   0.000     0.000    clk
    W5                   IBUF (Prop_ibuf_I_O)         0.414     0.414 r  clk_IBUF_inst/O
                         net (fo=1, routed)           0.685     1.099    clk_IBUF
    BUFGCTRL_X0Y0        BUFG (Prop_bufg_I_O)         0.029     1.128 r  clk_IBUF_BUFG_inst/O
                         net (fo=50, routed)          0.854     1.981    db/clk_IBUF_BUFG
    SLICE_X2Y21          FDRE                                         r  db/counter_reg[14]/C
                         clock pessimism             -0.513     1.468    
    SLICE_X2Y21          FDRE (Hold_fdre_C_D)         0.134     1.602    db/counter_reg[14]
  -------------------------------------------------------------------
                         required time                         -1.602    
                         arrival time                           1.869    
  -------------------------------------------------------------------
                         slack                                  0.267    

Slack (MET) :             0.267ns  (arrival time - required time)
  Source:                 db/counter_reg[6]/C
                            (rising edge-triggered cell FDRE clocked by sys_clk_pin  {rise@0.000ns fall@5.000ns period=10.000ns})
  Destination:            db/counter_reg[6]/D
                            (rising edge-triggered cell FDRE clocked by sys_clk_pin  {rise@0.000ns fall@5.000ns period=10.000ns})
  Path Group:             sys_clk_pin
  Path Type:              Hold (Min at Fast Process Corner)
  Requirement:            0.000ns  (sys_clk_pin rise@0.000ns - sys_clk_pin rise@0.000ns)
  Data Path Delay:        0.401ns  (logic 0.274ns (68.412%)  route 0.127ns (31.588%))
  Logic Levels:           1  (CARRY4=1)
  Clock Path Skew:        0.000ns (DCD - SCD - CPR)
    Destination Clock Delay (DCD):    1.983ns
    Source Clock Delay      (SCD):    1.470ns
    Clock Pessimism Removal (CPR):    0.513ns

    Location             Delay type                Incr(ns)  Path(ns)    Netlist Resource(s)
  -------------------------------------------------------------------    -------------------
                         (clock sys_clk_pin rise edge)
                                                      0.000     0.000 r  
    W5                                                0.000     0.000 r  clk (IN)
                         net (fo=0)                   0.000     0.000    clk
    W5                   IBUF (Prop_ibuf_I_O)         0.226     0.226 r  clk_IBUF_inst/O
                         net (fo=1, routed)           0.631     0.858    clk_IBUF
    BUFGCTRL_X0Y0        BUFG (Prop_bufg_I_O)         0.026     0.884 r  clk_IBUF_BUFG_inst/O
                         net (fo=50, routed)          0.587     1.470    db/clk_IBUF_BUFG
    SLICE_X2Y19          FDRE                                         r  db/counter_reg[6]/C
  -------------------------------------------------------------------    -------------------
    SLICE_X2Y19          FDRE (Prop_fdre_C_Q)         0.164     1.634 r  db/counter_reg[6]/Q
                         net (fo=3, routed)           0.127     1.761    db/counter_reg[6]
    SLICE_X2Y19          CARRY4 (Prop_carry4_S[2]_O[2])
                                                      0.110     1.871 r  db/counter_reg[4]_i_1/O[2]
                         net (fo=1, routed)           0.000     1.871    db/counter_reg[4]_i_1_n_5
    SLICE_X2Y19          FDRE                                         r  db/counter_reg[6]/D
  -------------------------------------------------------------------    -------------------

                         (clock sys_clk_pin rise edge)
                                                      0.000     0.000 r  
    W5                                                0.000     0.000 r  clk (IN)
                         net (fo=0)                   0.000     0.000    clk
    W5                   IBUF (Prop_ibuf_I_O)         0.414     0.414 r  clk_IBUF_inst/O
                         net (fo=1, routed)           0.685     1.099    clk_IBUF
    BUFGCTRL_X0Y0        BUFG (Prop_bufg_I_O)         0.029     1.128 r  clk_IBUF_BUFG_inst/O
                         net (fo=50, routed)          0.856     1.983    db/clk_IBUF_BUFG
    SLICE_X2Y19          FDRE                                         r  db/counter_reg[6]/C
                         clock pessimism             -0.513     1.470    
    SLICE_X2Y19          FDRE (Hold_fdre_C_D)         0.134     1.604    db/counter_reg[6]
  -------------------------------------------------------------------
                         required time                         -1.604    
                         arrival time                           1.871    
  -------------------------------------------------------------------
                         slack                                  0.267    

Slack (MET) :             0.267ns  (arrival time - required time)
  Source:                 db/counter_reg[18]/C
                            (rising edge-triggered cell FDRE clocked by sys_clk_pin  {rise@0.000ns fall@5.000ns period=10.000ns})
  Destination:            db/counter_reg[18]/D
                            (rising edge-triggered cell FDRE clocked by sys_clk_pin  {rise@0.000ns fall@5.000ns period=10.000ns})
  Path Group:             sys_clk_pin
  Path Type:              Hold (Min at Fast Process Corner)
  Requirement:            0.000ns  (sys_clk_pin rise@0.000ns - sys_clk_pin rise@0.000ns)
  Data Path Delay:        0.401ns  (logic 0.274ns (68.401%)  route 0.127ns (31.599%))
  Logic Levels:           1  (CARRY4=1)
  Clock Path Skew:        0.000ns (DCD - SCD - CPR)
    Destination Clock Delay (DCD):    1.980ns
    Source Clock Delay      (SCD):    1.468ns
    Clock Pessimism Removal (CPR):    0.512ns

    Location             Delay type                Incr(ns)  Path(ns)    Netlist Resource(s)
  -------------------------------------------------------------------    -------------------
                         (clock sys_clk_pin rise edge)
                                                      0.000     0.000 r  
    W5                                                0.000     0.000 r  clk (IN)
                         net (fo=0)                   0.000     0.000    clk
    W5                   IBUF (Prop_ibuf_I_O)         0.226     0.226 r  clk_IBUF_inst/O
                         net (fo=1, routed)           0.631     0.858    clk_IBUF
    BUFGCTRL_X0Y0        BUFG (Prop_bufg_I_O)         0.026     0.884 r  clk_IBUF_BUFG_inst/O
                         net (fo=50, routed)          0.585     1.468    db/clk_IBUF_BUFG
    SLICE_X2Y22          FDRE                                         r  db/counter_reg[18]/C
  -------------------------------------------------------------------    -------------------
    SLICE_X2Y22          FDRE (Prop_fdre_C_Q)         0.164     1.632 r  db/counter_reg[18]/Q
                         net (fo=3, routed)           0.127     1.759    db/counter_reg[18]
    SLICE_X2Y22          CARRY4 (Prop_carry4_S[2]_O[2])
                                                      0.110     1.869 r  db/counter_reg[16]_i_1/O[2]
                         net (fo=1, routed)           0.000     1.869    db/counter_reg[16]_i_1_n_5
    SLICE_X2Y22          FDRE                                         r  db/counter_reg[18]/D
  -------------------------------------------------------------------    -------------------

                         (clock sys_clk_pin rise edge)
                                                      0.000     0.000 r  
    W5                                                0.000     0.000 r  clk (IN)
                         net (fo=0)                   0.000     0.000    clk
    W5                   IBUF (Prop_ibuf_I_O)         0.414     0.414 r  clk_IBUF_inst/O
                         net (fo=1, routed)           0.685     1.099    clk_IBUF
    BUFGCTRL_X0Y0        BUFG (Prop_bufg_I_O)         0.029     1.128 r  clk_IBUF_BUFG_inst/O
                         net (fo=50, routed)          0.853     1.980    db/clk_IBUF_BUFG
    SLICE_X2Y22          FDRE                                         r  db/counter_reg[18]/C
                         clock pessimism             -0.512     1.468    
    SLICE_X2Y22          FDRE (Hold_fdre_C_D)         0.134     1.602    db/counter_reg[18]
  -------------------------------------------------------------------
                         required time                         -1.602    
                         arrival time                           1.869    
  -------------------------------------------------------------------
                         slack                                  0.267    

Slack (MET) :             0.270ns  (arrival time - required time)
  Source:                 sw_if/readData_reg[5]/C
                            (rising edge-triggered cell FDRE clocked by sys_clk_pin  {rise@0.000ns fall@5.000ns period=10.000ns})
  Destination:            led_if/led_reg_reg[3]/D
                            (rising edge-triggered cell FDRE clocked by sys_clk_pin  {rise@0.000ns fall@5.000ns period=10.000ns})
  Path Group:             sys_clk_pin
  Path Type:              Hold (Min at Fast Process Corner)
  Requirement:            0.000ns  (sys_clk_pin rise@0.000ns - sys_clk_pin rise@0.000ns)
  Data Path Delay:        0.390ns  (logic 0.212ns (54.314%)  route 0.178ns (45.686%))
  Logic Levels:           1  (LUT3=1)
  Clock Path Skew:        0.013ns (DCD - SCD - CPR)
    Destination Clock Delay (DCD):    1.985ns
    Source Clock Delay      (SCD):    1.473ns
    Clock Pessimism Removal (CPR):    0.499ns

    Location             Delay type                Incr(ns)  Path(ns)    Netlist Resource(s)
  -------------------------------------------------------------------    -------------------
                         (clock sys_clk_pin rise edge)
                                                      0.000     0.000 r  
    W5                                                0.000     0.000 r  clk (IN)
                         net (fo=0)                   0.000     0.000    clk
    W5                   IBUF (Prop_ibuf_I_O)         0.226     0.226 r  clk_IBUF_inst/O
                         net (fo=1, routed)           0.631     0.858    clk_IBUF
    BUFGCTRL_X0Y0        BUFG (Prop_bufg_I_O)         0.026     0.884 r  clk_IBUF_BUFG_inst/O
                         net (fo=50, routed)          0.590     1.473    sw_if/clk_IBUF_BUFG
    SLICE_X2Y16          FDRE                                         r  sw_if/readData_reg[5]/C
  -------------------------------------------------------------------    -------------------
    SLICE_X2Y16          FDRE (Prop_fdre_C_Q)         0.164     1.637 r  sw_if/readData_reg[5]/Q
                         net (fo=9, routed)           0.178     1.815    sw_if/readData[5]
    SLICE_X3Y17          LUT3 (Prop_lut3_I1_O)        0.048     1.863 r  sw_if/led_reg[3]_i_1/O
                         net (fo=1, routed)           0.000     1.863    led_if/D[2]
    SLICE_X3Y17          FDRE                                         r  led_if/led_reg_reg[3]/D
  -------------------------------------------------------------------    -------------------

                         (clock sys_clk_pin rise edge)
                                                      0.000     0.000 r  
    W5                                                0.000     0.000 r  clk (IN)
                         net (fo=0)                   0.000     0.000    clk
    W5                   IBUF (Prop_ibuf_I_O)         0.414     0.414 r  clk_IBUF_inst/O
                         net (fo=1, routed)           0.685     1.099    clk_IBUF
    BUFGCTRL_X0Y0        BUFG (Prop_bufg_I_O)         0.029     1.128 r  clk_IBUF_BUFG_inst/O
                         net (fo=50, routed)          0.858     1.985    led_if/clk_IBUF_BUFG
    SLICE_X3Y17          FDRE                                         r  led_if/led_reg_reg[3]/C
                         clock pessimism             -0.499     1.486    
    SLICE_X3Y17          FDRE (Hold_fdre_C_D)         0.107     1.593    led_if/led_reg_reg[3]
  -------------------------------------------------------------------
                         required time                         -1.593    
                         arrival time                           1.863    
  -------------------------------------------------------------------
                         slack                                  0.270    

Slack (MET) :             0.272ns  (arrival time - required time)
  Source:                 sw_if/readData_reg[8]/C
                            (rising edge-triggered cell FDRE clocked by sys_clk_pin  {rise@0.000ns fall@5.000ns period=10.000ns})
  Destination:            led_if/led_reg_reg[9]/D
                            (rising edge-triggered cell FDRE clocked by sys_clk_pin  {rise@0.000ns fall@5.000ns period=10.000ns})
  Path Group:             sys_clk_pin
  Path Type:              Hold (Min at Fast Process Corner)
  Requirement:            0.000ns  (sys_clk_pin rise@0.000ns - sys_clk_pin rise@0.000ns)
  Data Path Delay:        0.380ns  (logic 0.186ns (48.919%)  route 0.194ns (51.081%))
  Logic Levels:           1  (LUT6=1)
  Clock Path Skew:        0.016ns (DCD - SCD - CPR)
    Destination Clock Delay (DCD):    1.983ns
    Source Clock Delay      (SCD):    1.468ns
    Clock Pessimism Removal (CPR):    0.499ns

    Location             Delay type                Incr(ns)  Path(ns)    Netlist Resource(s)
  -------------------------------------------------------------------    -------------------
                         (clock sys_clk_pin rise edge)
                                                      0.000     0.000 r  
    W5                                                0.000     0.000 r  clk (IN)
                         net (fo=0)                   0.000     0.000    clk
    W5                   IBUF (Prop_ibuf_I_O)         0.226     0.226 r  clk_IBUF_inst/O
                         net (fo=1, routed)           0.631     0.858    clk_IBUF
    BUFGCTRL_X0Y0        BUFG (Prop_bufg_I_O)         0.026     0.884 r  clk_IBUF_BUFG_inst/O
                         net (fo=50, routed)          0.585     1.468    sw_if/clk_IBUF_BUFG
    SLICE_X5Y19          FDRE                                         r  sw_if/readData_reg[8]/C
  -------------------------------------------------------------------    -------------------
    SLICE_X5Y19          FDRE (Prop_fdre_C_Q)         0.141     1.609 r  sw_if/readData_reg[8]/Q
                         net (fo=5, routed)           0.194     1.803    sw_if/readData[8]
    SLICE_X4Y17          LUT6 (Prop_lut6_I0_O)        0.045     1.848 r  sw_if/led_reg[9]_i_1/O
                         net (fo=1, routed)           0.000     1.848    led_if/D[8]
    SLICE_X4Y17          FDRE                                         r  led_if/led_reg_reg[9]/D
  -------------------------------------------------------------------    -------------------

                         (clock sys_clk_pin rise edge)
                                                      0.000     0.000 r  
    W5                                                0.000     0.000 r  clk (IN)
                         net (fo=0)                   0.000     0.000    clk
    W5                   IBUF (Prop_ibuf_I_O)         0.414     0.414 r  clk_IBUF_inst/O
                         net (fo=1, routed)           0.685     1.099    clk_IBUF
    BUFGCTRL_X0Y0        BUFG (Prop_bufg_I_O)         0.029     1.128 r  clk_IBUF_BUFG_inst/O
                         net (fo=50, routed)          0.856     1.983    led_if/clk_IBUF_BUFG
    SLICE_X4Y17          FDRE                                         r  led_if/led_reg_reg[9]/C
                         clock pessimism             -0.499     1.484    
    SLICE_X4Y17          FDRE (Hold_fdre_C_D)         0.092     1.576    led_if/led_reg_reg[9]
  -------------------------------------------------------------------
                         required time                         -1.576    
                         arrival time                           1.848    
  -------------------------------------------------------------------
                         slack                                  0.272    

Slack (MET) :             0.274ns  (arrival time - required time)
  Source:                 sw_if/readData_reg[8]/C
                            (rising edge-triggered cell FDRE clocked by sys_clk_pin  {rise@0.000ns fall@5.000ns period=10.000ns})
  Destination:            led_if/led_reg_reg[6]/D
                            (rising edge-triggered cell FDRE clocked by sys_clk_pin  {rise@0.000ns fall@5.000ns period=10.000ns})
  Path Group:             sys_clk_pin
  Path Type:              Hold (Min at Fast Process Corner)
  Requirement:            0.000ns  (sys_clk_pin rise@0.000ns - sys_clk_pin rise@0.000ns)
  Data Path Delay:        0.381ns  (logic 0.186ns (48.791%)  route 0.195ns (51.209%))
  Logic Levels:           1  (LUT6=1)
  Clock Path Skew:        0.016ns (DCD - SCD - CPR)
    Destination Clock Delay (DCD):    1.983ns
    Source Clock Delay      (SCD):    1.468ns
    Clock Pessimism Removal (CPR):    0.499ns

    Location             Delay type                Incr(ns)  Path(ns)    Netlist Resource(s)
  -------------------------------------------------------------------    -------------------
                         (clock sys_clk_pin rise edge)
                                                      0.000     0.000 r  
    W5                                                0.000     0.000 r  clk (IN)
                         net (fo=0)                   0.000     0.000    clk
    W5                   IBUF (Prop_ibuf_I_O)         0.226     0.226 r  clk_IBUF_inst/O
                         net (fo=1, routed)           0.631     0.858    clk_IBUF
    BUFGCTRL_X0Y0        BUFG (Prop_bufg_I_O)         0.026     0.884 r  clk_IBUF_BUFG_inst/O
                         net (fo=50, routed)          0.585     1.468    sw_if/clk_IBUF_BUFG
    SLICE_X5Y19          FDRE                                         r  sw_if/readData_reg[8]/C
  -------------------------------------------------------------------    -------------------
    SLICE_X5Y19          FDRE (Prop_fdre_C_Q)         0.141     1.609 r  sw_if/readData_reg[8]/Q
                         net (fo=5, routed)           0.195     1.804    sw_if/readData[8]
    SLICE_X4Y17          LUT6 (Prop_lut6_I5_O)        0.045     1.849 r  sw_if/led_reg[6]_i_1/O
                         net (fo=1, routed)           0.000     1.849    led_if/D[5]
    SLICE_X4Y17          FDRE                                         r  led_if/led_reg_reg[6]/D
  -------------------------------------------------------------------    -------------------

                         (clock sys_clk_pin rise edge)
                                                      0.000     0.000 r  
    W5                                                0.000     0.000 r  clk (IN)
                         net (fo=0)                   0.000     0.000    clk
    W5                   IBUF (Prop_ibuf_I_O)         0.414     0.414 r  clk_IBUF_inst/O
                         net (fo=1, routed)           0.685     1.099    clk_IBUF
    BUFGCTRL_X0Y0        BUFG (Prop_bufg_I_O)         0.029     1.128 r  clk_IBUF_BUFG_inst/O
                         net (fo=50, routed)          0.856     1.983    led_if/clk_IBUF_BUFG
    SLICE_X4Y17          FDRE                                         r  led_if/led_reg_reg[6]/C
                         clock pessimism             -0.499     1.484    
    SLICE_X4Y17          FDRE (Hold_fdre_C_D)         0.091     1.575    led_if/led_reg_reg[6]
  -------------------------------------------------------------------
                         required time                         -1.575    
                         arrival time                           1.849    
  -------------------------------------------------------------------
                         slack                                  0.274    

Slack (MET) :             0.277ns  (arrival time - required time)
  Source:                 db/counter_reg[10]/C
                            (rising edge-triggered cell FDRE clocked by sys_clk_pin  {rise@0.000ns fall@5.000ns period=10.000ns})
  Destination:            db/counter_reg[10]/D
                            (rising edge-triggered cell FDRE clocked by sys_clk_pin  {rise@0.000ns fall@5.000ns period=10.000ns})
  Path Group:             sys_clk_pin
  Path Type:              Hold (Min at Fast Process Corner)
  Requirement:            0.000ns  (sys_clk_pin rise@0.000ns - sys_clk_pin rise@0.000ns)
  Data Path Delay:        0.411ns  (logic 0.274ns (66.734%)  route 0.137ns (33.266%))
  Logic Levels:           1  (CARRY4=1)
  Clock Path Skew:        0.000ns (DCD - SCD - CPR)
    Destination Clock Delay (DCD):    1.982ns
    Source Clock Delay      (SCD):    1.469ns
    Clock Pessimism Removal (CPR):    0.513ns

    Location             Delay type                Incr(ns)  Path(ns)    Netlist Resource(s)
  -------------------------------------------------------------------    -------------------
                         (clock sys_clk_pin rise edge)
                                                      0.000     0.000 r  
    W5                                                0.000     0.000 r  clk (IN)
                         net (fo=0)                   0.000     0.000    clk
    W5                   IBUF (Prop_ibuf_I_O)         0.226     0.226 r  clk_IBUF_inst/O
                         net (fo=1, routed)           0.631     0.858    clk_IBUF
    BUFGCTRL_X0Y0        BUFG (Prop_bufg_I_O)         0.026     0.884 r  clk_IBUF_BUFG_inst/O
                         net (fo=50, routed)          0.586     1.469    db/clk_IBUF_BUFG
    SLICE_X2Y20          FDRE                                         r  db/counter_reg[10]/C
  -------------------------------------------------------------------    -------------------
    SLICE_X2Y20          FDRE (Prop_fdre_C_Q)         0.164     1.633 r  db/counter_reg[10]/Q
                         net (fo=3, routed)           0.137     1.770    db/counter_reg[10]
    SLICE_X2Y20          CARRY4 (Prop_carry4_S[2]_O[2])
                                                      0.110     1.880 r  db/counter_reg[8]_i_1/O[2]
                         net (fo=1, routed)           0.000     1.880    db/counter_reg[8]_i_1_n_5
    SLICE_X2Y20          FDRE                                         r  db/counter_reg[10]/D
  -------------------------------------------------------------------    -------------------

                         (clock sys_clk_pin rise edge)
                                                      0.000     0.000 r  
    W5                                                0.000     0.000 r  clk (IN)
                         net (fo=0)                   0.000     0.000    clk
    W5                   IBUF (Prop_ibuf_I_O)         0.414     0.414 r  clk_IBUF_inst/O
                         net (fo=1, routed)           0.685     1.099    clk_IBUF
    BUFGCTRL_X0Y0        BUFG (Prop_bufg_I_O)         0.029     1.128 r  clk_IBUF_BUFG_inst/O
                         net (fo=50, routed)          0.855     1.982    db/clk_IBUF_BUFG
    SLICE_X2Y20          FDRE                                         r  db/counter_reg[10]/C
                         clock pessimism             -0.513     1.469    
    SLICE_X2Y20          FDRE (Hold_fdre_C_D)         0.134     1.603    db/counter_reg[10]
  -------------------------------------------------------------------
                         required time                         -1.603    
                         arrival time                           1.880    
  -------------------------------------------------------------------
                         slack                                  0.277    

Slack (MET) :             0.277ns  (arrival time - required time)
  Source:                 sw_if/readData_reg[7]/C
                            (rising edge-triggered cell FDRE clocked by sys_clk_pin  {rise@0.000ns fall@5.000ns period=10.000ns})
  Destination:            led_if/led_reg_reg[8]/D
                            (rising edge-triggered cell FDRE clocked by sys_clk_pin  {rise@0.000ns fall@5.000ns period=10.000ns})
  Path Group:             sys_clk_pin
  Path Type:              Hold (Min at Fast Process Corner)
  Requirement:            0.000ns  (sys_clk_pin rise@0.000ns - sys_clk_pin rise@0.000ns)
  Data Path Delay:        0.402ns  (logic 0.186ns (46.312%)  route 0.216ns (53.688%))
  Logic Levels:           1  (LUT6=1)
  Clock Path Skew:        0.033ns (DCD - SCD - CPR)
    Destination Clock Delay (DCD):    1.984ns
    Source Clock Delay      (SCD):    1.473ns
    Clock Pessimism Removal (CPR):    0.478ns

    Location             Delay type                Incr(ns)  Path(ns)    Netlist Resource(s)
  -------------------------------------------------------------------    -------------------
                         (clock sys_clk_pin rise edge)
                                                      0.000     0.000 r  
    W5                                                0.000     0.000 r  clk (IN)
                         net (fo=0)                   0.000     0.000    clk
    W5                   IBUF (Prop_ibuf_I_O)         0.226     0.226 r  clk_IBUF_inst/O
                         net (fo=1, routed)           0.631     0.858    clk_IBUF
    BUFGCTRL_X0Y0        BUFG (Prop_bufg_I_O)         0.026     0.884 r  clk_IBUF_BUFG_inst/O
                         net (fo=50, routed)          0.590     1.473    sw_if/clk_IBUF_BUFG
    SLICE_X3Y16          FDRE                                         r  sw_if/readData_reg[7]/C
  -------------------------------------------------------------------    -------------------
    SLICE_X3Y16          FDRE (Prop_fdre_C_Q)         0.141     1.614 r  sw_if/readData_reg[7]/Q
                         net (fo=4, routed)           0.216     1.830    sw_if/readData[7]
    SLICE_X4Y16          LUT6 (Prop_lut6_I4_O)        0.045     1.875 r  sw_if/led_reg[8]_i_1/O
                         net (fo=1, routed)           0.000     1.875    led_if/D[7]
    SLICE_X4Y16          FDRE                                         r  led_if/led_reg_reg[8]/D
  -------------------------------------------------------------------    -------------------

                         (clock sys_clk_pin rise edge)
                                                      0.000     0.000 r  
    W5                                                0.000     0.000 r  clk (IN)
                         net (fo=0)                   0.000     0.000    clk
    W5                   IBUF (Prop_ibuf_I_O)         0.414     0.414 r  clk_IBUF_inst/O
                         net (fo=1, routed)           0.685     1.099    clk_IBUF
    BUFGCTRL_X0Y0        BUFG (Prop_bufg_I_O)         0.029     1.128 r  clk_IBUF_BUFG_inst/O
                         net (fo=50, routed)          0.857     1.984    led_if/clk_IBUF_BUFG
    SLICE_X4Y16          FDRE                                         r  led_if/led_reg_reg[8]/C
                         clock pessimism             -0.478     1.506    
    SLICE_X4Y16          FDRE (Hold_fdre_C_D)         0.092     1.598    led_if/led_reg_reg[8]
  -------------------------------------------------------------------
                         required time                         -1.598    
                         arrival time                           1.875    
  -------------------------------------------------------------------
                         slack                                  0.277    





Pulse Width Checks
--------------------------------------------------------------------------------------
Clock Name:         sys_clk_pin
Waveform(ns):       { 0.000 5.000 }
Period(ns):         10.000
Sources:            { clk }

Check Type        Corner  Lib Pin  Reference Pin  Required(ns)  Actual(ns)  Slack(ns)  Location       Pin
Min Period        n/a     BUFG/I   n/a            2.155         10.000      7.845      BUFGCTRL_X0Y0  clk_IBUF_BUFG_inst/I
Min Period        n/a     FDRE/C   n/a            1.000         10.000      9.000      SLICE_X3Y18    FSM_onehot_state_reg[0]/C
Min Period        n/a     FDRE/C   n/a            1.000         10.000      9.000      SLICE_X3Y18    FSM_onehot_state_reg[1]/C
Min Period        n/a     FDRE/C   n/a            1.000         10.000      9.000      SLICE_X2Y17    FSM_onehot_state_reg[2]/C
Min Period        n/a     FDRE/C   n/a            1.000         10.000      9.000      SLICE_X3Y19    db/btn_out_reg/C
Min Period        n/a     FDRE/C   n/a            1.000         10.000      9.000      SLICE_X2Y18    db/counter_reg[0]/C
Min Period        n/a     FDRE/C   n/a            1.000         10.000      9.000      SLICE_X2Y20    db/counter_reg[10]/C
Min Period        n/a     FDRE/C   n/a            1.000         10.000      9.000      SLICE_X2Y20    db/counter_reg[11]/C
Min Period        n/a     FDRE/C   n/a            1.000         10.000      9.000      SLICE_X2Y21    db/counter_reg[12]/C
Min Period        n/a     FDRE/C   n/a            1.000         10.000      9.000      SLICE_X2Y21    db/counter_reg[13]/C
Low Pulse Width   Slow    FDRE/C   n/a            0.500         5.000       4.500      SLICE_X3Y18    FSM_onehot_state_reg[0]/C
Low Pulse Width   Slow    FDRE/C   n/a            0.500         5.000       4.500      SLICE_X3Y18    FSM_onehot_state_reg[1]/C
Low Pulse Width   Slow    FDRE/C   n/a            0.500         5.000       4.500      SLICE_X3Y19    db/btn_out_reg/C
Low Pulse Width   Slow    FDRE/C   n/a            0.500         5.000       4.500      SLICE_X2Y18    db/counter_reg[0]/C
Low Pulse Width   Slow    FDRE/C   n/a            0.500         5.000       4.500      SLICE_X2Y20    db/counter_reg[10]/C
Low Pulse Width   Slow    FDRE/C   n/a            0.500         5.000       4.500      SLICE_X2Y20    db/counter_reg[11]/C
Low Pulse Width   Slow    FDRE/C   n/a            0.500         5.000       4.500      SLICE_X2Y21    db/counter_reg[12]/C
Low Pulse Width   Fast    FDRE/C   n/a            0.500         5.000       4.500      SLICE_X2Y21    db/counter_reg[12]/C
Low Pulse Width   Slow    FDRE/C   n/a            0.500         5.000       4.500      SLICE_X2Y21    db/counter_reg[13]/C
Low Pulse Width   Fast    FDRE/C   n/a            0.500         5.000       4.500      SLICE_X2Y21    db/counter_reg[13]/C
High Pulse Width  Slow    FDRE/C   n/a            0.500         5.000       4.500      SLICE_X2Y17    FSM_onehot_state_reg[2]/C
High Pulse Width  Slow    FDRE/C   n/a            0.500         5.000       4.500      SLICE_X2Y22    db/counter_reg[16]/C
High Pulse Width  Slow    FDRE/C   n/a            0.500         5.000       4.500      SLICE_X2Y22    db/counter_reg[17]/C
High Pulse Width  Slow    FDRE/C   n/a            0.500         5.000       4.500      SLICE_X2Y22    db/counter_reg[18]/C
High Pulse Width  Slow    FDRE/C   n/a            0.500         5.000       4.500      SLICE_X2Y22    db/counter_reg[19]/C
High Pulse Width  Slow    FDRE/C   n/a            0.500         5.000       4.500      SLICE_X3Y17    led_if/led_reg_reg[0]/C
High Pulse Width  Slow    FDRE/C   n/a            0.500         5.000       4.500      SLICE_X3Y17    led_if/led_reg_reg[3]/C
High Pulse Width  Slow    FDRE/C   n/a            0.500         5.000       4.500      SLICE_X3Y17    led_if/led_reg_reg[4]/C
High Pulse Width  Slow    FDRE/C   n/a            0.500         5.000       4.500      SLICE_X3Y17    led_if/led_reg_reg[4]_lopt_replica/C
High Pulse Width  Slow    FDRE/C   n/a            0.500         5.000       4.500      SLICE_X3Y15    led_if/led_reg_reg[7]/C



