
*** Running vivado
    with args -log top_ALU.vds -m64 -product Vivado -mode batch -messageDb vivado.pb -notrace -source top_ALU.tcl



****** Vivado v2020.1 (64-bit)
  **** SW Build 2902540 on Wed May 27 19:54:49 MDT 2020
  **** IP Build 2902112 on Wed May 27 22:43:36 MDT 2020
    ** Copyright 1986-2020 Xilinx, Inc. All Rights Reserved.

source top_ALU.tcl -notrace
Command: synth_design -top top_ALU -part xc7a35tcpg236-1
Starting synth_design
Attempting to get a license for feature 'Synthesis' and/or device 'xc7a35t'
INFO: [Common 17-349] Got license for feature 'Synthesis' and/or device 'xc7a35t'
INFO: [Device 21-403] Loading part xc7a35tcpg236-1
INFO: [Synth 8-7079] Multithreading enabled for synth_design using a maximum of 2 processes.
INFO: [Synth 8-7078] Launching helper process for spawning children vivado processes
INFO: [Synth 8-7075] Helper process launched with PID 28756
ERROR: [Synth 8-1031] ALUResult is not declared [C:/Users/HP/Desktop/4th Sem/CA/lab_final_6/lab_final_6/lab_final_6.srcs/sources_1/new/alu.v:11]
ERROR: [Synth 8-1031] ALUResult is not declared [C:/Users/HP/Desktop/4th Sem/CA/lab_final_6/lab_final_6/lab_final_6.srcs/sources_1/new/alu.v:12]
ERROR: [Synth 8-1031] ALUResult is not declared [C:/Users/HP/Desktop/4th Sem/CA/lab_final_6/lab_final_6/lab_final_6.srcs/sources_1/new/alu.v:13]
ERROR: [Synth 8-1031] ALUResult is not declared [C:/Users/HP/Desktop/4th Sem/CA/lab_final_6/lab_final_6/lab_final_6.srcs/sources_1/new/alu.v:14]
ERROR: [Synth 8-1031] ALUResult is not declared [C:/Users/HP/Desktop/4th Sem/CA/lab_final_6/lab_final_6/lab_final_6.srcs/sources_1/new/alu.v:15]
ERROR: [Synth 8-1031] ALUResult is not declared [C:/Users/HP/Desktop/4th Sem/CA/lab_final_6/lab_final_6/lab_final_6.srcs/sources_1/new/alu.v:16]
ERROR: [Synth 8-1031] ALUResult is not declared [C:/Users/HP/Desktop/4th Sem/CA/lab_final_6/lab_final_6/lab_final_6.srcs/sources_1/new/alu.v:17]
ERROR: [Synth 8-1031] ALUResult is not declared [C:/Users/HP/Desktop/4th Sem/CA/lab_final_6/lab_final_6/lab_final_6.srcs/sources_1/new/alu.v:18]
ERROR: [Synth 8-1031] ALUResult is not declared [C:/Users/HP/Desktop/4th Sem/CA/lab_final_6/lab_final_6/lab_final_6.srcs/sources_1/new/alu.v:22]
INFO: [Synth 8-2350] module ALU ignored due to previous errors [C:/Users/HP/Desktop/4th Sem/CA/lab_final_6/lab_final_6/lab_final_6.srcs/sources_1/new/alu.v:2]
Failed to read verilog 'C:/Users/HP/Desktop/4th Sem/CA/lab_final_6/lab_final_6/lab_final_6.srcs/sources_1/new/alu.v'
INFO: [Common 17-83] Releasing license: Synthesis
7 Infos, 0 Warnings, 0 Critical Warnings and 10 Errors encountered.
synth_design failed
ERROR: [Common 17-69] Command failed: Synthesis failed - please see the console or run log file for details
INFO: [Common 17-206] Exiting Vivado at Thu Mar  5 20:32:18 2026...
