#-----------------------------------------------------------
# Vivado v2020.1 (64-bit)
# SW Build 2902540 on Wed May 27 19:54:49 MDT 2020
# IP Build 2902112 on Wed May 27 22:43:36 MDT 2020
# Start of session at: Thu Apr  2 20:42:55 2026
# Process ID: 23472
# Current directory: C:/Users/HP/Desktop/4th Sem/CA/Lab_9/Lab_9
# Command line: vivado.exe -gui_launcher_event rodinguilauncherevent21048 C:\Users\HP\Desktop\4th Sem\CA\Lab_9\Lab_9\Lab_9.xpr
# Log file: C:/Users/HP/Desktop/4th Sem/CA/Lab_9/Lab_9/vivado.log
# Journal file: C:/Users/HP/Desktop/4th Sem/CA/Lab_9/Lab_9\vivado.jou
#-----------------------------------------------------------
start_gui
open_project {C:/Users/HP/Desktop/4th Sem/CA/Lab_9/Lab_9/Lab_9.xpr}
INFO: [Project 1-313] Project file moved from 'C:/Users/ra10096/Documents/Lab_9' since last save.
Scanning sources...
Finished scanning sources
INFO: [IP_Flow 19-234] Refreshing IP repositories
INFO: [IP_Flow 19-1704] No user IP repositories specified
INFO: [IP_Flow 19-2313] Loaded Vivado IP repository 'C:/Xilinx/Vivado/2020.1/data/ip'.
open_project: Time (s): cpu = 00:00:22 ; elapsed = 00:00:14 . Memory (MB): peak = 1015.664 ; gain = 0.000
update_compile_order -fileset sources_1
launch_simulation
Command: launch_simulation 
INFO: [Vivado 12-5682] Launching behavioral simulation in 'C:/Users/HP/Desktop/4th Sem/CA/Lab_9/Lab_9/Lab_9.sim/sim_1/behav/xsim'
INFO: [SIM-utils-51] Simulation object is 'sim_1'
INFO: [SIM-utils-54] Inspecting design source files for 'ControlPath_tb' in fileset 'sim_1'...
INFO: [USF-XSim-97] Finding global include files...
INFO: [USF-XSim-98] Fetching design files from 'sim_1'...
INFO: [USF-XSim-2] XSim::Compile design
INFO: [USF-XSim-61] Executing 'COMPILE and ANALYZE' step in 'C:/Users/HP/Desktop/4th Sem/CA/Lab_9/Lab_9/Lab_9.sim/sim_1/behav/xsim'
"xvlog --incr --relax -prj ControlPath_tb_vlog.prj"
INFO: [VRFC 10-2263] Analyzing Verilog file "C:/Users/HP/Desktop/4th Sem/CA/Lab_9/Lab_9/Lab_9.srcs/sources_1/new/ALUControl.v" into library xil_defaultlib
INFO: [VRFC 10-311] analyzing module ALUControl
INFO: [VRFC 10-2263] Analyzing Verilog file "C:/Users/HP/Desktop/4th Sem/CA/Lab_9/Lab_9/Lab_9.srcs/sources_1/new/MainControl.v" into library xil_defaultlib
INFO: [VRFC 10-311] analyzing module MainControl
INFO: [VRFC 10-2263] Analyzing Verilog file "C:/Users/HP/Desktop/4th Sem/CA/Lab_9/Lab_9/Lab_9.srcs/sim_1/new/ControlPath_tb.v" into library xil_defaultlib
INFO: [VRFC 10-311] analyzing module ControlPath_tb
INFO: [VRFC 10-2263] Analyzing Verilog file "C:/Users/HP/Desktop/4th Sem/CA/Lab_9/Lab_9/Lab_9.sim/sim_1/behav/xsim/glbl.v" into library xil_defaultlib
INFO: [VRFC 10-311] analyzing module glbl
run_program: Time (s): cpu = 00:00:02 ; elapsed = 00:00:13 . Memory (MB): peak = 1015.664 ; gain = 0.000
INFO: [USF-XSim-69] 'compile' step finished in '12' seconds
INFO: [USF-XSim-3] XSim::Elaborate design
INFO: [USF-XSim-61] Executing 'ELABORATE' step in 'C:/Users/HP/Desktop/4th Sem/CA/Lab_9/Lab_9/Lab_9.sim/sim_1/behav/xsim'
"xelab -wto d515cd425f45450da758cf3bab00d6a3 --incr --debug typical --relax --mt 2 -L xil_defaultlib -L unisims_ver -L unimacro_ver -L secureip --snapshot ControlPath_tb_behav xil_defaultlib.ControlPath_tb xil_defaultlib.glbl -log elaborate.log"
Vivado Simulator 2020.1
Copyright 1986-1999, 2001-2020 Xilinx, Inc. All Rights Reserved.
Running: C:/Xilinx/Vivado/2020.1/bin/unwrapped/win64.o/xelab.exe -wto d515cd425f45450da758cf3bab00d6a3 --incr --debug typical --relax --mt 2 -L xil_defaultlib -L unisims_ver -L unimacro_ver -L secureip --snapshot ControlPath_tb_behav xil_defaultlib.ControlPath_tb xil_defaultlib.glbl -log elaborate.log 
Using 2 slave threads.
Starting static elaboration
Pass Through NonSizing Optimizer
Completed static elaboration
Starting simulation data flow analysis
Completed simulation data flow analysis
Time Resolution for simulation is 1ps
Compiling module xil_defaultlib.MainControl
Compiling module xil_defaultlib.ALUControl
Compiling module xil_defaultlib.ControlPath_tb
Compiling module xil_defaultlib.glbl
Built simulation snapshot ControlPath_tb_behav

****** Webtalk v2020.1 (64-bit)
  **** SW Build 2902540 on Wed May 27 19:54:49 MDT 2020
  **** IP Build 2902112 on Wed May 27 22:43:36 MDT 2020
    ** Copyright 1986-2020 Xilinx, Inc. All Rights Reserved.

source C:/Users/HP/Desktop/4th -notrace
couldn't read file "C:/Users/HP/Desktop/4th": no such file or directory
INFO: [Common 17-206] Exiting Webtalk at Thu Apr  2 20:57:20 2026...
run_program: Time (s): cpu = 00:00:00 ; elapsed = 00:00:17 . Memory (MB): peak = 1015.664 ; gain = 0.000
INFO: [USF-XSim-69] 'elaborate' step finished in '16' seconds
INFO: [USF-XSim-4] XSim::Simulate design
INFO: [USF-XSim-61] Executing 'SIMULATE' step in 'C:/Users/HP/Desktop/4th Sem/CA/Lab_9/Lab_9/Lab_9.sim/sim_1/behav/xsim'
INFO: [USF-XSim-98] *** Running xsim
   with args "ControlPath_tb_behav -key {Behavioral:sim_1:Functional:ControlPath_tb} -tclbatch {ControlPath_tb.tcl} -log {simulate.log}"
INFO: [USF-XSim-8] Loading simulator feature
Vivado Simulator 2020.1
Time resolution is 1 ps
source ControlPath_tb.tcl
# set curr_wave [current_wave_config]
# if { [string length $curr_wave] == 0 } {
#   if { [llength [get_objects]] > 0} {
#     add_wave /
#     set_property needs_save false [current_wave_config]
#   } else {
#      send_msg_id Add_Wave-1 WARNING "No top level signals found. Simulator will start without a wave window. If you want to open a wave window go to 'File->New Waveform Configuration' or type 'create_wave_config' in the TCL console."
#   }
# }
# run 1000ns
$finish called at time : 110 ns : File "C:/Users/HP/Desktop/4th Sem/CA/Lab_9/Lab_9/Lab_9.srcs/sim_1/new/ControlPath_tb.v" Line 67
xsim: Time (s): cpu = 00:00:09 ; elapsed = 00:00:06 . Memory (MB): peak = 1015.664 ; gain = 0.000
INFO: [USF-XSim-96] XSim completed. Design snapshot 'ControlPath_tb_behav' loaded.
INFO: [USF-XSim-97] XSim simulation ran for 1000ns
launch_simulation: Time (s): cpu = 00:00:14 ; elapsed = 00:00:38 . Memory (MB): peak = 1015.664 ; gain = 0.000
close_sim
INFO: [Simtcl 6-16] Simulation closed
close_sim: Time (s): cpu = 00:00:04 ; elapsed = 00:00:06 . Memory (MB): peak = 1015.664 ; gain = 0.000
set_property top TopLevel [get_filesets sim_1]
set_property top_lib xil_defaultlib [get_filesets sim_1]
update_compile_order -fileset sim_1
synth_design -rtl -name rtl_1
Command: synth_design -rtl -name rtl_1
Starting synth_design
Using part: xc7a35tcpg236-1
Top: TopLevel
INFO: [Device 21-403] Loading part xc7a35tcpg236-1
---------------------------------------------------------------------------------
Starting RTL Elaboration : Time (s): cpu = 00:00:06 ; elapsed = 00:00:07 . Memory (MB): peak = 1403.977 ; gain = 240.309
---------------------------------------------------------------------------------
INFO: [Synth 8-6157] synthesizing module 'TopLevel' [C:/Users/HP/Desktop/4th Sem/CA/Lab_9/Lab_9/Lab_9.srcs/sources_1/new/TopLevel.v:23]
	Parameter IDLE bound to: 2'b00 
	Parameter READ_SW bound to: 2'b01 
	Parameter UPDATE_LED bound to: 2'b10 
INFO: [Synth 8-6157] synthesizing module 'debouncer' [C:/Users/HP/Desktop/4th Sem/CA/Lab_9/Lab_9/Lab_9.srcs/sources_1/new/debouncer.v:23]
INFO: [Synth 8-6155] done synthesizing module 'debouncer' (1#1) [C:/Users/HP/Desktop/4th Sem/CA/Lab_9/Lab_9/Lab_9.srcs/sources_1/new/debouncer.v:23]
INFO: [Synth 8-6157] synthesizing module 'MainControl' [C:/Users/HP/Desktop/4th Sem/CA/Lab_9/Lab_9/Lab_9.srcs/sources_1/new/MainControl.v:23]
INFO: [Synth 8-6155] done synthesizing module 'MainControl' (2#1) [C:/Users/HP/Desktop/4th Sem/CA/Lab_9/Lab_9/Lab_9.srcs/sources_1/new/MainControl.v:23]
INFO: [Synth 8-6157] synthesizing module 'ALUControl' [C:/Users/HP/Desktop/4th Sem/CA/Lab_9/Lab_9/Lab_9.srcs/sources_1/new/ALUControl.v:22]
INFO: [Synth 8-226] default block is never used [C:/Users/HP/Desktop/4th Sem/CA/Lab_9/Lab_9/Lab_9.srcs/sources_1/new/ALUControl.v:30]
INFO: [Synth 8-6155] done synthesizing module 'ALUControl' (3#1) [C:/Users/HP/Desktop/4th Sem/CA/Lab_9/Lab_9/Lab_9.srcs/sources_1/new/ALUControl.v:22]
INFO: [Synth 8-6157] synthesizing module 'switches' [C:/Users/HP/Desktop/4th Sem/CA/Lab_9/Lab_9/Lab_9.srcs/sources_1/new/switches.v:23]
INFO: [Synth 8-6155] done synthesizing module 'switches' (4#1) [C:/Users/HP/Desktop/4th Sem/CA/Lab_9/Lab_9/Lab_9.srcs/sources_1/new/switches.v:23]
INFO: [Synth 8-6157] synthesizing module 'leds' [C:/Users/HP/Desktop/4th Sem/CA/Lab_9/Lab_9/Lab_9.srcs/sources_1/new/leds.v:23]
INFO: [Synth 8-6155] done synthesizing module 'leds' (5#1) [C:/Users/HP/Desktop/4th Sem/CA/Lab_9/Lab_9/Lab_9.srcs/sources_1/new/leds.v:23]
INFO: [Synth 8-6155] done synthesizing module 'TopLevel' (6#1) [C:/Users/HP/Desktop/4th Sem/CA/Lab_9/Lab_9/Lab_9.srcs/sources_1/new/TopLevel.v:23]
---------------------------------------------------------------------------------
Finished RTL Elaboration : Time (s): cpu = 00:00:07 ; elapsed = 00:00:09 . Memory (MB): peak = 1452.941 ; gain = 289.273
---------------------------------------------------------------------------------
---------------------------------------------------------------------------------
Start Handling Custom Attributes
---------------------------------------------------------------------------------
---------------------------------------------------------------------------------
Finished Handling Custom Attributes : Time (s): cpu = 00:00:08 ; elapsed = 00:00:10 . Memory (MB): peak = 1452.941 ; gain = 289.273
---------------------------------------------------------------------------------
---------------------------------------------------------------------------------
Finished RTL Optimization Phase 1 : Time (s): cpu = 00:00:08 ; elapsed = 00:00:10 . Memory (MB): peak = 1452.941 ; gain = 289.273
---------------------------------------------------------------------------------
Netlist sorting complete. Time (s): cpu = 00:00:00 ; elapsed = 00:00:00.002 . Memory (MB): peak = 1452.941 ; gain = 0.000
INFO: [Project 1-570] Preparing netlist for logic optimization

Processing XDC Constraints
Initializing timing engine
Parsing XDC File [C:/Users/HP/Desktop/4th Sem/CA/Lab_9/Lab_9/Lab_9.srcs/constrs_1/new/const.xdc]
Finished Parsing XDC File [C:/Users/HP/Desktop/4th Sem/CA/Lab_9/Lab_9/Lab_9.srcs/constrs_1/new/const.xdc]
Completed Processing XDC Constraints

INFO: [Opt 31-138] Pushed 0 inverter(s) to 0 load pin(s).
Netlist sorting complete. Time (s): cpu = 00:00:00 ; elapsed = 00:00:00 . Memory (MB): peak = 1555.125 ; gain = 0.000
INFO: [Project 1-111] Unisim Transformation Summary:
No Unisim elements were transformed.

RTL Elaboration Complete:  : Time (s): cpu = 00:00:26 ; elapsed = 00:00:19 . Memory (MB): peak = 1570.801 ; gain = 407.133
17 Infos, 0 Warnings, 0 Critical Warnings and 0 Errors encountered.
synth_design completed successfully
synth_design: Time (s): cpu = 00:00:39 ; elapsed = 00:00:58 . Memory (MB): peak = 1570.801 ; gain = 555.137
exit
INFO: [Common 17-206] Exiting Vivado at Thu Apr  2 21:04:27 2026...
